{"C:\\Users\\Simona\\Desktop\\RestaurantFrontend\\src\\test\\helpers.js":{"path":"C:\\Users\\Simona\\Desktop\\RestaurantFrontend\\src\\test\\helpers.js","statementMap":{"0":{"start":{"line":3,"column":29},"end":{"line":3,"column":84}},"1":{"start":{"line":5,"column":12},"end":{"line":5,"column":27}},"2":{"start":{"line":7,"column":14},"end":{"line":7,"column":55}},"3":{"start":{"line":9,"column":26},"end":{"line":9,"column":95}},"4":{"start":{"line":11,"column":0},"end":{"line":13,"column":3}},"5":{"start":{"line":15,"column":0},"end":{"line":15,"column":29}},"6":{"start":{"line":16,"column":0},"end":{"line":16,"column":37}},"7":{"start":{"line":17,"column":0},"end":{"line":17,"column":39}},"8":{"start":{"line":18,"column":0},"end":{"line":18,"column":41}}},"fnMap":{},"branchMap":{},"s":{"0":1,"1":1,"2":1,"3":1,"4":1,"5":1,"6":1,"7":1,"8":1},"f":{},"b":{},"inputSourceMap":{"version":3,"sources":["helpers.js"],"names":["Enzyme","configure","adapter","Adapter","global","expect","mount","render","shallow"],"mappings":";;;;AAAA;;AACA;;AACA;;AAEAA,gBAAOC,SAAP,CAAiB;AAAEC,EAAAA,OAAO,EAAE,IAAIC,2BAAJ;AAAX,CAAjB;;AAEAC,MAAM,CAACC,MAAP,GAAgBA,YAAhB;AAEAD,MAAM,CAACE,KAAP,GAAeN,gBAAOM,KAAtB;AACAF,MAAM,CAACG,MAAP,GAAgBP,gBAAOO,MAAvB;AACAH,MAAM,CAACI,OAAP,GAAiBR,gBAAOQ,OAAxB","sourceRoot":"C:\\Users\\Simona\\Desktop\\RestaurantFrontend\\src\\test\\","sourcesContent":["import { expect } from 'chai';\r\nimport Enzyme from 'enzyme';\r\nimport Adapter from '@wojtekmaj/enzyme-adapter-react-17';\r\n\r\nEnzyme.configure({ adapter: new Adapter() });\r\n\r\nglobal.expect = expect;\r\n\r\nglobal.mount = Enzyme.mount;\r\nglobal.render = Enzyme.render;\r\nglobal.shallow = Enzyme.shallow;\r\n\r\n\r\n"]},"_coverageSchema":"1a1c01bbd47fc00a2c39e90264f33305004495a9","hash":"cdf8bb515b5e7aeca2e676c4f689dd6ed9989f1f","contentHash":"0e6f60c189e685d4966e9608b6a16e581bf2d9e47bff1b1e63c1698e40e8d1bb"},"C:\\Users\\Simona\\Desktop\\RestaurantFrontend\\src\\test\\dom.js":{"path":"C:\\Users\\Simona\\Desktop\\RestaurantFrontend\\src\\test\\dom.js","statementMap":{"0":{"start":{"line":3,"column":29},"end":{"line":3,"column":84}},"1":{"start":{"line":5,"column":23},"end":{"line":5,"column":95}},"2":{"start":{"line":7,"column":13},"end":{"line":7,"column":29}},"3":{"start":{"line":9,"column":0},"end":{"line":9,"column":30}},"4":{"start":{"line":11,"column":54},"end":{"line":11,"column":73}},"5":{"start":{"line":11,"column":75},"end":{"line":11,"column":330}},"6":{"start":{"line":11,"column":125},"end":{"line":11,"column":161}},"7":{"start":{"line":11,"column":163},"end":{"line":11,"column":296}},"8":{"start":{"line":11,"column":185},"end":{"line":11,"column":294}},"9":{"start":{"line":11,"column":227},"end":{"line":11,"column":290}},"10":{"start":{"line":11,"column":297},"end":{"line":11,"column":328}},"11":{"start":{"line":11,"column":331},"end":{"line":11,"column":343}},"12":{"start":{"line":13,"column":33},"end":{"line":13,"column":531}},"13":{"start":{"line":13,"column":46},"end":{"line":13,"column":47}},"14":{"start":{"line":13,"column":91},"end":{"line":13,"column":131}},"15":{"start":{"line":13,"column":133},"end":{"line":13,"column":529}},"16":{"start":{"line":13,"column":146},"end":{"line":13,"column":261}},"17":{"start":{"line":13,"column":201},"end":{"line":13,"column":257}},"18":{"start":{"line":13,"column":269},"end":{"line":13,"column":529}},"19":{"start":{"line":13,"column":309},"end":{"line":13,"column":383}},"20":{"start":{"line":13,"column":393},"end":{"line":13,"column":527}},"21":{"start":{"line":13,"column":442},"end":{"line":13,"column":523}},"22":{"start":{"line":13,"column":532},"end":{"line":13,"column":546}},"23":{"start":{"line":15,"column":13},"end":{"line":17,"column":2}},"24":{"start":{"line":18,"column":13},"end":{"line":18,"column":26}},"25":{"start":{"line":21,"column":14},"end":{"line":25,"column":8}},"26":{"start":{"line":22,"column":4},"end":{"line":22,"column":47}},"27":{"start":{"line":24,"column":4},"end":{"line":24,"column":141}},"28":{"start":{"line":26,"column":2},"end":{"line":26,"column":41}},"29":{"start":{"line":29,"column":0},"end":{"line":29,"column":23}},"30":{"start":{"line":30,"column":0},"end":{"line":30,"column":34}},"31":{"start":{"line":31,"column":0},"end":{"line":31,"column":34}},"32":{"start":{"line":32,"column":0},"end":{"line":34,"column":2}},"33":{"start":{"line":35,"column":0},"end":{"line":35,"column":26}}},"fnMap":{"0":{"name":"ownKeys","decl":{"start":{"line":11,"column":9},"end":{"line":11,"column":16}},"loc":{"start":{"line":11,"column":41},"end":{"line":11,"column":345}},"line":11},"1":{"name":"(anonymous_1)","decl":{"start":{"line":11,"column":210},"end":{"line":11,"column":211}},"loc":{"start":{"line":11,"column":225},"end":{"line":11,"column":292}},"line":11},"2":{"name":"_objectSpread","decl":{"start":{"line":13,"column":9},"end":{"line":13,"column":22}},"loc":{"start":{"line":13,"column":31},"end":{"line":13,"column":548}},"line":13},"3":{"name":"(anonymous_3)","decl":{"start":{"line":13,"column":184},"end":{"line":13,"column":185}},"loc":{"start":{"line":13,"column":199},"end":{"line":13,"column":259}},"line":13},"4":{"name":"(anonymous_4)","decl":{"start":{"line":13,"column":425},"end":{"line":13,"column":426}},"loc":{"start":{"line":13,"column":440},"end":{"line":13,"column":525}},"line":13},"5":{"name":"copyProps","decl":{"start":{"line":20,"column":9},"end":{"line":20,"column":18}},"loc":{"start":{"line":20,"column":32},"end":{"line":27,"column":1}},"line":20},"6":{"name":"(anonymous_6)","decl":{"start":{"line":21,"column":53},"end":{"line":21,"column":54}},"loc":{"start":{"line":21,"column":69},"end":{"line":23,"column":3}},"line":21},"7":{"name":"(anonymous_7)","decl":{"start":{"line":23,"column":12},"end":{"line":23,"column":13}},"loc":{"start":{"line":23,"column":36},"end":{"line":25,"column":3}},"line":23}},"branchMap":{"0":{"loc":{"start":{"line":11,"column":75},"end":{"line":11,"column":330}},"type":"if","locations":[{"start":{"line":11,"column":75},"end":{"line":11,"column":330}},{"start":{"line":11,"column":75},"end":{"line":11,"column":330}}],"line":11},"1":{"loc":{"start":{"line":11,"column":163},"end":{"line":11,"column":296}},"type":"if","locations":[{"start":{"line":11,"column":163},"end":{"line":11,"column":296}},{"start":{"line":11,"column":163},"end":{"line":11,"column":296}}],"line":11},"2":{"loc":{"start":{"line":13,"column":91},"end":{"line":13,"column":131}},"type":"cond-expr","locations":[{"start":{"line":13,"column":114},"end":{"line":13,"column":126}},{"start":{"line":13,"column":129},"end":{"line":13,"column":131}}],"line":13},"3":{"loc":{"start":{"line":13,"column":133},"end":{"line":13,"column":529}},"type":"if","locations":[{"start":{"line":13,"column":133},"end":{"line":13,"column":529}},{"start":{"line":13,"column":133},"end":{"line":13,"column":529}}],"line":13},"4":{"loc":{"start":{"line":13,"column":269},"end":{"line":13,"column":529}},"type":"if","locations":[{"start":{"line":13,"column":269},"end":{"line":13,"column":529}},{"start":{"line":13,"column":269},"end":{"line":13,"column":529}}],"line":13}},"s":{"0":1,"1":1,"2":1,"3":1,"4":674,"5":674,"6":674,"7":674,"8":674,"9":0,"10":674,"11":674,"12":674,"13":674,"14":1011,"15":1011,"16":674,"17":56616,"18":337,"19":337,"20":0,"21":0,"22":674,"23":1,"24":1,"25":1,"26":411,"27":337,"28":1,"29":1,"30":1,"31":1,"32":1,"33":1},"f":{"0":674,"1":0,"2":674,"3":56616,"4":0,"5":1,"6":411,"7":337},"b":{"0":[674,0],"1":[674,0],"2":[1011,0],"3":[674,337],"4":[337,0]},"inputSourceMap":{"version":3,"sources":["dom.js"],"names":["JSDOM","url","window","copyProps","src","target","props","Object","getOwnPropertyNames","filter","prop","reduce","result","getOwnPropertyDescriptor","defineProperties","global","document","location","navigator","userAgent"],"mappings":";;;;;;AAAA;;AACA;;;;;;AAEA,aAAmB,IAAIA,YAAJ,CAAU,2CAAV,EAAsD;AACrEC,EAAAA,GAAG,EAAE;AADgE,CAAtD,CAAnB;AAAA,IAAQC,MAAR,UAAQA,MAAR;;AAIA,SAASC,SAAT,CAAmBC,GAAnB,EAAwBC,MAAxB,EAAgC;AAC5B,MAAMC,KAAK,GAAGC,MAAM,CAACC,mBAAP,CAA2BJ,GAA3B,EACTK,MADS,CACF,UAAAC,IAAI;AAAA,WAAI,OAAOL,MAAM,CAACK,IAAD,CAAb,KAAwB,WAA5B;AAAA,GADF,EAETC,MAFS,CAEF,UAACC,MAAD,EAASF,IAAT;AAAA,2CACDE,MADC,yCAEHF,IAFG,EAEIH,MAAM,CAACM,wBAAP,CAAgCT,GAAhC,EAAqCM,IAArC,CAFJ;AAAA,GAFE,EAKN,EALM,CAAd;AAMAH,EAAAA,MAAM,CAACO,gBAAP,CAAwBT,MAAxB,EAAgCC,KAAhC;AACH;;AAEDS,MAAM,CAACb,MAAP,GAAgBA,MAAhB;AACAa,MAAM,CAACC,QAAP,GAAkBd,MAAM,CAACc,QAAzB;AACAD,MAAM,CAACE,QAAP,GAAgBf,MAAM,CAACe,QAAvB;AACAF,MAAM,CAACG,SAAP,GAAmB;AACfC,EAAAA,SAAS,EAAE;AADI,CAAnB;AAIAhB,SAAS,CAACD,MAAD,EAASa,MAAT,CAAT","sourceRoot":"C:\\Users\\Simona\\Desktop\\RestaurantFrontend\\src\\test\\","sourcesContent":["import { JSDOM } from 'jsdom';\r\nimport 'mock-local-storage'\r\n\r\nconst { window } = new JSDOM('<!doctype html><html><body></body></html>',{\r\n    url: \"http://localhost:3000/\"\r\n});\r\n\r\nfunction copyProps(src, target) {\r\n    const props = Object.getOwnPropertyNames(src)\r\n        .filter(prop => typeof target[prop] === 'undefined')\r\n        .reduce((result, prop) => ({\r\n            ...result,\r\n            [prop]: Object.getOwnPropertyDescriptor(src, prop),\r\n        }), {});\r\n    Object.defineProperties(target, props);\r\n}\r\n\r\nglobal.window = window;\r\nglobal.document = window.document;\r\nglobal.location=window.location\r\nglobal.navigator = {\r\n    userAgent: 'node.js',\r\n};\r\n\r\ncopyProps(window, global);"]},"_coverageSchema":"1a1c01bbd47fc00a2c39e90264f33305004495a9","hash":"3e15f2122eae986be7eb6ddafbee2833b55040b8","contentHash":"3c0131d418cccd260b25b6a03095cc27da4855587c360bd611b75d228c799756"},"C:\\Users\\Simona\\Desktop\\RestaurantFrontend\\src\\components\\App\\App.js":{"path":"C:\\Users\\Simona\\Desktop\\RestaurantFrontend\\src\\components\\App\\App.js","statementMap":{"0":{"start":{"line":3,"column":29},"end":{"line":3,"column":84}},"1":{"start":{"line":5,"column":14},"end":{"line":5,"column":54}},"2":{"start":{"line":7,"column":0},"end":{"line":9,"column":3}},"3":{"start":{"line":10,"column":0},"end":{"line":10,"column":25}},"4":{"start":{"line":12,"column":23},"end":{"line":12,"column":95}},"5":{"start":{"line":14,"column":20},"end":{"line":14,"column":89}},"6":{"start":{"line":16,"column":30},"end":{"line":16,"column":109}},"7":{"start":{"line":18,"column":17},"end":{"line":18,"column":83}},"8":{"start":{"line":20,"column":34},"end":{"line":20,"column":117}},"9":{"start":{"line":22,"column":23},"end":{"line":22,"column":95}},"10":{"start":{"line":24,"column":23},"end":{"line":24,"column":95}},"11":{"start":{"line":26,"column":0},"end":{"line":26,"column":21}},"12":{"start":{"line":28,"column":13},"end":{"line":28,"column":54}},"13":{"start":{"line":30,"column":22},"end":{"line":30,"column":49}},"14":{"start":{"line":32,"column":29},"end":{"line":32,"column":100}},"15":{"start":{"line":34,"column":29},"end":{"line":34,"column":100}},"16":{"start":{"line":36,"column":25},"end":{"line":36,"column":92}},"17":{"start":{"line":38,"column":19},"end":{"line":38,"column":80}},"18":{"start":{"line":40,"column":20},"end":{"line":40,"column":82}},"19":{"start":{"line":42,"column":23},"end":{"line":42,"column":88}},"20":{"start":{"line":44,"column":14},"end":{"line":44,"column":65}},"21":{"start":{"line":46,"column":14},"end":{"line":46,"column":65}},"22":{"start":{"line":48,"column":12},"end":{"line":48,"column":59}},"23":{"start":{"line":50,"column":13},"end":{"line":50,"column":62}},"24":{"start":{"line":52,"column":16},"end":{"line":52,"column":71}},"25":{"start":{"line":54,"column":24},"end":{"line":54,"column":91}},"26":{"start":{"line":56,"column":23},"end":{"line":56,"column":89}},"27":{"start":{"line":58,"column":24},"end":{"line":58,"column":91}},"28":{"start":{"line":60,"column":22},"end":{"line":60,"column":86}},"29":{"start":{"line":62,"column":21},"end":{"line":62,"column":84}},"30":{"start":{"line":64,"column":22},"end":{"line":64,"column":86}},"31":{"start":{"line":66,"column":16},"end":{"line":66,"column":67}},"32":{"start":{"line":68,"column":15},"end":{"line":68,"column":65}},"33":{"start":{"line":70,"column":19},"end":{"line":70,"column":73}},"34":{"start":{"line":72,"column":16},"end":{"line":72,"column":67}},"35":{"start":{"line":74,"column":20},"end":{"line":74,"column":83}},"36":{"start":{"line":76,"column":21},"end":{"line":76,"column":85}},"37":{"start":{"line":78,"column":17},"end":{"line":78,"column":71}},"38":{"start":{"line":80,"column":22},"end":{"line":80,"column":85}},"39":{"start":{"line":82,"column":15},"end":{"line":82,"column":65}},"40":{"start":{"line":84,"column":20},"end":{"line":84,"column":81}},"41":{"start":{"line":86,"column":49},"end":{"line":86,"column":96}},"42":{"start":{"line":86,"column":84},"end":{"line":86,"column":96}},"43":{"start":{"line":86,"column":121},"end":{"line":86,"column":134}},"44":{"start":{"line":86,"column":159},"end":{"line":86,"column":172}},"45":{"start":{"line":86,"column":174},"end":{"line":86,"column":333}},"46":{"start":{"line":86,"column":258},"end":{"line":86,"column":316}},"47":{"start":{"line":88,"column":53},"end":{"line":88,"column":111}},"48":{"start":{"line":88,"column":98},"end":{"line":88,"column":109}},"49":{"start":{"line":88,"column":112},"end":{"line":88,"column":216}},"50":{"start":{"line":88,"column":190},"end":{"line":88,"column":214}},"51":{"start":{"line":88,"column":229},"end":{"line":88,"column":266}},"52":{"start":{"line":88,"column":268},"end":{"line":88,"column":323}},"53":{"start":{"line":88,"column":299},"end":{"line":88,"column":321}},"54":{"start":{"line":88,"column":337},"end":{"line":88,"column":339}},"55":{"start":{"line":88,"column":369},"end":{"line":88,"column":425}},"56":{"start":{"line":88,"column":427},"end":{"line":88,"column":728}},"57":{"start":{"line":88,"column":450},"end":{"line":88,"column":726}},"58":{"start":{"line":88,"column":536},"end":{"line":88,"column":608}},"59":{"start":{"line":88,"column":610},"end":{"line":88,"column":724}},"60":{"start":{"line":88,"column":648},"end":{"line":88,"column":689}},"61":{"start":{"line":88,"column":699},"end":{"line":88,"column":722}},"62":{"start":{"line":88,"column":729},"end":{"line":88,"column":750}},"63":{"start":{"line":88,"column":751},"end":{"line":88,"column":789}},"64":{"start":{"line":88,"column":764},"end":{"line":88,"column":787}},"65":{"start":{"line":88,"column":790},"end":{"line":88,"column":804}},"66":{"start":{"line":90,"column":65},"end":{"line":90,"column":92}},"67":{"start":{"line":90,"column":94},"end":{"line":90,"column":465}},"68":{"start":{"line":90,"column":147},"end":{"line":90,"column":185}},"69":{"start":{"line":90,"column":195},"end":{"line":90,"column":399}},"70":{"start":{"line":90,"column":244},"end":{"line":90,"column":291}},"71":{"start":{"line":90,"column":293},"end":{"line":90,"column":349}},"72":{"start":{"line":90,"column":359},"end":{"line":90,"column":397}},"73":{"start":{"line":90,"column":400},"end":{"line":90,"column":462}},"74":{"start":{"line":92,"column":39},"end":{"line":92,"column":110}},"75":{"start":{"line":92,"column":97},"end":{"line":92,"column":110}},"76":{"start":{"line":92,"column":111},"end":{"line":92,"column":152}},"77":{"start":{"line":92,"column":139},"end":{"line":92,"column":152}},"78":{"start":{"line":92,"column":153},"end":{"line":92,"column":198}},"79":{"start":{"line":92,"column":186},"end":{"line":92,"column":198}},"80":{"start":{"line":92,"column":199},"end":{"line":92,"column":327}},"81":{"start":{"line":92,"column":205},"end":{"line":92,"column":284}},"82":{"start":{"line":92,"column":285},"end":{"line":92,"column":297}},"83":{"start":{"line":92,"column":312},"end":{"line":92,"column":325}},"84":{"start":{"line":94,"column":23},"end":{"line":620,"column":19}},"85":{"start":{"line":95,"column":2},"end":{"line":95,"column":43}},"86":{"start":{"line":97,"column":15},"end":{"line":97,"column":32}},"87":{"start":{"line":102,"column":4},"end":{"line":102,"column":45}},"88":{"start":{"line":103,"column":4},"end":{"line":103,"column":37}},"89":{"start":{"line":104,"column":4},"end":{"line":119,"column":7}},"90":{"start":{"line":105,"column":6},"end":{"line":118,"column":9}},"91":{"start":{"line":106,"column":8},"end":{"line":108,"column":11}},"92":{"start":{"line":110,"column":8},"end":{"line":110,"column":46}},"93":{"start":{"line":112,"column":26},"end":{"line":112,"column":73}},"94":{"start":{"line":114,"column":8},"end":{"line":114,"column":59}},"95":{"start":{"line":116,"column":8},"end":{"line":116,"column":57}},"96":{"start":{"line":120,"column":4},"end":{"line":127,"column":7}},"97":{"start":{"line":121,"column":6},"end":{"line":123,"column":9}},"98":{"start":{"line":122,"column":8},"end":{"line":122,"column":35}},"99":{"start":{"line":125,"column":6},"end":{"line":125,"column":52}},"100":{"start":{"line":126,"column":6},"end":{"line":126,"column":44}},"101":{"start":{"line":128,"column":4},"end":{"line":133,"column":7}},"102":{"start":{"line":129,"column":6},"end":{"line":129,"column":46}},"103":{"start":{"line":131,"column":6},"end":{"line":131,"column":42}},"104":{"start":{"line":134,"column":4},"end":{"line":140,"column":7}},"105":{"start":{"line":135,"column":6},"end":{"line":139,"column":9}},"106":{"start":{"line":136,"column":8},"end":{"line":138,"column":11}},"107":{"start":{"line":141,"column":4},"end":{"line":145,"column":7}},"108":{"start":{"line":142,"column":6},"end":{"line":144,"column":9}},"109":{"start":{"line":143,"column":8},"end":{"line":143,"column":41}},"110":{"start":{"line":146,"column":4},"end":{"line":152,"column":7}},"111":{"start":{"line":147,"column":6},"end":{"line":151,"column":9}},"112":{"start":{"line":148,"column":8},"end":{"line":150,"column":11}},"113":{"start":{"line":153,"column":4},"end":{"line":159,"column":7}},"114":{"start":{"line":154,"column":6},"end":{"line":158,"column":9}},"115":{"start":{"line":155,"column":8},"end":{"line":157,"column":11}},"116":{"start":{"line":160,"column":4},"end":{"line":164,"column":7}},"117":{"start":{"line":161,"column":6},"end":{"line":163,"column":9}},"118":{"start":{"line":162,"column":8},"end":{"line":162,"column":35}},"119":{"start":{"line":165,"column":4},"end":{"line":169,"column":7}},"120":{"start":{"line":166,"column":6},"end":{"line":168,"column":9}},"121":{"start":{"line":167,"column":8},"end":{"line":167,"column":35}},"122":{"start":{"line":170,"column":4},"end":{"line":174,"column":7}},"123":{"start":{"line":171,"column":6},"end":{"line":173,"column":9}},"124":{"start":{"line":172,"column":8},"end":{"line":172,"column":35}},"125":{"start":{"line":175,"column":4},"end":{"line":181,"column":7}},"126":{"start":{"line":176,"column":6},"end":{"line":180,"column":9}},"127":{"start":{"line":177,"column":8},"end":{"line":179,"column":11}},"128":{"start":{"line":182,"column":4},"end":{"line":188,"column":7}},"129":{"start":{"line":183,"column":6},"end":{"line":187,"column":9}},"130":{"start":{"line":184,"column":8},"end":{"line":186,"column":11}},"131":{"start":{"line":189,"column":4},"end":{"line":193,"column":7}},"132":{"start":{"line":190,"column":6},"end":{"line":192,"column":9}},"133":{"start":{"line":191,"column":8},"end":{"line":191,"column":32}},"134":{"start":{"line":194,"column":4},"end":{"line":198,"column":7}},"135":{"start":{"line":195,"column":6},"end":{"line":197,"column":9}},"136":{"start":{"line":196,"column":8},"end":{"line":196,"column":32}},"137":{"start":{"line":199,"column":4},"end":{"line":203,"column":7}},"138":{"start":{"line":200,"column":6},"end":{"line":202,"column":9}},"139":{"start":{"line":201,"column":8},"end":{"line":201,"column":32}},"140":{"start":{"line":204,"column":4},"end":{"line":210,"column":7}},"141":{"start":{"line":205,"column":6},"end":{"line":209,"column":9}},"142":{"start":{"line":206,"column":8},"end":{"line":208,"column":11}},"143":{"start":{"line":211,"column":4},"end":{"line":219,"column":7}},"144":{"start":{"line":212,"column":6},"end":{"line":218,"column":9}},"145":{"start":{"line":213,"column":8},"end":{"line":215,"column":11}},"146":{"start":{"line":217,"column":8},"end":{"line":217,"column":55}},"147":{"start":{"line":220,"column":4},"end":{"line":228,"column":7}},"148":{"start":{"line":221,"column":6},"end":{"line":227,"column":9}},"149":{"start":{"line":222,"column":8},"end":{"line":224,"column":11}},"150":{"start":{"line":226,"column":8},"end":{"line":226,"column":51}},"151":{"start":{"line":229,"column":4},"end":{"line":233,"column":7}},"152":{"start":{"line":230,"column":6},"end":{"line":232,"column":9}},"153":{"start":{"line":231,"column":8},"end":{"line":231,"column":33}},"154":{"start":{"line":234,"column":4},"end":{"line":238,"column":7}},"155":{"start":{"line":235,"column":6},"end":{"line":237,"column":9}},"156":{"start":{"line":236,"column":8},"end":{"line":236,"column":33}},"157":{"start":{"line":239,"column":4},"end":{"line":243,"column":7}},"158":{"start":{"line":240,"column":6},"end":{"line":242,"column":9}},"159":{"start":{"line":241,"column":8},"end":{"line":241,"column":33}},"160":{"start":{"line":244,"column":4},"end":{"line":250,"column":7}},"161":{"start":{"line":245,"column":6},"end":{"line":249,"column":9}},"162":{"start":{"line":246,"column":8},"end":{"line":248,"column":11}},"163":{"start":{"line":251,"column":4},"end":{"line":257,"column":7}},"164":{"start":{"line":252,"column":6},"end":{"line":256,"column":9}},"165":{"start":{"line":253,"column":8},"end":{"line":255,"column":11}},"166":{"start":{"line":258,"column":4},"end":{"line":264,"column":7}},"167":{"start":{"line":259,"column":6},"end":{"line":263,"column":9}},"168":{"start":{"line":260,"column":8},"end":{"line":262,"column":11}},"169":{"start":{"line":265,"column":4},"end":{"line":271,"column":7}},"170":{"start":{"line":266,"column":6},"end":{"line":270,"column":9}},"171":{"start":{"line":267,"column":8},"end":{"line":269,"column":11}},"172":{"start":{"line":272,"column":4},"end":{"line":276,"column":7}},"173":{"start":{"line":273,"column":6},"end":{"line":275,"column":9}},"174":{"start":{"line":274,"column":8},"end":{"line":274,"column":37}},"175":{"start":{"line":277,"column":4},"end":{"line":281,"column":7}},"176":{"start":{"line":278,"column":6},"end":{"line":280,"column":9}},"177":{"start":{"line":279,"column":8},"end":{"line":279,"column":37}},"178":{"start":{"line":282,"column":4},"end":{"line":290,"column":7}},"179":{"start":{"line":283,"column":6},"end":{"line":289,"column":9}},"180":{"start":{"line":284,"column":8},"end":{"line":286,"column":11}},"181":{"start":{"line":288,"column":8},"end":{"line":288,"column":52}},"182":{"start":{"line":291,"column":4},"end":{"line":297,"column":7}},"183":{"start":{"line":292,"column":6},"end":{"line":296,"column":9}},"184":{"start":{"line":293,"column":8},"end":{"line":295,"column":11}},"185":{"start":{"line":298,"column":4},"end":{"line":304,"column":7}},"186":{"start":{"line":299,"column":6},"end":{"line":303,"column":9}},"187":{"start":{"line":300,"column":8},"end":{"line":302,"column":11}},"188":{"start":{"line":305,"column":4},"end":{"line":309,"column":7}},"189":{"start":{"line":306,"column":6},"end":{"line":308,"column":9}},"190":{"start":{"line":307,"column":8},"end":{"line":307,"column":70}},"191":{"start":{"line":310,"column":4},"end":{"line":316,"column":7}},"192":{"start":{"line":311,"column":6},"end":{"line":315,"column":9}},"193":{"start":{"line":312,"column":8},"end":{"line":312,"column":70}},"194":{"start":{"line":314,"column":8},"end":{"line":314,"column":71}},"195":{"start":{"line":317,"column":4},"end":{"line":323,"column":7}},"196":{"start":{"line":318,"column":6},"end":{"line":322,"column":9}},"197":{"start":{"line":319,"column":8},"end":{"line":319,"column":70}},"198":{"start":{"line":321,"column":8},"end":{"line":321,"column":71}},"199":{"start":{"line":324,"column":4},"end":{"line":330,"column":7}},"200":{"start":{"line":325,"column":6},"end":{"line":329,"column":9}},"201":{"start":{"line":326,"column":8},"end":{"line":326,"column":70}},"202":{"start":{"line":328,"column":8},"end":{"line":328,"column":71}},"203":{"start":{"line":331,"column":4},"end":{"line":337,"column":7}},"204":{"start":{"line":332,"column":6},"end":{"line":336,"column":9}},"205":{"start":{"line":333,"column":8},"end":{"line":335,"column":11}},"206":{"start":{"line":338,"column":4},"end":{"line":342,"column":7}},"207":{"start":{"line":339,"column":6},"end":{"line":341,"column":9}},"208":{"start":{"line":340,"column":8},"end":{"line":340,"column":39}},"209":{"start":{"line":343,"column":4},"end":{"line":353,"column":7}},"210":{"start":{"line":344,"column":6},"end":{"line":352,"column":9}},"211":{"start":{"line":345,"column":8},"end":{"line":347,"column":11}},"212":{"start":{"line":351,"column":8},"end":{"line":351,"column":54}},"213":{"start":{"line":354,"column":4},"end":{"line":358,"column":7}},"214":{"start":{"line":355,"column":6},"end":{"line":357,"column":9}},"215":{"start":{"line":356,"column":8},"end":{"line":356,"column":47}},"216":{"start":{"line":359,"column":4},"end":{"line":376,"column":6}},"217":{"start":{"line":377,"column":4},"end":{"line":377,"column":17}},"218":{"start":{"line":380,"column":2},"end":{"line":618,"column":6}},"219":{"start":{"line":383,"column":19},"end":{"line":383,"column":23}},"220":{"start":{"line":385,"column":6},"end":{"line":586,"column":78}},"221":{"start":{"line":393,"column":10},"end":{"line":396,"column":13}},"222":{"start":{"line":402,"column":10},"end":{"line":404,"column":13}},"223":{"start":{"line":410,"column":10},"end":{"line":412,"column":13}},"224":{"start":{"line":418,"column":10},"end":{"line":421,"column":13}},"225":{"start":{"line":427,"column":10},"end":{"line":429,"column":13}},"226":{"start":{"line":435,"column":10},"end":{"line":438,"column":13}},"227":{"start":{"line":444,"column":10},"end":{"line":448,"column":13}},"228":{"start":{"line":454,"column":10},"end":{"line":456,"column":13}},"229":{"start":{"line":462,"column":10},"end":{"line":465,"column":13}},"230":{"start":{"line":471,"column":10},"end":{"line":475,"column":13}},"231":{"start":{"line":481,"column":10},"end":{"line":488,"column":13}},"232":{"start":{"line":494,"column":10},"end":{"line":498,"column":13}},"233":{"start":{"line":504,"column":10},"end":{"line":509,"column":13}},"234":{"start":{"line":515,"column":10},"end":{"line":522,"column":13}},"235":{"start":{"line":528,"column":10},"end":{"line":535,"column":13}},"236":{"start":{"line":541,"column":10},"end":{"line":548,"column":13}},"237":{"start":{"line":554,"column":10},"end":{"line":560,"column":13}},"238":{"start":{"line":566,"column":10},"end":{"line":569,"column":13}},"239":{"start":{"line":575,"column":10},"end":{"line":578,"column":13}},"240":{"start":{"line":584,"column":10},"end":{"line":584,"column":88}},"241":{"start":{"line":592,"column":6},"end":{"line":592,"column":32}},"242":{"start":{"line":593,"column":6},"end":{"line":593,"column":29}},"243":{"start":{"line":594,"column":6},"end":{"line":594,"column":30}},"244":{"start":{"line":595,"column":6},"end":{"line":595,"column":33}},"245":{"start":{"line":596,"column":6},"end":{"line":596,"column":36}},"246":{"start":{"line":597,"column":6},"end":{"line":597,"column":44}},"247":{"start":{"line":599,"column":24},"end":{"line":599,"column":71}},"248":{"start":{"line":601,"column":6},"end":{"line":609,"column":7}},"249":{"start":{"line":602,"column":8},"end":{"line":604,"column":11}},"250":{"start":{"line":605,"column":8},"end":{"line":605,"column":56}},"251":{"start":{"line":606,"column":8},"end":{"line":606,"column":56}},"252":{"start":{"line":607,"column":8},"end":{"line":607,"column":52}},"253":{"start":{"line":611,"column":27},"end":{"line":611,"column":81}},"254":{"start":{"line":612,"column":6},"end":{"line":612,"column":105}},"255":{"start":{"line":613,"column":19},"end":{"line":613,"column":69}},"256":{"start":{"line":614,"column":6},"end":{"line":614,"column":78}},"257":{"start":{"line":615,"column":20},"end":{"line":615,"column":71}},"258":{"start":{"line":616,"column":6},"end":{"line":616,"column":81}},"259":{"start":{"line":619,"column":2},"end":{"line":619,"column":13}},"260":{"start":{"line":622,"column":15},"end":{"line":622,"column":18}},"261":{"start":{"line":623,"column":0},"end":{"line":623,"column":27}}},"fnMap":{"0":{"name":"_getRequireWildcardCache","decl":{"start":{"line":86,"column":9},"end":{"line":86,"column":33}},"loc":{"start":{"line":86,"column":47},"end":{"line":86,"column":335}},"line":86},"1":{"name":"_getRequireWildcardCache","decl":{"start":{"line":86,"column":218},"end":{"line":86,"column":242}},"loc":{"start":{"line":86,"column":256},"end":{"line":86,"column":318}},"line":86},"2":{"name":"_interopRequireWildcard","decl":{"start":{"line":88,"column":9},"end":{"line":88,"column":32}},"loc":{"start":{"line":88,"column":51},"end":{"line":88,"column":806}},"line":88},"3":{"name":"_createSuper","decl":{"start":{"line":90,"column":9},"end":{"line":90,"column":21}},"loc":{"start":{"line":90,"column":31},"end":{"line":90,"column":467}},"line":90},"4":{"name":"_createSuperInternal","decl":{"start":{"line":90,"column":110},"end":{"line":90,"column":130}},"loc":{"start":{"line":90,"column":133},"end":{"line":90,"column":464}},"line":90},"5":{"name":"_isNativeReflectConstruct","decl":{"start":{"line":92,"column":9},"end":{"line":92,"column":34}},"loc":{"start":{"line":92,"column":37},"end":{"line":92,"column":329}},"line":92},"6":{"name":"(anonymous_6)","decl":{"start":{"line":92,"column":267},"end":{"line":92,"column":268}},"loc":{"start":{"line":92,"column":279},"end":{"line":92,"column":281}},"line":92},"7":{"name":"(anonymous_7)","decl":{"start":{"line":94,"column":23},"end":{"line":94,"column":24}},"loc":{"start":{"line":94,"column":45},"end":{"line":620,"column":1}},"line":94},"8":{"name":"App","decl":{"start":{"line":99,"column":11},"end":{"line":99,"column":14}},"loc":{"start":{"line":99,"column":22},"end":{"line":378,"column":3}},"line":99},"9":{"name":"(anonymous_9)","decl":{"start":{"line":104,"column":92},"end":{"line":104,"column":93}},"loc":{"start":{"line":104,"column":122},"end":{"line":119,"column":5}},"line":104},"10":{"name":"(anonymous_10)","decl":{"start":{"line":105,"column":72},"end":{"line":105,"column":73}},"loc":{"start":{"line":105,"column":84},"end":{"line":118,"column":7}},"line":105},"11":{"name":"(anonymous_11)","decl":{"start":{"line":120,"column":95},"end":{"line":120,"column":96}},"loc":{"start":{"line":120,"column":180},"end":{"line":127,"column":5}},"line":120},"12":{"name":"(anonymous_12)","decl":{"start":{"line":121,"column":130},"end":{"line":121,"column":131}},"loc":{"start":{"line":121,"column":142},"end":{"line":123,"column":7}},"line":121},"13":{"name":"(anonymous_13)","decl":{"start":{"line":128,"column":93},"end":{"line":128,"column":94}},"loc":{"start":{"line":128,"column":105},"end":{"line":133,"column":5}},"line":128},"14":{"name":"(anonymous_14)","decl":{"start":{"line":134,"column":99},"end":{"line":134,"column":100}},"loc":{"start":{"line":134,"column":119},"end":{"line":140,"column":5}},"line":134},"15":{"name":"(anonymous_15)","decl":{"start":{"line":135,"column":69},"end":{"line":135,"column":70}},"loc":{"start":{"line":135,"column":85},"end":{"line":139,"column":7}},"line":135},"16":{"name":"(anonymous_16)","decl":{"start":{"line":141,"column":94},"end":{"line":141,"column":95}},"loc":{"start":{"line":141,"column":134},"end":{"line":145,"column":5}},"line":141},"17":{"name":"(anonymous_17)","decl":{"start":{"line":142,"column":85},"end":{"line":142,"column":86}},"loc":{"start":{"line":142,"column":97},"end":{"line":144,"column":7}},"line":142},"18":{"name":"(anonymous_18)","decl":{"start":{"line":146,"column":101},"end":{"line":146,"column":102}},"loc":{"start":{"line":146,"column":113},"end":{"line":152,"column":5}},"line":146},"19":{"name":"(anonymous_19)","decl":{"start":{"line":147,"column":65},"end":{"line":147,"column":66}},"loc":{"start":{"line":147,"column":81},"end":{"line":151,"column":7}},"line":147},"20":{"name":"(anonymous_20)","decl":{"start":{"line":153,"column":98},"end":{"line":153,"column":99}},"loc":{"start":{"line":153,"column":112},"end":{"line":159,"column":5}},"line":153},"21":{"name":"(anonymous_21)","decl":{"start":{"line":154,"column":69},"end":{"line":154,"column":70}},"loc":{"start":{"line":154,"column":85},"end":{"line":158,"column":7}},"line":154},"22":{"name":"(anonymous_22)","decl":{"start":{"line":160,"column":98},"end":{"line":160,"column":99}},"loc":{"start":{"line":160,"column":124},"end":{"line":164,"column":5}},"line":160},"23":{"name":"(anonymous_23)","decl":{"start":{"line":161,"column":77},"end":{"line":161,"column":78}},"loc":{"start":{"line":161,"column":89},"end":{"line":163,"column":7}},"line":161},"24":{"name":"(anonymous_24)","decl":{"start":{"line":165,"column":99},"end":{"line":165,"column":100}},"loc":{"start":{"line":165,"column":129},"end":{"line":169,"column":5}},"line":165},"25":{"name":"(anonymous_25)","decl":{"start":{"line":166,"column":79},"end":{"line":166,"column":80}},"loc":{"start":{"line":166,"column":91},"end":{"line":168,"column":7}},"line":166},"26":{"name":"(anonymous_26)","decl":{"start":{"line":170,"column":101},"end":{"line":170,"column":102}},"loc":{"start":{"line":170,"column":115},"end":{"line":174,"column":5}},"line":170},"27":{"name":"(anonymous_27)","decl":{"start":{"line":171,"column":65},"end":{"line":171,"column":66}},"loc":{"start":{"line":171,"column":77},"end":{"line":173,"column":7}},"line":171},"28":{"name":"(anonymous_28)","decl":{"start":{"line":175,"column":98},"end":{"line":175,"column":99}},"loc":{"start":{"line":175,"column":110},"end":{"line":181,"column":5}},"line":175},"29":{"name":"(anonymous_29)","decl":{"start":{"line":176,"column":58},"end":{"line":176,"column":59}},"loc":{"start":{"line":176,"column":74},"end":{"line":180,"column":7}},"line":176},"30":{"name":"(anonymous_30)","decl":{"start":{"line":182,"column":96},"end":{"line":182,"column":97}},"loc":{"start":{"line":182,"column":110},"end":{"line":188,"column":5}},"line":182},"31":{"name":"(anonymous_31)","decl":{"start":{"line":183,"column":60},"end":{"line":183,"column":61}},"loc":{"start":{"line":183,"column":76},"end":{"line":187,"column":7}},"line":183},"32":{"name":"(anonymous_32)","decl":{"start":{"line":189,"column":96},"end":{"line":189,"column":97}},"loc":{"start":{"line":189,"column":122},"end":{"line":193,"column":5}},"line":189},"33":{"name":"(anonymous_33)","decl":{"start":{"line":190,"column":71},"end":{"line":190,"column":72}},"loc":{"start":{"line":190,"column":83},"end":{"line":192,"column":7}},"line":190},"34":{"name":"(anonymous_34)","decl":{"start":{"line":194,"column":97},"end":{"line":194,"column":98}},"loc":{"start":{"line":194,"column":127},"end":{"line":198,"column":5}},"line":194},"35":{"name":"(anonymous_35)","decl":{"start":{"line":195,"column":73},"end":{"line":195,"column":74}},"loc":{"start":{"line":195,"column":85},"end":{"line":197,"column":7}},"line":195},"36":{"name":"(anonymous_36)","decl":{"start":{"line":199,"column":99},"end":{"line":199,"column":100}},"loc":{"start":{"line":199,"column":113},"end":{"line":203,"column":5}},"line":199},"37":{"name":"(anonymous_37)","decl":{"start":{"line":200,"column":59},"end":{"line":200,"column":60}},"loc":{"start":{"line":200,"column":71},"end":{"line":202,"column":7}},"line":200},"38":{"name":"(anonymous_38)","decl":{"start":{"line":204,"column":99},"end":{"line":204,"column":100}},"loc":{"start":{"line":204,"column":111},"end":{"line":210,"column":5}},"line":204},"39":{"name":"(anonymous_39)","decl":{"start":{"line":205,"column":43},"end":{"line":205,"column":44}},"loc":{"start":{"line":205,"column":59},"end":{"line":209,"column":7}},"line":205},"40":{"name":"(anonymous_40)","decl":{"start":{"line":211,"column":108},"end":{"line":211,"column":109}},"loc":{"start":{"line":211,"column":122},"end":{"line":219,"column":5}},"line":211},"41":{"name":"(anonymous_41)","decl":{"start":{"line":212,"column":57},"end":{"line":212,"column":58}},"loc":{"start":{"line":212,"column":73},"end":{"line":218,"column":7}},"line":212},"42":{"name":"(anonymous_42)","decl":{"start":{"line":220,"column":97},"end":{"line":220,"column":98}},"loc":{"start":{"line":220,"column":111},"end":{"line":228,"column":5}},"line":220},"43":{"name":"(anonymous_43)","decl":{"start":{"line":221,"column":54},"end":{"line":221,"column":55}},"loc":{"start":{"line":221,"column":70},"end":{"line":227,"column":7}},"line":221},"44":{"name":"(anonymous_44)","decl":{"start":{"line":229,"column":99},"end":{"line":229,"column":100}},"loc":{"start":{"line":229,"column":179},"end":{"line":233,"column":5}},"line":229},"45":{"name":"(anonymous_45)","decl":{"start":{"line":230,"column":119},"end":{"line":230,"column":120}},"loc":{"start":{"line":230,"column":131},"end":{"line":232,"column":7}},"line":230},"46":{"name":"(anonymous_46)","decl":{"start":{"line":234,"column":99},"end":{"line":234,"column":100}},"loc":{"start":{"line":234,"column":183},"end":{"line":238,"column":5}},"line":234},"47":{"name":"(anonymous_47)","decl":{"start":{"line":235,"column":125},"end":{"line":235,"column":126}},"loc":{"start":{"line":235,"column":137},"end":{"line":237,"column":7}},"line":235},"48":{"name":"(anonymous_48)","decl":{"start":{"line":239,"column":101},"end":{"line":239,"column":102}},"loc":{"start":{"line":239,"column":115},"end":{"line":243,"column":5}},"line":239},"49":{"name":"(anonymous_49)","decl":{"start":{"line":240,"column":47},"end":{"line":240,"column":48}},"loc":{"start":{"line":240,"column":59},"end":{"line":242,"column":7}},"line":240},"50":{"name":"(anonymous_50)","decl":{"start":{"line":244,"column":96},"end":{"line":244,"column":97}},"loc":{"start":{"line":244,"column":108},"end":{"line":250,"column":5}},"line":244},"51":{"name":"(anonymous_51)","decl":{"start":{"line":245,"column":48},"end":{"line":245,"column":49}},"loc":{"start":{"line":245,"column":64},"end":{"line":249,"column":7}},"line":245},"52":{"name":"(anonymous_52)","decl":{"start":{"line":251,"column":103},"end":{"line":251,"column":104}},"loc":{"start":{"line":251,"column":123},"end":{"line":257,"column":5}},"line":251},"53":{"name":"(anonymous_53)","decl":{"start":{"line":252,"column":63},"end":{"line":252,"column":64}},"loc":{"start":{"line":252,"column":79},"end":{"line":256,"column":7}},"line":252},"54":{"name":"(anonymous_54)","decl":{"start":{"line":258,"column":105},"end":{"line":258,"column":106}},"loc":{"start":{"line":258,"column":117},"end":{"line":264,"column":5}},"line":258},"55":{"name":"(anonymous_55)","decl":{"start":{"line":259,"column":58},"end":{"line":259,"column":59}},"loc":{"start":{"line":259,"column":74},"end":{"line":263,"column":7}},"line":259},"56":{"name":"(anonymous_56)","decl":{"start":{"line":265,"column":105},"end":{"line":265,"column":106}},"loc":{"start":{"line":265,"column":117},"end":{"line":271,"column":5}},"line":265},"57":{"name":"(anonymous_57)","decl":{"start":{"line":266,"column":58},"end":{"line":266,"column":59}},"loc":{"start":{"line":266,"column":74},"end":{"line":270,"column":7}},"line":266},"58":{"name":"(anonymous_58)","decl":{"start":{"line":272,"column":94},"end":{"line":272,"column":95}},"loc":{"start":{"line":272,"column":108},"end":{"line":276,"column":5}},"line":272},"59":{"name":"(anonymous_59)","decl":{"start":{"line":273,"column":49},"end":{"line":273,"column":50}},"loc":{"start":{"line":273,"column":61},"end":{"line":275,"column":7}},"line":273},"60":{"name":"(anonymous_60)","decl":{"start":{"line":277,"column":94},"end":{"line":277,"column":95}},"loc":{"start":{"line":277,"column":114},"end":{"line":281,"column":5}},"line":277},"61":{"name":"(anonymous_61)","decl":{"start":{"line":278,"column":55},"end":{"line":278,"column":56}},"loc":{"start":{"line":278,"column":67},"end":{"line":280,"column":7}},"line":278},"62":{"name":"(anonymous_62)","decl":{"start":{"line":282,"column":101},"end":{"line":282,"column":102}},"loc":{"start":{"line":282,"column":115},"end":{"line":290,"column":5}},"line":282},"63":{"name":"(anonymous_63)","decl":{"start":{"line":283,"column":56},"end":{"line":283,"column":57}},"loc":{"start":{"line":283,"column":72},"end":{"line":289,"column":7}},"line":283},"64":{"name":"(anonymous_64)","decl":{"start":{"line":291,"column":104},"end":{"line":291,"column":105}},"loc":{"start":{"line":291,"column":124},"end":{"line":297,"column":5}},"line":291},"65":{"name":"(anonymous_65)","decl":{"start":{"line":292,"column":65},"end":{"line":292,"column":66}},"loc":{"start":{"line":292,"column":81},"end":{"line":296,"column":7}},"line":292},"66":{"name":"(anonymous_66)","decl":{"start":{"line":298,"column":102},"end":{"line":298,"column":103}},"loc":{"start":{"line":298,"column":114},"end":{"line":304,"column":5}},"line":298},"67":{"name":"(anonymous_67)","decl":{"start":{"line":299,"column":55},"end":{"line":299,"column":56}},"loc":{"start":{"line":299,"column":71},"end":{"line":303,"column":7}},"line":299},"68":{"name":"(anonymous_68)","decl":{"start":{"line":305,"column":102},"end":{"line":305,"column":103}},"loc":{"start":{"line":305,"column":130},"end":{"line":309,"column":5}},"line":305},"69":{"name":"(anonymous_69)","decl":{"start":{"line":306,"column":106},"end":{"line":306,"column":107}},"loc":{"start":{"line":306,"column":118},"end":{"line":308,"column":7}},"line":306},"70":{"name":"(anonymous_70)","decl":{"start":{"line":310,"column":104},"end":{"line":310,"column":105}},"loc":{"start":{"line":310,"column":118},"end":{"line":316,"column":5}},"line":310},"71":{"name":"(anonymous_71)","decl":{"start":{"line":311,"column":59},"end":{"line":311,"column":60}},"loc":{"start":{"line":311,"column":71},"end":{"line":315,"column":7}},"line":311},"72":{"name":"(anonymous_72)","decl":{"start":{"line":317,"column":105},"end":{"line":317,"column":106}},"loc":{"start":{"line":317,"column":119},"end":{"line":323,"column":5}},"line":317},"73":{"name":"(anonymous_73)","decl":{"start":{"line":318,"column":60},"end":{"line":318,"column":61}},"loc":{"start":{"line":318,"column":72},"end":{"line":322,"column":7}},"line":318},"74":{"name":"(anonymous_74)","decl":{"start":{"line":324,"column":107},"end":{"line":324,"column":108}},"loc":{"start":{"line":324,"column":121},"end":{"line":330,"column":5}},"line":324},"75":{"name":"(anonymous_75)","decl":{"start":{"line":325,"column":62},"end":{"line":325,"column":63}},"loc":{"start":{"line":325,"column":74},"end":{"line":329,"column":7}},"line":325},"76":{"name":"(anonymous_76)","decl":{"start":{"line":331,"column":103},"end":{"line":331,"column":104}},"loc":{"start":{"line":331,"column":123},"end":{"line":337,"column":5}},"line":331},"77":{"name":"(anonymous_77)","decl":{"start":{"line":332,"column":64},"end":{"line":332,"column":65}},"loc":{"start":{"line":332,"column":80},"end":{"line":336,"column":7}},"line":332},"78":{"name":"(anonymous_78)","decl":{"start":{"line":338,"column":100},"end":{"line":338,"column":101}},"loc":{"start":{"line":338,"column":128},"end":{"line":342,"column":5}},"line":338},"79":{"name":"(anonymous_79)","decl":{"start":{"line":339,"column":72},"end":{"line":339,"column":73}},"loc":{"start":{"line":339,"column":84},"end":{"line":341,"column":7}},"line":339},"80":{"name":"(anonymous_80)","decl":{"start":{"line":343,"column":113},"end":{"line":343,"column":114}},"loc":{"start":{"line":343,"column":125},"end":{"line":353,"column":5}},"line":343},"81":{"name":"(anonymous_81)","decl":{"start":{"line":344,"column":69},"end":{"line":344,"column":70}},"loc":{"start":{"line":344,"column":85},"end":{"line":352,"column":7}},"line":344},"82":{"name":"(anonymous_82)","decl":{"start":{"line":354,"column":97},"end":{"line":354,"column":98}},"loc":{"start":{"line":354,"column":111},"end":{"line":358,"column":5}},"line":354},"83":{"name":"(anonymous_83)","decl":{"start":{"line":355,"column":57},"end":{"line":355,"column":58}},"loc":{"start":{"line":355,"column":69},"end":{"line":357,"column":7}},"line":355},"84":{"name":"render","decl":{"start":{"line":382,"column":20},"end":{"line":382,"column":26}},"loc":{"start":{"line":382,"column":29},"end":{"line":587,"column":5}},"line":382},"85":{"name":"render","decl":{"start":{"line":392,"column":25},"end":{"line":392,"column":31}},"loc":{"start":{"line":392,"column":34},"end":{"line":397,"column":9}},"line":392},"86":{"name":"render","decl":{"start":{"line":401,"column":25},"end":{"line":401,"column":31}},"loc":{"start":{"line":401,"column":34},"end":{"line":405,"column":9}},"line":401},"87":{"name":"render","decl":{"start":{"line":409,"column":25},"end":{"line":409,"column":31}},"loc":{"start":{"line":409,"column":34},"end":{"line":413,"column":9}},"line":409},"88":{"name":"render","decl":{"start":{"line":417,"column":25},"end":{"line":417,"column":31}},"loc":{"start":{"line":417,"column":34},"end":{"line":422,"column":9}},"line":417},"89":{"name":"render","decl":{"start":{"line":426,"column":25},"end":{"line":426,"column":31}},"loc":{"start":{"line":426,"column":34},"end":{"line":430,"column":9}},"line":426},"90":{"name":"render","decl":{"start":{"line":434,"column":25},"end":{"line":434,"column":31}},"loc":{"start":{"line":434,"column":34},"end":{"line":439,"column":9}},"line":434},"91":{"name":"render","decl":{"start":{"line":443,"column":25},"end":{"line":443,"column":31}},"loc":{"start":{"line":443,"column":34},"end":{"line":449,"column":9}},"line":443},"92":{"name":"render","decl":{"start":{"line":453,"column":25},"end":{"line":453,"column":31}},"loc":{"start":{"line":453,"column":34},"end":{"line":457,"column":9}},"line":453},"93":{"name":"render","decl":{"start":{"line":461,"column":25},"end":{"line":461,"column":31}},"loc":{"start":{"line":461,"column":34},"end":{"line":466,"column":9}},"line":461},"94":{"name":"render","decl":{"start":{"line":470,"column":25},"end":{"line":470,"column":31}},"loc":{"start":{"line":470,"column":34},"end":{"line":476,"column":9}},"line":470},"95":{"name":"render","decl":{"start":{"line":480,"column":25},"end":{"line":480,"column":31}},"loc":{"start":{"line":480,"column":34},"end":{"line":489,"column":9}},"line":480},"96":{"name":"render","decl":{"start":{"line":493,"column":25},"end":{"line":493,"column":31}},"loc":{"start":{"line":493,"column":34},"end":{"line":499,"column":9}},"line":493},"97":{"name":"render","decl":{"start":{"line":503,"column":25},"end":{"line":503,"column":31}},"loc":{"start":{"line":503,"column":34},"end":{"line":510,"column":9}},"line":503},"98":{"name":"render","decl":{"start":{"line":514,"column":25},"end":{"line":514,"column":31}},"loc":{"start":{"line":514,"column":34},"end":{"line":523,"column":9}},"line":514},"99":{"name":"render","decl":{"start":{"line":527,"column":25},"end":{"line":527,"column":31}},"loc":{"start":{"line":527,"column":34},"end":{"line":536,"column":9}},"line":527},"100":{"name":"render","decl":{"start":{"line":540,"column":25},"end":{"line":540,"column":31}},"loc":{"start":{"line":540,"column":34},"end":{"line":549,"column":9}},"line":540},"101":{"name":"render","decl":{"start":{"line":553,"column":25},"end":{"line":553,"column":31}},"loc":{"start":{"line":553,"column":34},"end":{"line":561,"column":9}},"line":553},"102":{"name":"render","decl":{"start":{"line":565,"column":25},"end":{"line":565,"column":31}},"loc":{"start":{"line":565,"column":34},"end":{"line":570,"column":9}},"line":565},"103":{"name":"render","decl":{"start":{"line":574,"column":25},"end":{"line":574,"column":31}},"loc":{"start":{"line":574,"column":34},"end":{"line":579,"column":9}},"line":574},"104":{"name":"render","decl":{"start":{"line":583,"column":25},"end":{"line":583,"column":31}},"loc":{"start":{"line":583,"column":34},"end":{"line":585,"column":9}},"line":583},"105":{"name":"componentDidMount","decl":{"start":{"line":590,"column":20},"end":{"line":590,"column":37}},"loc":{"start":{"line":590,"column":40},"end":{"line":617,"column":5}},"line":590}},"branchMap":{"0":{"loc":{"start":{"line":86,"column":49},"end":{"line":86,"column":96}},"type":"if","locations":[{"start":{"line":86,"column":49},"end":{"line":86,"column":96}},{"start":{"line":86,"column":49},"end":{"line":86,"column":96}}],"line":86},"1":{"loc":{"start":{"line":86,"column":265},"end":{"line":86,"column":315}},"type":"cond-expr","locations":[{"start":{"line":86,"column":279},"end":{"line":86,"column":295}},{"start":{"line":86,"column":298},"end":{"line":86,"column":315}}],"line":86},"2":{"loc":{"start":{"line":88,"column":53},"end":{"line":88,"column":111}},"type":"if","locations":[{"start":{"line":88,"column":53},"end":{"line":88,"column":111}},{"start":{"line":88,"column":53},"end":{"line":88,"column":111}}],"line":88},"3":{"loc":{"start":{"line":88,"column":57},"end":{"line":88,"column":94}},"type":"binary-expr","locations":[{"start":{"line":88,"column":57},"end":{"line":88,"column":69}},{"start":{"line":88,"column":73},"end":{"line":88,"column":76}},{"start":{"line":88,"column":80},"end":{"line":88,"column":94}}],"line":88},"4":{"loc":{"start":{"line":88,"column":112},"end":{"line":88,"column":216}},"type":"if","locations":[{"start":{"line":88,"column":112},"end":{"line":88,"column":216}},{"start":{"line":88,"column":112},"end":{"line":88,"column":216}}],"line":88},"5":{"loc":{"start":{"line":88,"column":116},"end":{"line":88,"column":186}},"type":"binary-expr","locations":[{"start":{"line":88,"column":116},"end":{"line":88,"column":128}},{"start":{"line":88,"column":132},"end":{"line":88,"column":157}},{"start":{"line":88,"column":161},"end":{"line":88,"column":186}}],"line":88},"6":{"loc":{"start":{"line":88,"column":268},"end":{"line":88,"column":323}},"type":"if","locations":[{"start":{"line":88,"column":268},"end":{"line":88,"column":323}},{"start":{"line":88,"column":268},"end":{"line":88,"column":323}}],"line":88},"7":{"loc":{"start":{"line":88,"column":272},"end":{"line":88,"column":295}},"type":"binary-expr","locations":[{"start":{"line":88,"column":272},"end":{"line":88,"column":277}},{"start":{"line":88,"column":281},"end":{"line":88,"column":295}}],"line":88},"8":{"loc":{"start":{"line":88,"column":369},"end":{"line":88,"column":425}},"type":"binary-expr","locations":[{"start":{"line":88,"column":369},"end":{"line":88,"column":390}},{"start":{"line":88,"column":394},"end":{"line":88,"column":425}}],"line":88},"9":{"loc":{"start":{"line":88,"column":450},"end":{"line":88,"column":726}},"type":"if","locations":[{"start":{"line":88,"column":450},"end":{"line":88,"column":726}},{"start":{"line":88,"column":450},"end":{"line":88,"column":726}}],"line":88},"10":{"loc":{"start":{"line":88,"column":454},"end":{"line":88,"column":521}},"type":"binary-expr","locations":[{"start":{"line":88,"column":454},"end":{"line":88,"column":471}},{"start":{"line":88,"column":475},"end":{"line":88,"column":521}}],"line":88},"11":{"loc":{"start":{"line":88,"column":536},"end":{"line":88,"column":608}},"type":"cond-expr","locations":[{"start":{"line":88,"column":560},"end":{"line":88,"column":601}},{"start":{"line":88,"column":604},"end":{"line":88,"column":608}}],"line":88},"12":{"loc":{"start":{"line":88,"column":610},"end":{"line":88,"column":724}},"type":"if","locations":[{"start":{"line":88,"column":610},"end":{"line":88,"column":724}},{"start":{"line":88,"column":610},"end":{"line":88,"column":724}}],"line":88},"13":{"loc":{"start":{"line":88,"column":614},"end":{"line":88,"column":644}},"type":"binary-expr","locations":[{"start":{"line":88,"column":614},"end":{"line":88,"column":618}},{"start":{"line":88,"column":623},"end":{"line":88,"column":631}},{"start":{"line":88,"column":635},"end":{"line":88,"column":643}}],"line":88},"14":{"loc":{"start":{"line":88,"column":751},"end":{"line":88,"column":789}},"type":"if","locations":[{"start":{"line":88,"column":751},"end":{"line":88,"column":789}},{"start":{"line":88,"column":751},"end":{"line":88,"column":789}}],"line":88},"15":{"loc":{"start":{"line":90,"column":195},"end":{"line":90,"column":399}},"type":"if","locations":[{"start":{"line":90,"column":195},"end":{"line":90,"column":399}},{"start":{"line":90,"column":195},"end":{"line":90,"column":399}}],"line":90},"16":{"loc":{"start":{"line":92,"column":39},"end":{"line":92,"column":110}},"type":"if","locations":[{"start":{"line":92,"column":39},"end":{"line":92,"column":110}},{"start":{"line":92,"column":39},"end":{"line":92,"column":110}}],"line":92},"17":{"loc":{"start":{"line":92,"column":43},"end":{"line":92,"column":95}},"type":"binary-expr","locations":[{"start":{"line":92,"column":43},"end":{"line":92,"column":73}},{"start":{"line":92,"column":77},"end":{"line":92,"column":95}}],"line":92},"18":{"loc":{"start":{"line":92,"column":111},"end":{"line":92,"column":152}},"type":"if","locations":[{"start":{"line":92,"column":111},"end":{"line":92,"column":152}},{"start":{"line":92,"column":111},"end":{"line":92,"column":152}}],"line":92},"19":{"loc":{"start":{"line":92,"column":153},"end":{"line":92,"column":198}},"type":"if","locations":[{"start":{"line":92,"column":153},"end":{"line":92,"column":198}},{"start":{"line":92,"column":153},"end":{"line":92,"column":198}}],"line":92},"20":{"loc":{"start":{"line":601,"column":6},"end":{"line":609,"column":7}},"type":"if","locations":[{"start":{"line":601,"column":6},"end":{"line":609,"column":7}},{"start":{"line":601,"column":6},"end":{"line":609,"column":7}}],"line":601},"21":{"loc":{"start":{"line":612,"column":6},"end":{"line":612,"column":104}},"type":"cond-expr","locations":[{"start":{"line":612,"column":32},"end":{"line":612,"column":78}},{"start":{"line":612,"column":81},"end":{"line":612,"column":104}}],"line":612},"22":{"loc":{"start":{"line":614,"column":6},"end":{"line":614,"column":77}},"type":"cond-expr","locations":[{"start":{"line":614,"column":24},"end":{"line":614,"column":51}},{"start":{"line":614,"column":54},"end":{"line":614,"column":77}}],"line":614},"23":{"loc":{"start":{"line":616,"column":6},"end":{"line":616,"column":80}},"type":"cond-expr","locations":[{"start":{"line":616,"column":25},"end":{"line":616,"column":57}},{"start":{"line":616,"column":60},"end":{"line":616,"column":80}}],"line":616}},"s":{"0":1,"1":1,"2":1,"3":1,"4":1,"5":1,"6":1,"7":1,"8":1,"9":1,"10":1,"11":1,"12":1,"13":1,"14":1,"15":1,"16":1,"17":1,"18":1,"19":1,"20":1,"21":1,"22":1,"23":1,"24":1,"25":1,"26":1,"27":1,"28":1,"29":1,"30":1,"31":1,"32":1,"33":1,"34":1,"35":1,"36":1,"37":1,"38":1,"39":1,"40":1,"41":1,"42":0,"43":1,"44":1,"45":1,"46":1,"47":1,"48":0,"49":1,"50":0,"51":1,"52":1,"53":0,"54":1,"55":1,"56":1,"57":28,"58":28,"59":28,"60":0,"61":28,"62":1,"63":1,"64":1,"65":1,"66":1,"67":1,"68":1,"69":1,"70":1,"71":1,"72":0,"73":1,"74":1,"75":0,"76":1,"77":0,"78":1,"79":1,"80":0,"81":0,"82":0,"83":0,"84":1,"85":1,"86":1,"87":2,"88":1,"89":1,"90":0,"91":0,"92":0,"93":0,"94":0,"95":0,"96":1,"97":0,"98":0,"99":0,"100":0,"101":1,"102":0,"103":0,"104":1,"105":0,"106":0,"107":1,"108":0,"109":0,"110":1,"111":1,"112":1,"113":1,"114":0,"115":0,"116":1,"117":0,"118":0,"119":1,"120":0,"121":0,"122":1,"123":0,"124":0,"125":1,"126":1,"127":1,"128":1,"129":0,"130":0,"131":1,"132":0,"133":0,"134":1,"135":0,"136":0,"137":1,"138":0,"139":0,"140":1,"141":3,"142":3,"143":1,"144":0,"145":0,"146":0,"147":1,"148":0,"149":0,"150":0,"151":1,"152":0,"153":0,"154":1,"155":0,"156":0,"157":1,"158":0,"159":0,"160":1,"161":1,"162":1,"163":1,"164":0,"165":0,"166":1,"167":1,"168":1,"169":1,"170":0,"171":0,"172":1,"173":0,"174":0,"175":1,"176":0,"177":0,"178":1,"179":0,"180":0,"181":0,"182":1,"183":0,"184":0,"185":1,"186":1,"187":1,"188":1,"189":0,"190":0,"191":1,"192":0,"193":0,"194":0,"195":1,"196":0,"197":0,"198":0,"199":1,"200":0,"201":0,"202":0,"203":1,"204":0,"205":0,"206":1,"207":0,"208":0,"209":1,"210":1,"211":1,"212":1,"213":1,"214":0,"215":0,"216":1,"217":1,"218":1,"219":10,"220":10,"221":0,"222":0,"223":0,"224":0,"225":0,"226":0,"227":0,"228":0,"229":0,"230":0,"231":0,"232":0,"233":0,"234":0,"235":10,"236":0,"237":0,"238":0,"239":0,"240":1,"241":1,"242":1,"243":1,"244":1,"245":1,"246":1,"247":1,"248":1,"249":0,"250":0,"251":0,"252":0,"253":1,"254":1,"255":1,"256":1,"257":1,"258":1,"259":1,"260":1,"261":1},"f":{"0":1,"1":1,"2":1,"3":1,"4":1,"5":1,"6":0,"7":1,"8":2,"9":0,"10":0,"11":0,"12":0,"13":0,"14":0,"15":0,"16":0,"17":0,"18":1,"19":1,"20":0,"21":0,"22":0,"23":0,"24":0,"25":0,"26":0,"27":0,"28":1,"29":1,"30":0,"31":0,"32":0,"33":0,"34":0,"35":0,"36":0,"37":0,"38":3,"39":3,"40":0,"41":0,"42":0,"43":0,"44":0,"45":0,"46":0,"47":0,"48":0,"49":0,"50":1,"51":1,"52":0,"53":0,"54":1,"55":1,"56":0,"57":0,"58":0,"59":0,"60":0,"61":0,"62":0,"63":0,"64":0,"65":0,"66":1,"67":1,"68":0,"69":0,"70":0,"71":0,"72":0,"73":0,"74":0,"75":0,"76":0,"77":0,"78":0,"79":0,"80":1,"81":1,"82":0,"83":0,"84":10,"85":0,"86":0,"87":0,"88":0,"89":0,"90":0,"91":0,"92":0,"93":0,"94":0,"95":0,"96":0,"97":0,"98":0,"99":10,"100":0,"101":0,"102":0,"103":0,"104":1,"105":1},"b":{"0":[0,1],"1":[0,1],"2":[0,1],"3":[1,1,1],"4":[0,1],"5":[1,1,0],"6":[0,1],"7":[1,1],"8":[1,1],"9":[28,0],"10":[28,28],"11":[28,0],"12":[0,28],"13":[28,28,28],"14":[1,0],"15":[1,0],"16":[0,1],"17":[1,1],"18":[0,1],"19":[1,0],"20":[0,1],"21":[0,1],"22":[0,1],"23":[0,1]},"inputSourceMap":{"version":3,"sources":["App.js"],"names":["App","props","username","password","AuthenticationService","loginUser","then","setState","loggedInUser","getCurrentUser","localStorage","removeItem","currentUser","setItem","role","getOrderItemsForUser","repeatedPassword","name","surname","phoneNumber","address","registerUser","loadMealCategories","logout","getInfoAboutUser","data","userInfo","stars","description","leaveAReview","MealCategoriesService","getAllMealCategories","mealCategories","id","getMealCategoryDetails","selectedCategory","imageUrl","addNewMealCategory","editMealCategory","deleteMealCategory","IngredientService","getAllIngredients","ingredients","getIngredientById","selectedIngredient","quantity","addNewIngredient","loadIngredients","editIngredient","deleteIngredient","MenuService","getMeals","meals","getMealsFromCategory","filteredMeals","getDetailsForMeal","selectedMeal","price","mealCategory","ingredientsForMeal","addNewMealToMenu","loadMealsForMenu","updateMealFromMenu","deleteMeal","OrderService","getAllOrders","orders","getAllOrdersForUser","getAllProcessingOrders","processingOrders","getAllDeliveringOrders","deliveringOrders","payForOrder","loadAllOrdersForUser","cancelOrder","getDetailsForOrder","selectedOrder","getActiveOrderForUser","getTop5OrderedMeals","top5Meals","mealId","addOrderItemInOrder","state","plusOrderItemQuantity","minusOrderItemQuantity","deleteOrderItemFromOrder","orderItems","orderId","DeliveryService","createNewDelivery","getRemainingDeliveriesForToday","deliveries","finishedDelivery","selectedDelivery","logoutUser","loadMealsFromMealCategory","leaveReview","addMealCategory","getMealCategory","addIngredient","getIngredient","deleteMealFromMenu","getMealDetails","editMealFromMenu","finishDelivery","mealCategoryId","JSON","parse","getItem","loadAllOrders","Component"],"mappings":";;;;;;;;;;;;;;;;;;;;;;;;;AAAA;;AACA;;AACA;;AACA;;AACA;;AACA;;AACA;;AACA;;AACA;;AACA;;AACA;;AACA;;AACA;;AACA;;AACA;;AACA;;AACA;;AACA;;AACA;;AACA;;AACA;;AACA;;AACA;;AACA;;AACA;;AACA;;AACA;;AACA;;AACA;;AACA;;;;;;;;;;IAEMA,G;;;;;AAEF,eAAYC,KAAZ,EAAmB;AAAA;;AAAA;AACf,8BAAMA,KAAN;AADe,4FA4JT,UAACC,QAAD,EAAUC,QAAV,EAAqB;AAC3BC,qCAAsBC,SAAtB,CAAgCH,QAAhC,EAAyCC,QAAzC,EACKG,IADL,CACU,YAAI;AACN,cAAKC,QAAL,CAAc;AACVC,UAAAA,YAAY,EAACJ,+BAAsBK,cAAtB;AADH,SAAd;;AAGAC,QAAAA,YAAY,CAACC,UAAb,CAAwB,YAAxB;;AACA,YAAMC,WAAW,GAAGR,+BAAsBK,cAAtB,EAApB;;AACAC,QAAAA,YAAY,CAACG,OAAb,CAAqB,UAArB,EAAgCD,WAAW,CAACE,IAA5C,EANM,CAON;;AACA,cAAKC,oBAAL,CAA0BH,WAAW,CAACV,QAAtC,EARM,CASN;;AACH,OAXL;AAaH,KA1KkB;AAAA,+FA2KN,UAACA,QAAD,EAAWC,QAAX,EAAoBa,gBAApB,EAAqCC,IAArC,EAA0CC,OAA1C,EAAkDC,WAAlD,EAA8DC,OAA9D,EAAwE;AACjFhB,qCAAsBiB,YAAtB,CAAmCnB,QAAnC,EAA6CC,QAA7C,EAAsDa,gBAAtD,EAAuEC,IAAvE,EAA4EC,OAA5E,EAAoFC,WAApF,EAAgGC,OAAhG,EACKd,IADL,CACU,YAAI;AACN,cAAKgB,kBAAL;AACH,OAHL;;AAIIZ,MAAAA,YAAY,CAACC,UAAb,CAAwB,oBAAxB;AACAD,MAAAA,YAAY,CAACC,UAAb,CAAwB,YAAxB;AACP,KAlLkB;AAAA,6FAmLR,YAAI;AACXP,qCAAsBmB,MAAtB;;AACAb,MAAAA,YAAY,CAACC,UAAb,CAAwB,UAAxB,EAFW,CAGX;AACA;AACH,KAxLkB;AAAA,mGAyLF,UAACT,QAAD,EAAY;AACzBE,qCAAsBoB,gBAAtB,CAAuCtB,QAAvC,EACKI,IADL,CACU,UAACmB,IAAD,EAAQ;AACV,cAAKlB,QAAL,CAAc;AACVmB,UAAAA,QAAQ,EAACD,IAAI,CAACA;AADJ,SAAd;AAGH,OALL;AAMH,KAhMkB;AAAA,8FAiMP,UAACE,KAAD,EAAOC,WAAP,EAAmB1B,QAAnB,EAA8B;AACtCE,qCAAsByB,YAAtB,CAAmCF,KAAnC,EAAyCC,WAAzC,EAAqD1B,QAArD,EACKI,IADL,CACU,YAAI;AACN,cAAKkB,gBAAL,CAAsBtB,QAAtB;AACH,OAHL;AAIH,KAtMkB;AAAA,qGAwMA,YAAI;AACnB4B,qCAAsBC,oBAAtB,GACKzB,IADL,CACU,UAACmB,IAAD,EAAQ;AACV,cAAKlB,QAAL,CAAc;AACVyB,UAAAA,cAAc,EAACP,IAAI,CAACA;AADV,SAAd;AAGH,OALL;AAMH,KA/MkB;AAAA,kGAgNH,UAACQ,EAAD,EAAM;AAClBH,qCAAsBI,sBAAtB,CAA6CD,EAA7C,EACK3B,IADL,CACU,UAACmB,IAAD,EAAQ;AACV,cAAKlB,QAAL,CAAc;AACV4B,UAAAA,gBAAgB,EAACV,IAAI,CAACA;AADZ,SAAd;AAGH,OALL;AAOH,KAxNkB;AAAA,kGAyNH,UAACR,IAAD,EAAMmB,QAAN,EAAiB;AAC7BN,qCAAsBO,kBAAtB,CAAyCpB,IAAzC,EAA8CmB,QAA9C,EACK9B,IADL,CACU,YAAI;AACN,cAAKgB,kBAAL;AACH,OAHL;AAIH,KA9NkB;AAAA,mGA+NF,UAACW,EAAD,EAAIhB,IAAJ,EAASmB,QAAT,EAAoB;AACjCN,qCAAsBQ,gBAAtB,CAAuCL,EAAvC,EAA0ChB,IAA1C,EAA+CmB,QAA/C,EACK9B,IADL,CACU,YAAI;AACN,cAAKgB,kBAAL;AACH,OAHL;AAIH,KApOkB;AAAA,qGAqOA,UAACW,EAAD,EAAM;AACrBH,qCAAsBS,kBAAtB,CAAyCN,EAAzC,EACK3B,IADL,CACU,YAAI;AACN,cAAKgB,kBAAL;AACH,OAHL;AAIH,KA1OkB;AAAA,kGA4OH,YAAI;AAChBkB,iCAAkBC,iBAAlB,GACKnC,IADL,CACU,UAACmB,IAAD,EAAQ;AACV,cAAKlB,QAAL,CAAc;AACVmC,UAAAA,WAAW,EAAEjB,IAAI,CAACA;AADR,SAAd;AAGH,OALL;AAMH,KAnPkB;AAAA,gGAoPL,UAACQ,EAAD,EAAM;AAChBO,iCAAkBG,iBAAlB,CAAoCV,EAApC,EACK3B,IADL,CACU,UAACmB,IAAD,EAAQ;AACV,cAAKlB,QAAL,CAAc;AACVqC,UAAAA,kBAAkB,EAACnB,IAAI,CAACA;AADd,SAAd;AAGH,OALL;AAMH,KA3PkB;AAAA,gGA4PL,UAACR,IAAD,EAAM4B,QAAN,EAAiB;AAC3BL,iCAAkBM,gBAAlB,CAAmC7B,IAAnC,EAAwC4B,QAAxC,EACKvC,IADL,CACU,YAAI;AACN,cAAKyC,eAAL;AACH,OAHL;AAIH,KAjQkB;AAAA,iGAkQJ,UAACd,EAAD,EAAIhB,IAAJ,EAAS4B,QAAT,EAAoB;AAC/BL,iCAAkBQ,cAAlB,CAAiCf,EAAjC,EAAoChB,IAApC,EAAyC4B,QAAzC,EACKvC,IADL,CACU,YAAI;AACN,cAAKyC,eAAL;AACH,OAHL;AAIH,KAvQkB;AAAA,mGAwQF,UAACd,EAAD,EAAM;AACnBO,iCAAkBS,gBAAlB,CAAmChB,EAAnC,EACK3B,IADL,CACU,YAAI;AACN,cAAKyC,eAAL;AACH,OAHL;AAIH,KA7QkB;AAAA,mGA+QF,YAAI;AACjBG,2BAAYC,QAAZ,GACK7C,IADL,CACU,UAACmB,IAAD,EAAQ;AACV,cAAKlB,QAAL,CAAc;AACV6C,UAAAA,KAAK,EAAE3B,IAAI,CAACA;AADF,SAAd;AAGH,OALL;AAMH,KAtRkB;AAAA,4GAuRO,UAACQ,EAAD,EAAM;AAC5BiB,2BAAYG,oBAAZ,CAAiCpB,EAAjC,EACK3B,IADL,CACU,UAACmB,IAAD,EAAQ;AACV,cAAKlB,QAAL,CAAc;AACV+C,UAAAA,aAAa,EAAC7B,IAAI,CAACA;AADT,SAAd;;AAGAf,QAAAA,YAAY,CAACG,OAAb,CAAqB,oBAArB,EAA0CoB,EAA1C;AACH,OANL;AAOH,KA/RkB;AAAA,iGAgSJ,UAACA,EAAD,EAAM;AACjBiB,2BAAYK,iBAAZ,CAA8BtB,EAA9B,EACK3B,IADL,CACU,UAACmB,IAAD,EAAQ;AACV,cAAKlB,QAAL,CAAc;AACViD,UAAAA,YAAY,EAAC/B,IAAI,CAACA;AADR,SAAd;;AAGAf,QAAAA,YAAY,CAACG,OAAb,CAAqB,gBAArB,EAAsCoB,EAAtC;AACH,OANL;AAOH,KAxSkB;AAAA,mGAySF,UAAChB,IAAD,EAAMW,WAAN,EAAkB6B,KAAlB,EAAwBC,YAAxB,EAAqCtB,QAArC,EAA8CuB,kBAA9C,EAAmE;AAChFT,2BAAYU,gBAAZ,CAA6B3C,IAA7B,EAAkCW,WAAlC,EAA8C6B,KAA9C,EAAoDC,YAApD,EAAiEtB,QAAjE,EAA0EuB,kBAA1E,EACKrD,IADL,CACU,YAAI;AACN,cAAKuD,gBAAL;AACH,OAHL;AAIH,KA9SkB;AAAA,mGA+SF,UAAC5B,EAAD,EAAIhB,IAAJ,EAASW,WAAT,EAAqB6B,KAArB,EAA2BC,YAA3B,EAAwCtB,QAAxC,EAAiDuB,kBAAjD,EAAsE;AACnFT,2BAAYY,kBAAZ,CAA+B7B,EAA/B,EAAkChB,IAAlC,EAAuCW,WAAvC,EAAmD6B,KAAnD,EAAyDC,YAAzD,EAAsEtB,QAAtE,EAA+EuB,kBAA/E,EACKrD,IADL,CACU,YAAI;AACN,cAAKuD,gBAAL;AACH,OAHL;AAIH,KApTkB;AAAA,qGAqTA,UAAC5B,EAAD,EAAM;AACrBiB,2BAAYa,UAAZ,CAAuB9B,EAAvB,EACK3B,IADL,CACU,YAAI;AACN,cAAKuD,gBAAL;AACH,OAHL;AAIH,KA1TkB;AAAA,gGA4TL,YAAI;AACdG,4BAAaC,YAAb,GACK3D,IADL,CACU,UAACmB,IAAD,EAAQ;AACV,cAAKlB,QAAL,CAAc;AACV2D,UAAAA,MAAM,EAAEzC,IAAI,CAACA;AADH,SAAd;AAGH,OALL;AAMH,KAnUkB;AAAA,uGAoUE,UAACvB,QAAD,EAAY;AAC7B8D,4BAAaG,mBAAb,CAAiCjE,QAAjC,EACKI,IADL,CACU,UAACmB,IAAD,EAAQ;AACV,cAAKlB,QAAL,CAAc;AACV2D,UAAAA,MAAM,EAACzC,IAAI,CAACA;AADF,SAAd;AAGH,OALL;AAMH,KA3UkB;AAAA,yGA4UI,YAAI;AACvBuC,4BAAaI,sBAAb,GACK9D,IADL,CACU,UAACmB,IAAD,EAAQ;AACV,cAAKlB,QAAL,CAAc;AACV8D,UAAAA,gBAAgB,EAAC5C,IAAI,CAACA;AADZ,SAAd;AAGH,OALL;AAMH,KAnVkB;AAAA,yGAoVI,YAAI;AACvBuC,4BAAaM,sBAAb,GACKhE,IADL,CACU,UAACmB,IAAD,EAAQ;AACV,cAAKlB,QAAL,CAAc;AACVgE,UAAAA,gBAAgB,EAAC9C,IAAI,CAACA;AADZ,SAAd;AAGH,OALL;AAMH,KA3VkB;AAAA,8FA4VP,UAACQ,EAAD,EAAM;AACd+B,4BAAaQ,WAAb,CAAyBvC,EAAzB,EACK3B,IADL,CACU,YAAI;AACN,cAAKmE,oBAAL;AACH,OAHL;AAIH,KAjWkB;AAAA,8FAkWP,UAACvE,QAAD,EAAY;AACpB8D,4BAAaU,WAAb,CAAyBxE,QAAzB,EACKI,IADL,CACU,YAAI;AACN,cAAKmE,oBAAL;AACH,OAHL;AAIH,KAvWkB;AAAA,qGAwWA,UAACxC,EAAD,EAAM;AACrB+B,4BAAaW,kBAAb,CAAgC1C,EAAhC,EACK3B,IADL,CACU,UAACmB,IAAD,EAAQ;AACV,cAAKlB,QAAL,CAAc;AACVqE,UAAAA,aAAa,EAAGnD,IAAI,CAACA;AADX,SAAd;;AAGAf,QAAAA,YAAY,CAACG,OAAb,CAAqB,iBAArB,EAAuCoB,EAAvC;AACH,OANL;AAOH,KAhXkB;AAAA,wGAiXG,UAAC/B,QAAD,EAAY;AAC9B8D,4BAAaa,qBAAb,CAAmC3E,QAAnC,EACKI,IADL,CACU,UAACmB,IAAD,EAAQ;AACV,cAAKlB,QAAL,CAAc;AACVqE,UAAAA,aAAa,EAAGnD,IAAI,CAACA;AADX,SAAd;AAGH,OALL;AAMH,KAxXkB;AAAA,sGAyXC,YAAI;AACpBuC,4BAAac,mBAAb,GACKxE,IADL,CACU,UAACmB,IAAD,EAAQ;AACV,cAAKlB,QAAL,CAAc;AACVwE,UAAAA,SAAS,EAACtD,IAAI,CAACA;AADL,SAAd;AAGH,OALL;AAMH,KAhYkB;AAAA,sGAiYC,UAACoB,QAAD,EAAUmC,MAAV,EAAmB;AACnChB,4BAAaiB,mBAAb,CAAiCpC,QAAjC,EAA0CmC,MAA1C,EAAiD,MAAKE,KAAL,CAAW1E,YAAX,CAAwBN,QAAzE,EACKI,IADL,CACU,YAAI;AACN,cAAKS,oBAAL,CAA0B,MAAKmE,KAAL,CAAW1E,YAAX,CAAwBN,QAAlD;AACH,OAHL;AAIH,KAtYkB;AAAA,wGAuYG,UAAC+B,EAAD,EAAM;AACxB+B,4BAAamB,qBAAb,CAAmClD,EAAnC,EACK3B,IADL,CACU,YAAI;AACN,cAAKS,oBAAL,CAA0B,MAAKmE,KAAL,CAAW1E,YAAX,CAAwBN,QAAlD;;AACA,cAAK2E,qBAAL,CAA2B,MAAKK,KAAL,CAAW1E,YAAX,CAAwBN,QAAnD;AACH,OAJL;AAKH,KA7YkB;AAAA,yGA8YI,UAAC+B,EAAD,EAAM;AACzB+B,4BAAaoB,sBAAb,CAAoCnD,EAApC,EACK3B,IADL,CACU,YAAI;AACN,cAAKS,oBAAL,CAA0B,MAAKmE,KAAL,CAAW1E,YAAX,CAAwBN,QAAlD;;AACA,cAAK2E,qBAAL,CAA2B,MAAKK,KAAL,CAAW1E,YAAX,CAAwBN,QAAnD;AACH,OAJL;AAKH,KApZkB;AAAA,2GAqZM,UAAC+B,EAAD,EAAM;AAC3B+B,4BAAaqB,wBAAb,CAAsCpD,EAAtC,EACK3B,IADL,CACU,YAAI;AACN,cAAKS,oBAAL,CAA0B,MAAKmE,KAAL,CAAW1E,YAAX,CAAwBN,QAAlD;;AACA,cAAK2E,qBAAL,CAA2B,MAAKK,KAAL,CAAW1E,YAAX,CAAwBN,QAAnD;AACH,OAJL;AAKH,KA3ZkB;AAAA,uGA4ZE,UAACA,QAAD,EAAY;AAC7B8D,4BAAajD,oBAAb,CAAkCb,QAAlC,EACKI,IADL,CACU,UAACmB,IAAD,EAAQ;AACV,cAAKlB,QAAL,CAAc;AACV+E,UAAAA,UAAU,EAAC7D,IAAI,CAACA;AADN,SAAd;AAGH,OALL;AAMH,KAnakB;AAAA,oGAoaD,UAACL,OAAD,EAASmE,OAAT,EAAmB;AACjCC,+BAAgBC,iBAAhB,CAAkCrE,OAAlC,EAA0CmE,OAA1C,EACKjF,IADL,CACU,YAAI;AACN,cAAK8D,sBAAL;AACH,OAHL;AAIH,KAzakB;AAAA,iHA0aY,YAAI;AAC/BoB,+BAAgBE,8BAAhB,GACKpF,IADL,CACU,UAACmB,IAAD,EAAQ;AACV,cAAKlB,QAAL,CAAc;AACVoF,UAAAA,UAAU,EAAClE,IAAI,CAACA;AADN,SAAd,EADU,CAIV;AACA;;;AACAf,QAAAA,YAAY,CAACC,UAAb,CAAwB,oBAAxB;AACH,OARL;AASH,KApbkB;AAAA,iGAqbJ,UAACsB,EAAD,EAAO;AAClBuD,+BAAgBI,gBAAhB,CAAiC3D,EAAjC,EACK3B,IADL,CACU,YAAI;AACN,cAAKoF,8BAAL;AACH,OAHL;AAIH,KA1bkB;AAEf,UAAKR,KAAL,GAAW;AACP1E,MAAAA,YAAY,EAAC,EADN;AAEPkB,MAAAA,QAAQ,EAAC,EAFF;AAGPM,MAAAA,cAAc,EAAC,EAHR;AAIPG,MAAAA,gBAAgB,EAAC,EAJV;AAKPO,MAAAA,WAAW,EAAC,EALL;AAMPE,MAAAA,kBAAkB,EAAC,EANZ;AAOPQ,MAAAA,KAAK,EAAC,EAPC;AAQPE,MAAAA,aAAa,EAAC,EARP;AASPE,MAAAA,YAAY,EAAC,EATN;AAUPU,MAAAA,MAAM,EAAC,EAVA;AAWPG,MAAAA,gBAAgB,EAAC,EAXV;AAYPsB,MAAAA,UAAU,EAAC,EAZJ;AAaPE,MAAAA,gBAAgB,EAAC,EAbV;AAcPjB,MAAAA,aAAa,EAAC,EAdP;AAePG,MAAAA,SAAS,EAAC,EAfH;AAgBPO,MAAAA,UAAU,EAAC;AAhBJ,KAAX;AAFe;AAoBlB;;;;WACD,kBAAS;AAAA;;AACL,0BACI,6BAAC,6BAAD,qBACI,6BAAC,eAAD;AAAQ,QAAA,QAAQ,EAAE,KAAKJ,KAAL,CAAW1E,YAAX,CAAwBN,QAA1C;AAAoD,QAAA,YAAY,EAAE,KAAK4F,UAAvE;AACQ,QAAA,mBAAmB,EAAE,KAAKnB;AADlC,QADJ,eAGI,wDACI,uDACI,6BAAC,qBAAD;AAAO,QAAA,IAAI,EAAE,GAAb;AAAkB,QAAA,KAAK,MAAvB;AAAwB,QAAA,MAAM,EAAE;AAAA,8BAC5B,6BAAC,aAAD;AAAO,YAAA,cAAc,EAAE,MAAI,CAACO,KAAL,CAAWlD,cAAlC;AAAkD,YAAA,kBAAkB,EAAE,MAAI,CAAC+D;AAA3E,YAD4B;AAAA;AAAhC,QADJ,eAGI,6BAAC,qBAAD;AAAO,QAAA,IAAI,EAAE,QAAb;AAAuB,QAAA,KAAK,MAA5B;AAA6B,QAAA,MAAM,EAAE;AAAA,8BACjC,6BAAC,cAAD;AAAO,YAAA,WAAW,EAAE,MAAI,CAAC1F;AAAzB,YADiC;AAAA;AAArC,QAHJ,eAKI,6BAAC,qBAAD;AAAO,QAAA,IAAI,EAAE,WAAb;AAA0B,QAAA,KAAK,MAA/B;AAAgC,QAAA,MAAM,EAAE;AAAA,8BACpC,6BAAC,iBAAD;AAAU,YAAA,cAAc,EAAE,MAAI,CAACgB;AAA/B,YADoC;AAAA;AAAxC,QALJ,eAOI,6BAAC,qBAAD;AAAO,QAAA,IAAI,EAAE,UAAb;AAAyB,QAAA,KAAK,MAA9B;AAA+B,QAAA,MAAM,EAAE;AAAA,8BACnC,6BAAC,gBAAD;AAAS,YAAA,IAAI,EAAE,MAAI,CAAC6D,KAAL,CAAWxD,QAA1B;AAAqC,YAAA,aAAa,EAAE,MAAI,CAACsE;AAAzD,YADmC;AAAA;AAAvC,QAPJ,eAUI,6BAAC,qBAAD;AAAO,QAAA,IAAI,EAAE,qBAAb;AAAoC,QAAA,KAAK,MAAzC;AAA0C,QAAA,MAAM,EAAE;AAAA,8BAC9C,6BAAC,wBAAD;AAAiB,YAAA,iBAAiB,EAAE,MAAI,CAACC;AAAzC,YAD8C;AAAA;AAAlD,QAVJ,eAYI,6BAAC,qBAAD;AAAO,QAAA,IAAI,EAAE,0BAAb;AAAyC,QAAA,KAAK,MAA9C;AAA+C,QAAA,MAAM,EAAE;AAAA,8BACnD,6BAAC,yBAAD;AAAkB,YAAA,kBAAkB,EAAE,MAAI,CAAC3D,gBAA3C;AAA6D,YAAA,gBAAgB,EAAE,MAAI,CAAC4C,KAAL,CAAW/C;AAA1F,YADmD;AAAA;AAAvD,QAZJ,eAcI,6BAAC,qBAAD;AAAO,QAAA,IAAI,EAAE,iBAAb;AAAgC,QAAA,KAAK,MAArC;AAAsC,QAAA,MAAM,EAAE;AAAA,8BACvC,6BAAC,yBAAD;AAAc,YAAA,cAAc,EAAE,MAAI,CAAC+C,KAAL,CAAWlD,cAAzC;AACc,YAAA,kBAAkB,EAAE,MAAI,CAACkE,eADvC;AAEc,YAAA,oBAAoB,EAAE,MAAI,CAAC3D;AAFzC,YADuC;AAAA;AAA9C,QAdJ,eAmBI,6BAAC,qBAAD;AAAO,QAAA,IAAI,EAAE,kBAAb;AAAiC,QAAA,KAAK,MAAtC;AAAuC,QAAA,MAAM,EAAE;AAAA,8BAC3C,6BAAC,sBAAD;AAAe,YAAA,eAAe,EAAE,MAAI,CAAC4D;AAArC,YAD2C;AAAA;AAA/C,QAnBJ,eAqBI,6BAAC,qBAAD;AAAO,QAAA,IAAI,EAAE,uBAAb;AAAsC,QAAA,KAAK,MAA3C;AAA4C,QAAA,MAAM,EAAE;AAAA,8BAChD,6BAAC,uBAAD;AAAgB,YAAA,gBAAgB,EAAE,MAAI,CAACnD,cAAvC;AAAuD,YAAA,kBAAkB,EAAE,MAAI,CAACkC,KAAL,CAAWtC;AAAtF,YADgD;AAAA;AAApD,QArBJ,eAuBI,6BAAC,qBAAD;AAAO,QAAA,IAAI,EAAE,cAAb;AAA6B,QAAA,KAAK,MAAlC;AAAmC,QAAA,MAAM,EAAE;AAAA,8BACvC,6BAAC,uBAAD;AAAY,YAAA,WAAW,EAAE,MAAI,CAACsC,KAAL,CAAWxC,WAApC;AACY,YAAA,gBAAgB,EAAE,MAAI,CAAC0D,aADnC;AAEY,YAAA,kBAAkB,EAAE,MAAI,CAACnD;AAFrC,YADuC;AAAA;AAA3C,QAvBJ,eA4BI,6BAAC,qBAAD;AAAO,QAAA,IAAI,EAAE,wBAAb;AAAuC,QAAA,KAAK,MAA5C;AAA6C,QAAA,MAAM,EAAE;AAAA,8BAC9C,6BAAC,iBAAD;AAAM,YAAA,KAAK,EAAE,MAAI,CAACiC,KAAL,CAAW5B,aAAxB;AACM,YAAA,cAAc,EAAE,MAAI,CAAC4B,KAAL,CAAWlD,cADjC;AAEM,YAAA,YAAY,EAAE,MAAI,CAACqE,kBAFzB;AAGM,YAAA,WAAW,EAAE,MAAI,CAACC,cAHxB;AAIM,YAAA,kBAAkB,EAAE,MAAI,CAACP,yBAJ/B;AAKM,YAAA,gBAAgB,EAAE,MAAI,CAACd;AAL7B,YAD8C;AAAA;AAArD,QA5BJ,eAmCI,6BAAC,qBAAD;AAAO,QAAA,IAAI,EAAE,WAAb;AAA0B,QAAA,KAAK,MAA/B;AAAgC,QAAA,MAAM,EAAE;AAAA,8BACpC,6BAAC,gBAAD;AAAS,YAAA,SAAS,EAAE,MAAI,CAACrB,gBAAzB;AACS,YAAA,WAAW,EAAE,MAAI,CAACsB,KAAL,CAAWxC,WADjC;AAES,YAAA,cAAc,EAAE,MAAI,CAACwC,KAAL,CAAWlD;AAFpC,YADoC;AAAA;AAAxC,QAnCJ,eAuCI,6BAAC,qBAAD;AAAO,QAAA,IAAI,EAAE,gBAAb;AAA+B,QAAA,KAAK,MAApC;AAAqC,QAAA,MAAM,EAAE;AAAA,8BACzC,6BAAC,iBAAD;AAAU,YAAA,UAAU,EAAE,MAAI,CAACuE,gBAA3B;AACS,YAAA,WAAW,EAAE,MAAI,CAACrB,KAAL,CAAWxC,WADjC;AAES,YAAA,cAAc,EAAE,MAAI,CAACwC,KAAL,CAAWlD,cAFpC;AAGS,YAAA,YAAY,EAAE,MAAI,CAACkD,KAAL,CAAW1B;AAHlC,YADyC;AAAA;AAA7C,QAvCJ,eA4CI,6BAAC,qBAAD;AAAO,QAAA,IAAI,EAAE,mBAAb;AAAkC,QAAA,KAAK,MAAvC;AAAwC,QAAA,MAAM,EAAE;AAAA,8BAC5C,6BAAC,oBAAD;AAAa,YAAA,YAAY,EAAE,MAAI,CAAC0B,KAAL,CAAW1B,YAAtC;AACa,YAAA,WAAW,EAAE,MAAI,CAAC0B,KAAL,CAAWxC,WADrC;AAEa,YAAA,eAAe,EAAE,MAAI,CAACwC,KAAL,CAAWH,SAFzC;AAGa,YAAA,YAAY,EAAE,MAAI,CAACsB,kBAHhC;AAIa,YAAA,WAAW,EAAE,MAAI,CAACC,cAJ/B;AAKa,YAAA,gBAAgB,EAAE,MAAI,CAACrB;AALpC,YAD4C;AAAA;AAAhD,QA5CJ,eAoDI,6BAAC,qBAAD;AAAO,QAAA,IAAI,EAAE,OAAb;AAAsB,QAAA,KAAK,MAA3B;AAA4B,QAAA,MAAM,EAAE;AAAA,8BAChC,6BAAC,iBAAD;AAAM,YAAA,KAAK,EAAE,MAAI,CAACC,KAAL,CAAW9B,KAAxB;AACM,YAAA,cAAc,EAAE,MAAI,CAAC8B,KAAL,CAAWlD,cADjC;AAEM,YAAA,YAAY,EAAE,MAAI,CAACqE,kBAFzB;AAGM,YAAA,WAAW,EAAE,MAAI,CAACC,cAHxB;AAIM,YAAA,kBAAkB,EAAE,MAAI,CAACP,yBAJ/B;AAKM,YAAA,gBAAgB,EAAE,MAAI,CAACd;AAL7B,YADgC;AAAA;AAApC,QApDJ,eA4DI,6BAAC,qBAAD;AAAO,QAAA,IAAI,EAAE,eAAb;AAA8B,QAAA,KAAK,MAAnC;AAAoC,QAAA,MAAM,EAAE;AAAA,8BACxC,6BAAC,qBAAD;AAAc,YAAA,YAAY,EAAE,MAAI,CAACC,KAAL,CAAWI,UAAvC;AACc,YAAA,OAAO,EAAE,MAAI,CAACJ,KAAL,CAAWN,aAAX,CAAyB3C,EADhD;AAEc,YAAA,QAAQ,EAAE,MAAI,CAACiD,KAAL,CAAW1E,YAAX,CAAwBN,QAFhD;AAGc,YAAA,wBAAwB,EAAE,MAAI,CAACiF,qBAH7C;AAIc,YAAA,yBAAyB,EAAE,MAAI,CAACC,sBAJ9C;AAKc,YAAA,qBAAqB,EAAE,MAAI,CAACC;AAL1C,YADwC;AAAA;AAA5C,QA5DJ,eAqEI,6BAAC,qBAAD;AAAO,QAAA,IAAI,EAAE,WAAb;AAA0B,QAAA,KAAK,MAA/B;AAAgC,QAAA,MAAM,EAAE;AAAA,8BACpC,6BAAC,sBAAD;AAAe,YAAA,OAAO,EAAE,MAAI,CAACH,KAAL,CAAWN,aAAX,CAAyB3C,EAAjD;AACe,YAAA,YAAY,EAAE,MAAI,CAACiD,KAAL,CAAWI,UADxC;AAEe,YAAA,QAAQ,EAAE,MAAI,CAACJ,KAAL,CAAW1E,YAAX,CAAwBN,QAFjD;AAGe,YAAA,WAAW,EAAE,MAAI,CAACsE,WAHjC;AAIe,YAAA,WAAW,EAAE,MAAI,CAACE;AAJjC,YADoC;AAAA;AAAxC,QArEJ,eA6EI,6BAAC,qBAAD;AAAO,QAAA,IAAI,EAAE,oBAAb;AAAmC,QAAA,KAAK,MAAxC;AAAyC,QAAA,MAAM,EAAE;AAAA,8BAC7C,6BAAC,kBAAD;AAAW,YAAA,MAAM,EAAE,MAAI,CAACQ,KAAL,CAAWb,gBAA9B;AACW,YAAA,kBAAkB,EAAE,MAAI,CAACoB;AADpC,YAD6C;AAAA;AAAjD,QA7EJ,eAkFI,6BAAC,qBAAD;AAAO,QAAA,IAAI,EAAE,aAAb;AAA4B,QAAA,KAAK,MAAjC;AAAkC,QAAA,MAAM,EAAE;AAAA,8BACtC,6BAAC,uBAAD;AAAgB,YAAA,UAAU,EAAE,MAAI,CAACP,KAAL,CAAWS,UAAvC;AACgB,YAAA,WAAW,EAAE,MAAI,CAACa;AADlC,YADsC;AAAA;AAA1C,QAlFJ,eAuFI,6BAAC,qBAAD;AAAO,QAAA,IAAI,EAAE,eAAb;AAA8B,QAAA,KAAK,MAAnC;AAAoC,QAAA,MAAM,EAAE;AAAA,8BACxC,6BAAC,qBAAD,OADwC;AAAA;AAA5C,QAvFJ,CADJ,CAHJ,eAgGI,6BAAC,eAAD,OAhGJ,CADJ;AAoGH;;;WAED,6BAAoB;AAChB;AACA,WAAKlF,kBAAL;AACA,WAAKyB,eAAL;AACA,WAAKc,gBAAL;AACA,WAAKiB,mBAAL;AACA,WAAKV,sBAAL;AACA,WAAKsB,8BAAL;;AAEA,UAAM9E,WAAW,GAAGR,+BAAsBK,cAAtB,EAApB;;AACA,UAAIG,WAAJ,EACA;AACI,aAAKL,QAAL,CAAc;AAAEC,UAAAA,YAAY,EAAEI;AAAhB,SAAd;AACA,aAAKG,oBAAL,CAA0BH,WAAW,CAACV,QAAtC;AACA,aAAKuE,oBAAL,CAA0B7D,WAAW,CAACV,QAAtC;AACA,aAAKsB,gBAAL,CAAsBZ,WAAW,CAACV,QAAlC,EAJJ,CAKI;AACA;AACH;;AAED,UAAMuG,cAAc,GAACC,IAAI,CAACC,KAAL,CAAWjG,YAAY,CAACkG,OAAb,CAAqB,oBAArB,CAAX,CAArB;AACAH,MAAAA,cAAc,KAAK,IAAnB,GAA0B,KAAKV,yBAAL,CAA+BU,cAA/B,CAA1B,GAA2E,KAAK5C,gBAAL,EAA3E;AAEA,UAAMmB,MAAM,GAAC0B,IAAI,CAACC,KAAL,CAAWjG,YAAY,CAACkG,OAAb,CAAqB,gBAArB,CAAX,CAAb;AACA5B,MAAAA,MAAM,KAAI,IAAV,GAAiB,KAAKsB,cAAL,CAAoBtB,MAApB,CAAjB,GAA+C,KAAKnB,gBAAL,EAA/C;AAEA,UAAM0B,OAAO,GAACmB,IAAI,CAACC,KAAL,CAAWjG,YAAY,CAACkG,OAAb,CAAqB,iBAArB,CAAX,CAAd;AACArB,MAAAA,OAAO,KAAI,IAAX,GAAkB,KAAKZ,kBAAL,CAAwBY,OAAxB,CAAlB,GAAsD,KAAKsB,aAAL,EAAtD;AAEH;;;EA3JaC,gB;;eAgcH9G,G","sourceRoot":"C:\\Users\\Simona\\Desktop\\RestaurantFrontend\\src\\components\\App\\","sourcesContent":["import './App.css';\nimport React, {Component} from \"react\";\nimport {BrowserRouter as Router, Route} from 'react-router-dom';\nimport AuthenticationService from '../../services/AuthenticationService';\nimport MealCategoriesService from \"../../services/MealCategoriesService\";\nimport IngredientService from \"../../services/IngredientService\";\nimport MenuService from \"../../services/MenuService\";\nimport OrderService from \"../../services/OrderService\";\nimport DeliveryService from \"../../services/DeliveryService\";\nimport Header from \"../Header/header\";\nimport Footer from \"../Footer/footer\";\nimport Home from \"../Home/home\";\nimport Login from '../Login/login';\nimport Register from \"../Register/register\";\nimport MealCategory from \"../MealCategory/mealCategoryList\";\nimport MealCategoryAdd from \"../MealCategory/mealCategoryAdd\";\nimport MealCategoryEdit from \"../MealCategory/mealCategoryEdit\";\nimport IngredientEdit from \"../Ingredients/IngredientEdit\";\nimport IngredientAdd from \"../Ingredients/IngredientAdd\";\nimport Ingredient from \"../Ingredients/IngredientList\";\nimport Menu from \"../Menu/MenuList\";\nimport MealAdd from \"../Menu/MealAdd\";\nimport MealDetails from \"../Menu/MealDetails\";\nimport MealEdit from \"../Menu/MealEdit\";\nimport ShoppingCart from \"../ShoppingCart/ShoppingCart\";\nimport CheckOutOrder from \"../ShoppingCart/CheckOutOrder\";\nimport OrderList from \"../Orders/OrderList\";\nimport DeliveriesList from \"../Deliveries/DeliveriesList\";\nimport Profile from \"../User/Profile\";\nimport Unauthorized from \"../Exceptions/Unauthorized\";\n\nclass App extends Component{\n\n    constructor(props) {\n        super(props);\n        this.state={\n            loggedInUser:{},\n            userInfo:{},\n            mealCategories:[],\n            selectedCategory:{},\n            ingredients:[],\n            selectedIngredient:{},\n            meals:[],\n            filteredMeals:[],\n            selectedMeal:{},\n            orders:[],\n            processingOrders:[],\n            deliveries:[],\n            selectedDelivery:{},\n            selectedOrder:{},\n            top5Meals:[],\n            orderItems:[]\n        }\n    }\n    render() {\n        return(\n            <Router>\n                <Header username={this.state.loggedInUser.username} onLogoutUser={this.logoutUser}\n                        onShoppingCartClick={this.getDetailsForOrder}  />\n                <main>\n                    <div>\n                        <Route path={\"/\"} exact render={()=>\n                            <Home  mealCategories={this.state.mealCategories} onFilterByCategory={this.loadMealsFromMealCategory} />}/>\n                        <Route path={\"/login\"} exact render={()=>\n                            <Login onLoginUser={this.loginUser}/> }  />\n                        <Route path={\"/register\"} exact render={()=>\n                            <Register onRegisterUser={this.registerUser}/>  } />\n                        <Route path={\"/profile\"} exact render={()=>\n                            <Profile user={this.state.userInfo}  onLeaveReview={this.leaveReview} />  }  />\n\n                        <Route path={\"/mealCategories/add\"} exact render={()=>\n                            <MealCategoryAdd onAddMealCategory={this.addMealCategory} />   } />\n                        <Route path={\"/mealCategories/edit/:id\"} exact render={()=>\n                            <MealCategoryEdit onEditMealCategory={this.editMealCategory} selectedCategory={this.state.selectedCategory} /> } />\n                        <Route path={\"/mealCategories\"} exact render={()=>\n                               <MealCategory mealCategories={this.state.mealCategories}\n                                             onEditMealCategory={this.getMealCategory}\n                                             onDeleteMealCategory={this.deleteMealCategory}/>  } />\n\n                        <Route path={\"/ingredients/add\"} exact render={()=>\n                            <IngredientAdd onAddIngredient={this.addIngredient} />     } />\n                        <Route path={\"/ingredients/edit/:id\"} exact render={()=>\n                            <IngredientEdit onEditIngredient={this.editIngredient} selectedIngredient={this.state.selectedIngredient} /> } />\n                        <Route path={\"/ingredients\"} exact render={()=>\n                            <Ingredient ingredients={this.state.ingredients}\n                                        onEditIngredient={this.getIngredient}\n                                        onDeleteIngredient={this.deleteIngredient}/>  } />\n\n                        <Route path={\"/menu/mealCategory/:id\"} exact render={()=>\n                               <Menu meals={this.state.filteredMeals}\n                                     mealCategories={this.state.mealCategories}\n                                     onDeleteMeal={this.deleteMealFromMenu}\n                                     onMealClick={this.getMealDetails}\n                                     onFilterByCategory={this.loadMealsFromMealCategory}\n                                     onAddItemToOrder={this.addOrderItemInOrder} />   }  />\n                        <Route path={\"/meal/add\"} exact render={()=>\n                            <MealAdd onAddMeal={this.addNewMealToMenu}\n                                     ingredients={this.state.ingredients}\n                                     mealCategories={this.state.mealCategories}/> } />\n                        <Route path={\"/meal/edit/:id\"} exact render={()=>\n                            <MealEdit onEditMeal={this.editMealFromMenu}\n                                     ingredients={this.state.ingredients}\n                                     mealCategories={this.state.mealCategories}\n                                     selectedMeal={this.state.selectedMeal}/> } />\n                        <Route path={\"/meal/details/:id\"} exact render={()=>\n                            <MealDetails selectedMeal={this.state.selectedMeal}\n                                         ingredients={this.state.ingredients}\n                                         topOrderedMeals={this.state.top5Meals}\n                                         onDeleteMeal={this.deleteMealFromMenu}\n                                         onMealClick={this.getMealDetai
[...]
lumn":261}},"20":{"start":{"line":20,"column":201},"end":{"line":20,"column":257}},"21":{"start":{"line":20,"column":269},"end":{"line":20,"column":529}},"22":{"start":{"line":20,"column":309},"end":{"line":20,"column":383}},"23":{"start":{"line":20,"column":393},"end":{"line":20,"column":527}},"24":{"start":{"line":20,"column":442},"end":{"line":20,"column":523}},"25":{"start":{"line":20,"column":532},"end":{"line":20,"column":546}},"26":{"start":{"line":22,"column":14},"end":{"line":197,"column":1}},"27":{"start":{"line":23,"column":16},"end":{"line":23,"column":49}},"28":{"start":{"line":24,"column":19},"end":{"line":24,"column":24}},"29":{"start":{"line":26,"column":24},"end":{"line":30,"column":4}},"30":{"start":{"line":31,"column":25},"end":{"line":31,"column":73}},"31":{"start":{"line":32,"column":17},"end":{"line":32,"column":36}},"32":{"start":{"line":33,"column":23},"end":{"line":33,"column":42}},"33":{"start":{"line":35,"column":21},"end":{"line":37,"column":3}},"34":{"start":{"line":36,"column":4},"end":{"line":36,"column":133}},"35":{"start":{"line":39,"column":21},"end":{"line":44,"column":3}},"36":{"start":{"line":40,"column":4},"end":{"line":40,"column":23}},"37":{"start":{"line":41,"column":16},"end":{"line":41,"column":30}},"38":{"start":{"line":42,"column":22},"end":{"line":42,"column":42}},"39":{"start":{"line":43,"column":4},"end":{"line":43,"column":65}},"40":{"start":{"line":55,"column":2},"end":{"line":59,"column":3}},"41":{"start":{"line":56,"column":4},"end":{"line":58,"column":7}},"42":{"start":{"line":61,"column":2},"end":{"line":196,"column":45}},"43":{"start":{"line":199,"column":15},"end":{"line":199,"column":22}},"44":{"start":{"line":200,"column":0},"end":{"line":200,"column":27}}},"fnMap":{"0":{"name":"ownKeys","decl":{"start":{"line":18,"column":9},"end":{"line":18,"column":16}},"loc":{"start":{"line":18,"column":41},"end":{"line":18,"column":345}},"line":18},"1":{"name":"(anonymous_1)","decl":{"start":{"line":18,"column":210},"end":{"line":18,"column":211}},"loc":{"start":{"line":18,"column":225},"end":{"line":18,"column":292}},"line":18},"2":{"name":"_objectSpread","decl":{"start":{"line":20,"column":9},"end":{"line":20,"column":22}},"loc":{"start":{"line":20,"column":31},"end":{"line":20,"column":548}},"line":20},"3":{"name":"(anonymous_3)","decl":{"start":{"line":20,"column":184},"end":{"line":20,"column":185}},"loc":{"start":{"line":20,"column":199},"end":{"line":20,"column":259}},"line":20},"4":{"name":"(anonymous_4)","decl":{"start":{"line":20,"column":425},"end":{"line":20,"column":426}},"loc":{"start":{"line":20,"column":440},"end":{"line":20,"column":525}},"line":20},"5":{"name":"Profile","decl":{"start":{"line":22,"column":23},"end":{"line":22,"column":30}},"loc":{"start":{"line":22,"column":38},"end":{"line":197,"column":1}},"line":22},"6":{"name":"handleChange","decl":{"start":{"line":35,"column":30},"end":{"line":35,"column":42}},"loc":{"start":{"line":35,"column":46},"end":{"line":37,"column":3}},"line":35},"7":{"name":"onFormSubmit","decl":{"start":{"line":39,"column":30},"end":{"line":39,"column":42}},"loc":{"start":{"line":39,"column":46},"end":{"line":44,"column":3}},"line":39}},"branchMap":{"0":{"loc":{"start":{"line":18,"column":75},"end":{"line":18,"column":330}},"type":"if","locations":[{"start":{"line":18,"column":75},"end":{"line":18,"column":330}},{"start":{"line":18,"column":75},"end":{"line":18,"column":330}}],"line":18},"1":{"loc":{"start":{"line":18,"column":163},"end":{"line":18,"column":296}},"type":"if","locations":[{"start":{"line":18,"column":163},"end":{"line":18,"column":296}},{"start":{"line":18,"column":163},"end":{"line":18,"column":296}}],"line":18},"2":{"loc":{"start":{"line":20,"column":91},"end":{"line":20,"column":131}},"type":"cond-expr","locations":[{"start":{"line":20,"column":114},"end":{"line":20,"column":126}},{"start":{"line":20,"column":129},"end":{"line":20,"column":131}}],"line":20},"3":{"loc":{"start":{"line":20,"column":133},"end":{"line":20,"column":529}},"type":"if","locations":[{"start":{"line":20,"column":133},"end":{"line":20,"column":529}},{"start":{"line":20,"column":133},"end":{"line":20,"column":529}}],"line":20},"4":{"loc":{"start":{"line":20,"column":269},"end":{"line":20,"column":529}},"type":"if","locations":[{"start":{"line":20,"column":269},"end":{"line":20,"column":529}},{"start":{"line":20,"column":269},"end":{"line":20,"column":529}}],"line":20},"5":{"loc":{"start":{"line":55,"column":2},"end":{"line":59,"column":3}},"type":"if","locations":[{"start":{"line":55,"column":2},"end":{"line":59,"column":3}}],"line":55},"6":{"loc":{"start":{"line":101,"column":6},"end":{"line":188,"column":18}},"type":"binary-expr","locations":[{"start":{"line":101,"column":6},"end":{"line":101,"column":17}},{"start":{"line":101,"column":34},"end":{"line":188,"column":18}}],"line":101}},"s":{"0":1,"1":1,"2":1,"3":1,"4":1,"5":1,"6":1,"7":4,"8":4,"9":4,"10":4,"11":4,"12":0,"13":4,"14":4,"15":4,"16":4,"17":6,"18":6,"19":4,"20":6,"21":2,"22":2,"23":0,"24":0,"25":4,"26":1,"27":4,"28":4,"29":4,"30":4,"31":4,"32":4,"33":4,"34":2,"35":4,"36":1,"37":1,"38":1,"39":1,"40":4,"41":1,"42":3,"43":1,"44":1},"f":{"0":4,"1":0,"2":4,"3":6,"4":0,"5":4,"6":2,"7":1},"b":{"0":[4,0],"1":[4,0],"2":[6,0],"3":[4,2],"4":[2,0],"5":[1],"6":[3,3]},"inputSourceMap":{"version":3,"sources":["Profile.js"],"names":["Profile","props","history","leftReview","React","useState","stars","description","username","formData","updateFormData","handleChange","e","target","name","value","onFormSubmit","preventDefault","onLeaveReview","user","handleDisplay","document","getElementById","style","display","localStorage","getItem","surname","address","phoneNumber","endsWith","backgroundColor","color"],"mappings":";;;;;;;;;;;;;AAAA;;AACA;;;;;;AAEA,IAAMA,OAAO,GAAC,SAARA,OAAQ,CAACC,KAAD,EAAS;AAEnB,MAAMC,OAAO,GAAG,iCAAhB;AACA,MAAIC,UAAU,GAAC,KAAf;;AACA,wBAAmCC,eAAMC,QAAN,CAAe;AAC9CC,IAAAA,KAAK,EAAC,CADwC;AAE9CC,IAAAA,WAAW,EAAC,EAFkC;AAG9CC,IAAAA,QAAQ,EAAC;AAHqC,GAAf,CAAnC;AAAA;AAAA,MAAOC,QAAP;AAAA,MAAiBC,cAAjB;;AAOA,MAAMC,YAAY,GAAC,SAAbA,YAAa,CAACC,CAAD,EAAK;AACpBF,IAAAA,cAAc,iCACPD,QADO,yCAETG,CAAC,CAACC,MAAF,CAASC,IAFA,EAEQF,CAAC,CAACC,MAAF,CAASE,KAFjB,GAAd;AAIH,GALD;;AAOA,MAAMC,YAAY,GAAC,SAAbA,YAAa,CAACJ,CAAD,EAAK;AACpBA,IAAAA,CAAC,CAACK,cAAF;AACA,QAAMX,KAAK,GAACG,QAAQ,CAACH,KAArB;AACA,QAAMC,WAAW,GAACE,QAAQ,CAACF,WAA3B;AAEAN,IAAAA,KAAK,CAACiB,aAAN,CAAoBZ,KAApB,EAA0BC,WAA1B,EAAsCN,KAAK,CAACkB,IAAN,CAAWX,QAAjD,EALoB,CAOpB;AACH,GARD;AASA;;;AACA,MAAMY,aAAa,GAAC,SAAdA,aAAc,GAAI;AAEpBC,IAAAA,QAAQ,CAACC,cAAT,CAAwB,aAAxB,EAAuCC,KAAvC,CAA6CC,OAA7C,GAAqD,MAArD;AACAH,IAAAA,QAAQ,CAACC,cAAT,CAAwB,YAAxB,EAAsCC,KAAtC,CAA4CC,OAA5C,GAAoD,OAApD;AACH,GAJD;AAMA;;;AACA,MAAIC,YAAY,CAACC,OAAb,CAAqB,MAArB,MAA+B,IAAnC,EACA;AACI,wBACI,6BAAC,wBAAD;AAAU,MAAA,EAAE,EAAE;AAAd,MADJ;AAGH;;AACD,sBACI;AAAK,IAAA,SAAS,EAAC;AAAf,kBACI;AAAK,IAAA,SAAS,EAAC;AAAf,kBACI;AAAK,IAAA,SAAS,EAAC;AAAf,kBACI;AAAI,IAAA,SAAS,EAAC;AAAd,oBADJ,eAEI,wCAFJ,eAGQ,wCAHR,eAIY;AAAK,IAAA,SAAS,EAAC;AAAf,kBACI;AAAM,IAAA,SAAS,EAAE;AAAjB,KAA8BzB,KAAK,CAACkB,IAAN,CAAWL,IAAzC,CADJ,oBAC0D,wCAD1D,eAEI;AAAM,IAAA,SAAS,EAAE;AAAjB,KAAiCb,KAAK,CAACkB,IAAN,CAAWQ,OAA5C,CAFJ,eAE+D,wCAF/D,eAGI;AAAM,IAAA,SAAS,EAAE;AAAjB,KAAiC1B,KAAK,CAACkB,IAAN,CAAWS,OAA5C,CAHJ,eAG+D,wCAH/D,eAII;AAAM,IAAA,SAAS,EAAE;AAAjB,KAAqC3B,KAAK,CAACkB,IAAN,CAAWU,WAAhD,CAJJ,CAJZ;AAUM;AAA2BJ,EAAAA,YAAY,CAACC,OAAb,CAAqB,UAArB,MAAqC,IAArC,IAC7BD,YAAY,CAACC,OAAb,CAAqB,UAArB,EAAiCI,QAAjC,CAA0C,OAA1C,CAD6B,iBAEzB;AAAK,IAAA,SAAS,EAAE;AAAhB,kBACI,6BAAC,oBAAD;AAAM,IAAA,SAAS,EAAE,mBAAjB;AAAsC,IAAA,EAAE,EAAE,sBAA1C;AAAkE,IAAA,EAAE,EAAE,iBAAtE;AACM,IAAA,KAAK,EAAE;AAACC,MAAAA,eAAe,EAAE,SAAlB;AAA6BC,MAAAA,KAAK,EAAE;AAApC;AADb,uBADJ,eAII,6BAAC,oBAAD;AAAM,IAAA,SAAS,EAAE,wBAAjB;AAA2C,IAAA,EAAE,EAAE,mBAA/C;AAAoE,IAAA,EAAE,EAAE,cAAxE;AACM,IAAA,KAAK,EAAE;AAACD,MAAAA,eAAe,EAAE,SAAlB;AAA6BC,MAAAA,KAAK,EAAE;AAApC;AADb,mBAJJ,CAZR,CADJ,eAuBI;AAAK,IAAA,SAAS,EAAC;AAAf,IAvBJ,EA2BM,CAAC7B,UAAD,iBACF;AAAK,IAAA,SAAS,EAAC,OAAf;AAAuB,IAAA,EAAE,EAAE;AAA3B,kBACI;AAAM,IAAA,EAAE,EAAE,YAAV;AAAwB,IAAA,SAAS,EAAE,SAAnC;AAA8C,IAAA,QAAQ,EAAEa;AAAxD,kBACI;AAAI,IAAA,SAAS,EAAC;AAAd,yBADJ,eAEI,wCAFJ,eAGI,wCAHJ,eAII;AAAK,IAAA,SAAS,EAAC;AAAf,kBACI;AAAI,IAAA,SAAS,EAAC;AAAd,kBACI;AAAO,IAAA,IAAI,EAAC,UAAZ;AAAuB,IAAA,EAAE,EAAE,UAA3B;AAAuC,IAAA,IAAI,EAAC,OAA5C;AAAoD,IAAA,KAAK,EAAC,GAA1D;AACO,IAAA,QAAQ,EAAEL;AADjB,IADJ,eAGI;AAAO,IAAA,OAAO,EAAC,QAAf;AAAwB,IAAA,KAAK,EAAC;AAA9B,eAHJ,eAKI;AAAO,IAAA,IAAI,EAAC,UAAZ;AAAuB,IAAA,EAAE,EAAC,QAA1B;AAAmC,IAAA,IAAI,EAAC,OAAxC;AAAgD,IAAA,KAAK,EAAC,GAAtD;AACO,IAAA,QAAQ,EAAEA;AADjB,IALJ,eAOI;AAAO,IAAA,OAAO,EAAC,QAAf;AAAwB,IAAA,KAAK,EAAC;AAA9B,eAPJ,eASI;AAAO,IAAA,IAAI,EAAC,UAAZ;AAAuB,IAAA,EAAE,EAAC,QAA1B;AAAmC,IAAA,IAAI,EAAC,OAAxC;AAAgD,IAAA,KAAK,EAAC,GAAtD;AACO,IAAA,QAAQ,EAAEA;AADjB,IATJ,eAWI;AAAO,IAAA,OAAO,EAAC,QAAf;AAAwB,IAAA,KAAK,EAAC;AAA9B,eAXJ,eAaI;AAAO,IAAA,IAAI,EAAC,UAAZ;AAAuB,IAAA,EAAE,EAAC,QAA1B;AAAmC,IAAA,IAAI,EAAC,OAAxC;AAAgD,IAAA,KAAK,EAAC,GAAtD;AACO,IAAA,QAAQ,EAAEA;AADjB,IAbJ,eAeI;AAAO,IAAA,OAAO,EAAC,QAAf;AAAwB,IAAA,KAAK,EAAC;AAA9B,eAfJ,eAiBI;AAAO,IAAA,IAAI,EAAC,UAAZ;AAAuB,IAAA,EAAE,EAAC,QAA1B;AAAmC,IAAA,IAAI,EAAC,OAAxC;AAAgD,IAAA,KAAK,EAAC,GAAtD;AACO,IAAA,QAAQ,EAAEA;AADjB,IAjBJ,eAmBI;AAAO,IAAA,OAAO,EAAC,QAAf;AAAwB,IAAA,KAAK,EAAC;AAA9B,cAnBJ,CADJ,CAJJ,eA4BI;AAAK,IAAA,SAAS,EAAC;AAAf,kBACI;AAAO,IAAA,OAAO,EAAC,UAAf;AAA0B,IAAA,SAAS,EAAC;AAApC,mBADJ,eAEI;AAAK,IAAA,SAAS,EAAC;AAAf,kBACI;AAAM,IAAA,SAAS,EAAC,kBAAhB;AAAmC,IAAA,EAAE,EAAC;AAAtC,kBAAwD;AAAG,IAAA,SAAS,EAAC;AAAb,IAAxD,CADJ,eAEI;AAAU,IAAA,IAAI,EAAC,aAAf;AAA6B,IAAA,SAAS,EAAC,cAAvC;AAAsD,IAAA,EAAE,EAAC,QAAzD;AAAkE,IAAA,IAAI,EAAC,GAAvE;AAA2E,IAAA,QAAQ,EAAEA;AAArF,IAFJ,CAFJ,CA5BJ,eAoCI;AAAK,IAAA,SAAS,EAAE;AAAhB,kBACI;AAAQ,IAAA,EAAE,EAAC,QAAX;AAAoB,IAAA,IAAI,EAAC,QAAzB;AAAkC,IAAA,SAAS,EAAC,eAA5C;AAA4D,IAAA,KAAK,EAAE;AAACoB,MAAAA,eAAe,EAAE;AAAlB;AAAnE,kBACI;AAAM,IAAA,SAAS,EAAE;AAAjB,cADJ,CADJ,CApCJ,CADJ,CA5BJ,eA4EI;AAAK,IAAA,SAAS,EAAE,OAAhB;AAAyB,IAAA,EAAE,EAAE,YAA7B;AAA2C,IAAA,KAAK,EAAE;AAACP,MAAAA,OAAO,EAAC;AAAT;AAAlD,kBACI;AAAI,IAAA,SAAS,EAAE;AAAf,yCADJ,CA5EJ,CADJ,CADJ;AAqFH,CA9HD;;eAgIexB,O","sourceRoot":"C:\\Users\\Simona\\Desktop\\RestaurantFrontend\\src\\components\\User\\","sourcesContent":["import React from \"react\";\r\nimport {Link, Redirect, useHistory} from \"react-router-dom\"\r\n\r\nconst Profile=(props)=>{\r\n\r\n    const history = useHistory();\r\n    let leftReview=false;\r\n    const [formData, updateFormData] = React.useState({\r\n        stars:1,\r\n        description:\"\",\r\n        username:\"\",\r\n    })\r\n\r\n\r\n    const handleChange=(e)=>{\r\n        updateFormData({\r\n            ...formData,\r\n            [e.target.name] : e.target.value\r\n        })\r\n    }\r\n\r\n    const onFormSubmit=(e)=>{\r\n        e.preventDefault();\r\n        const stars=formData.stars;\r\n        const description=formData.description;\r\n\r\n        props.onLeaveReview(stars,description,props.user.username);\r\n\r\n        //handleDisplay()\r\n    }\r\n    /* istanbul ignore next */\r\n    const handleDisplay=()=>{\r\n\r\n        document.getElementById(\"leaveReview\").style.display='none'\r\n        document.getElementById(\"leftReview\").style.display='block';\r\n    }\r\n\r\n    /* istanbul ignore else */\r\n    if (localStorage.getItem(\"user\")===null )\r\n    {\r\n        return (\r\n            <Redirect to={\"/unauthorized\"} />\r\n        )\r\n    }\r\n    return (\r\n        <div className=\"container mt-5 mb-5\">\r\n            <div className=\"row\">\r\n                <div className=\"col-4\">\r\n                    <h3 className=\"title\">User profile</h3>\r\n                    <hr/>\r\n                        <br/>\r\n                            <div className=\"shadow p-3 mb-5 bg-white rounded border\">\r\n                                <span className={\"userName\"}>{props.user.name}</span> <br/>\r\n                                <span className={\"userSurname\"}>{props.user.surname}</span><br/>\r\n                                <span className={\"userAddress\"}>{props.user.address}</span><br/>\r\n                                <span className={\"userPhoneNumber\"}>{props.user.phoneNumber}</span>\r\n                            </div>\r\n                    { /* istanbul ignore next */ localStorage.getItem(\"userRole\") !== null &&\r\n                    localStorage.getItem(\"userRole\").endsWith(\"ADMIN\") &&\r\n                        <div className={\"mt-5 row\"}>\r\n                            <Link className={\"btn w-100 fw-bold\"} id={\"mealCategoriesButton\"} to={\"/mealCategories\"}\r\n                                  style={{backgroundColor: '#bb9c57', color: '#004332'}} >Meal categories</Link>\r\n\r\n                            <Link className={\"btn mt-3 w-100 fw-bold\"} id={\"ingredientsButton\"} to={\"/ingredients\"}\r\n                                  style={{backgroundColor: '#bb9c57', color: '#004332'}}>Ingredients</Link>\r\n                        </div>\r\n                    }\r\n                </div>\r\n\r\n                <div className=\"col-2\">\r\n\r\n                </div>\r\n\r\n                { !leftReview &&\r\n                <div className=\"col-6\" id={\"leaveReview\"}>\r\n                    <form id={\"reviewForm\"} className={\"row g-3\"} onSubmit={onFormSubmit}>\r\n                        <h2 className=\"title\">Leave us a review</h2>\r\n                        <hr/>\r\n                        <br/>\r\n                        <div className=\"form-group\">\r\n                            <ul className=\"rate-area\">\r\n                                <input type=\"checkbox\" id={\"fiveStar\"} name=\"stars\" value=\"5\"\r\n                                       onChange={handleChange}/>\r\n                                <label htmlFor=\"5-star\" title=\"Amazing\">5 stars</label>\r\n\r\n                                <input type=\"checkbox\" id=\"4-star\" name=\"stars\" value=\"4\"\r\n                                       onChange={handleChange}/>\r\n                                <label htmlFor=\"4-star\" title=\"Good\">4 stars</label>\r\n\r\n                                <input type=\"checkbox\" id=\"3-star\" name=\"stars\" value=\"3\"\r\n                                       onChange={handleChange}/>\r\n                                <label htmlFor=\"3-star\" title=\"Average\">3 stars</label>\r\n\r\n                                <input type=\"checkbox\" id=\"2-star\" name=\"stars\" value=\"2\"\r\n                                       onChange={handleChange}/>\r\n                                <label htmlFor=\"2-star\" title=\"Not Good\">2 stars</label>\r\n\r\n                                <input type=\"checkbox\" id=\"1-star\" name=\"stars\" value=\"1\"\r\n                                       onChange={handleChange}/>\r\n                                <label htmlFor=\"1-star\" title=\"Bad\">1 star</label>\r\n                            </ul>\r\n                        </div>\r\n\r\n                        <div className=\"col-md-12\">\r\n                            <label htmlFor=\"username\" className=\"form-label\">Description</label>\r\n                            <div className=\"input-group has-validation\">\r\n                                <span className=\"input-group-text\" id=\"inputGroupEmail\"><i className=\"fa fa-pencil\"/></span>\r\n                                <textarea name=\"description\" className=\"form-control\" id=\"review\" rows=\"3\" onChange={handleChange}/>\r\n                            </div>\r\n                        </div>\r\n\r\n                        <div className={\"d-grid gap-2 col-md-12 mt-4\"}>\r\n                            <button id=\"submit\" type=\"submit\" className=\"btn btn-block\" style={{backgroundColor: '#004332'}}>\r\n                                <span className={\"goldText\"}>Submit</span>\r\n                            </button>\r\n                        </div>\r\n\r\n\r\n                    </form>\r\n                </div>\r\n                }\r\n\r\n                <div className={\"col-6\"} id={\"leftReview\"} style={{display:'none'}}>\r\n                    <h1 className={\"greenText\"}>Thank you for leaving us a review</h1>\r\n                </div>\r\n\r\n            </div>\r\n        </div>\r\n    )\r\n}\r\n\r\nexport default Profile;"]},"_coverageSchema":"1a1c01bbd47fc00a2c39e90264f33305004495a9","hash":"c92427477437436293201d4d8787b7156529d9f2","contentHash":"011a91079433654f7102b809df5d76185a434b571383a589e560f34580702714"},"C:\\Users\\Simona\\Desktop\\RestaurantFrontend\\src\\components\\Exceptions\\Unauthorized.js":{"path":"C:\\Users\\Simona\\Desktop\\RestaurantFrontend\\src\\components\\Exceptions\\Unauthorized.js","statementMap":{"0":{"start":{"line":3,"column":29},"end":{"line":3,"column":84}},"1":{"start":{"line":5,"column":0},"end":{"line":7,"column":3}},"2":{"start":{"line":8,"column":0},"end":{"line":8,"column":25}},"3":{"start":{"line":10,"column":13},"end":{"line":10,"column":53}},"4":{"start":{"line":12,"column":22},"end":{"line":12,"column":49}},"5":{"start":{"line":14,"column":19},"end":{"line":40,"column":1}},"6":{"start":{"line":15,"column":16},"end":{"line":15,"column":49}},"7":{"start":{"line":16,"column":2},"end":{"line":39,"column":19}},"8":{"start":{"line":33,"column":6},"end":{"line":33,"column":30}},"9":{"start":{"line":42,"column":15},"end":{"line":42,"column":27}},"10":{"start":{"line":43,"column":0},"end":{"line":43,"column":27}}},"fnMap":{"0":{"name":"Unauthorized","decl":{"start":{"line":14,"column":28},"end":{"line":14,"column":40}},"loc":{"start":{"line":14,"column":43},"end":{"line":40,"column":1}},"line":14},"1":{"name":"onClick","decl":{"start":{"line":32,"column":22},"end":{"line":32,"column":29}},"loc":{"start":{"line":32,"column":32},"end":{"line":34,"column":5}},"line":32}},"branchMap":{},"s":{"0":1,"1":1,"2":1,"3":1,"4":1,"5":1,"6":1,"7":1,"8":1,"9":1,"10":1},"f":{"0":1,"1":1},"b":{},"inputSourceMap":{"version":3,"sources":["Unauthorized.js"],"names":["Unauthorized","history","goBack","backgroundColor","color"],"mappings":";;;;;;;;;AAAA;;AACA;;AAEA,IAAMA,YAAY,GAAC,SAAbA,YAAa,GAAI;AAEnB,MAAIC,OAAO,GAAG,iCAAd;AAEA,sBACI;AAAK,IAAA,EAAE,EAAE,oBAAT;AAA+B,IAAA,SAAS,EAAC;AAAzC,kBACI;AAAK,IAAA,SAAS,EAAC;AAAf,kBACI;AAAK,IAAA,SAAS,EAAC;AAAf,kBACI,qDAAG;AAAG,IAAA,SAAS,EAAC;AAAb,IAAH,eAAoD,wCAApD,qBADJ,CADJ,eAII;AAAK,IAAA,SAAS,EAAC;AAAf,kBACI;AAAG,IAAA,SAAS,EAAE;AAAd,oDAAoE,wCAApE,8DADJ,eAEI;AAAQ,IAAA,EAAE,EAAE,QAAZ;AAAsB,IAAA,SAAS,EAAC,WAAhC;AAA4C,IAAA,OAAO,EAAE;AAAA,aAAIA,OAAO,CAACC,MAAR,EAAJ;AAAA,KAArD;AACM,IAAA,KAAK,EAAE;AAACC,MAAAA,eAAe,EAAE,SAAlB;AAA6BC,MAAAA,KAAK,EAAC;AAAnC;AADb,eAFJ,CAJJ,CADJ,CADJ;AAcH,CAlBD;;eAoBeJ,Y","sourceRoot":"C:\\Users\\Simona\\Desktop\\RestaurantFrontend\\src\\components\\Exceptions\\","sourcesContent":["import React from \"react\";\r\nimport { useHistory } from \"react-router-dom\";\r\n\r\nconst Unauthorized=()=>{\r\n\r\n    let history = useHistory();\r\n\r\n    return(\r\n        <div id={\"unauthorizedAccess\"} className=\"container mt-5 mb-5 d-flex justify-content-center\">\r\n            <div className=\"row mt-5\">\r\n                <div className=\"col-md-2 text-center\">\r\n                    <p><i className=\"fa fa-exclamation-triangle fa-5x\"/><br/>Status Code: 403</p>\r\n                </div>\r\n                <div className=\"col-md-10 text-center\">\r\n                    <p className={\"fw-bold  text-danger\"}>Sorry, your access is refused.<br/>Please go back to the previous page to continue browsing.</p>\r\n                    <button id={\"goBack\"} className=\"btn w-100\" onClick={()=>history.goBack()}\r\n                          style={{backgroundColor: '#004332', color:'#bb9c57'}}>Go Back</button>\r\n                </div>\r\n            </div>\r\n        </div>\r\n    )\r\n}\r\n\r\nexport default Unauthorized;"]},"_coverageSchema":"1a1c01bbd47fc00a2c39e90264f33305004495a9","hash":"3d5f5c01333791ae694277cb7a0ee01086f23142","contentHash":"9b81a4e15e25bb2187e81c7a135b9ee4d801a1352488c33dedce7e9b315e9056"}}