<?xml version="1.0" encoding="UTF-8"?><testsuite errors="0" failures="0" name="Customer2 adds meals in shopping cart and can manipulate with the" skipped="0" tests="6" time="19.1" timestamp="2021-09-15 08:47:01"><testcase name="Customer2 is on Shopping cart page and there should be 5 order items,"/><testcase name="Customer2 is on Shopping cart page and there should be 5 order items with below data,"/><testcase name="Customer2 is on Shopping cart page and clicks on the delete button next to Meal6 (order item with id 7), total=380"/><testcase name="Customer2 clicks on continue shopping button and he is redirected to menu page"/><testcase name="Customer2 is on shopping cart page and clicks on check out button, and he is redirected to /checkOut page"/><testcase name="Customer2 is on checkout page and total is 380, delivery fee 0 and total with delivery is 380"/></testsuite>