<?xml version="1.0" encoding="UTF-8"?><testsuite errors="0" failures="0" name="User with role admin is logged in and manipulates with meal categories" skipped="0" tests="8" time="41.54" timestamp="2021-09-15 08:42:47"><testcase name="Admin user is logged in and navigates to meal categories page"/><testcase name="Admin user is logged in and views the list of meal categories, there should be 11 rows"/><testcase name="Admin user is logged in and open the form for adding new meal category"/><testcase name="Admin user is logged in and adds new meal category with Name testCategory"/><testcase name="Admin user is logged in and opens the form for editing meal category &quot;Meal category for edit&quot;"/><testcase name="Admin user is logged in and edits Meal category for edit meal category with name EditedMealCategory"/><testcase name="Admin user is logged in and edits Meal category for edit meal category with imageUrl https"/><testcase name="Admin user is logged in deletes &quot;Meal category for delete&quot; meal category"/></testsuite>