<?xml version="1.0" encoding="UTF-8"?><testsuite errors="0" failures="0" name="Admin is logged in and views the menu, list of meals" skipped="0" tests="10" time="55.36" timestamp="2021-09-15 08:44:57"><testcase name="Admin user is logged in and opens the form for adding new meal"/><testcase name="Admin user is logged in and add new meal"/><testcase name="Admin wants to edit meal named Meal for edit so edit form should be displayed"/><testcase name="Admin wants to edit meal named Meal for edit with new name Edited meal"/><testcase name="Admin wants to edit meal named Meal for edit with new description Edited meal description"/><testcase name="Admin wants to edit meal named Meal for edit with new price 35"/><testcase name="Admin wants to edit meal named Meal for edit with new category Pizza"/><testcase name="Admin wants to edit meal named Meal for edit with new name imageUrl"/><testcase name="Admin wants to edit Ingredients"/><testcase name="Admin want to delete Meal for delete by clicking on delete button after meal"/></testsuite>