<?xml version="1.0" encoding="UTF-8"?><testsuite errors="0" failures="0" name="Employee is logged and and views processing order and start preparing meals. After preparation of meals for order" skipped="0" tests="6" time="19.36" timestamp="2021-09-15 08:45:59"><testcase name="Employee is logged in and clicks on processing orders button on home page. Processing order page is displayed"/><testcase name="Employee user is logged in and is on processing orders page. There should be 2 processing orders"/><testcase name="Employee is on processing order page, displayed data is"/><testcase name="Employee is on processing order page and clicks on ready for delivery button for customer1@test.com order,"/><testcase name="Employee user is logged in and is on processing order page after clicking on ready for delivery button"/><testcase name="Delivery user is on deliveries page and should see records about customer1@test.com order."/></testsuite>