<?xml version="1.0" encoding="UTF-8"?><testsuite errors="0" failures="0" name="Customer can view details about selected meal" skipped="0" tests="10" time="38.03" timestamp="2021-09-15 08:43:33"><testcase name="Customer is on Meal2 details page"/><testcase name="Customer is on Meal2 details page, so there should be Meal2 as meal name, Meal2 description as meal description"/><testcase name="Customer is on Meal2 details page and he click 1 times on plus button, value of input should be 2"/><testcase name="Customer is on Meal2 details page and he clicks 10 times on plus button, but value of input should stay 7"/><testcase name="Customer is on Meal2 details page, the quantity is 3 so he clicks once on minus button and quantity should be 2"/><testcase name="Customer is on Meal2 details page, the quantity is 5 so he clicks 7 times on minus button but quantity should be 1"/><testcase name="Customer is on Meal2 details page, after the details for meal there should be list of 4 most ordered meals"/><testcase name="Customer is on Meal2 details page, the list of 4 most ordered meals is &quot;Meal2, Meal7, Meal8, Meal9&quot;"/><testcase name="Customer is on Meal2 details page, he clicks 4 times on plus button for Meal2 and then Add, meal should be in"/><testcase name="Customer is on Meal2 details page, clicks 2 times on plus button for Meal as most ordered product and then on Add."/></testsuite>