<?xml version="1.0" encoding="UTF-8"?><testsuite errors="0" failures="0" name="Users with different roles should see different pages" skipped="0" tests="45" time="108.31" timestamp="2021-09-15 08:47:24"><testcase name="Non-logged in user, accesses different pages"/><testcase name="Non-logged in user - shown buttons"/><testcase name="User with role DELIVERY, accesses different pages"/><testcase name="Logged in delivery - shown buttons"/><testcase name="User with role EMPLOYEE, accesses different pages"/><testcase name="Logged in employee - shown buttons"/><testcase name="User with role CUSTOMER, accesses different pages"/><testcase name="Logged in customer - shown buttons"/></testsuite>