<?xml version="1.0" encoding="UTF-8"?><testsuite errors="0" failures="0" name="User views his profile page" skipped="0" tests="6" time="32.8" timestamp="2021-09-15 08:49:33"><testcase name="Admin user clicks on profile button"/><testcase name="Customer user clicks on profile button"/><testcase name="Delivery user clicks on profile button"/><testcase name="Employee user clicks on profile button"/><testcase name="Customer should see his private information"/><testcase name="Customer user leaves a review"/></testsuite>