<?xml version="1.0" encoding="UTF-8"?><testsuite errors="0" failures="0" name="User with role admin is logged in and manipulates with ingredients" skipped="0" tests="8" time="33.04" timestamp="2021-09-15 08:42:09"><testcase name="Admin user is logged in and navigates to ingredients page"/><testcase name="Admin user is logged in and views the list of ingredients, there should be 33 rows"/><testcase name="Admin user is logged in and opens the form for adding new ingredient"/><testcase name="Admin user is logged in and adds new ingredient with name Ice cream and quantity 52, 34 rows"/><testcase name="Admin user is logged in and opens the form for editing Fish ingredient, so name field should"/><testcase name="Admin user is logged in and edits Fish ingredient with name EditedFish"/><testcase name="Admin user is logged in and edits Fish ingredient with quantity 55"/><testcase name="Admin user is logged in deletes Carrot ingredient with id 11, 33 rows"/></testsuite>