<?xml version="1.0" encoding="UTF-8"?><testsuite errors="0" failures="0" name="Register user" skipped="0" tests="10" time="29.4" timestamp="2021-09-15 08:50:09"><testcase name="Successful register"/><testcase name="User registers where passwords do not match"/><testcase name="User registers where email address already exists"/><testcase name="User registers with empty username"/><testcase name="User registers with empty password"/><testcase name="User registers with empty repeatedPassword"/><testcase name="User registers with empty name"/><testcase name="User registers with empty surname"/><testcase name="User registers with empty phoneNumber"/><testcase name="User registers with empty address"/></testsuite>