<?xml version="1.0" encoding="UTF-8"?><testsuite errors="0" failures="0" name="User with role delivery should view delivery items that are to be delivered," skipped="0" tests="5" time="16.81" timestamp="2021-09-15 08:41:49"><testcase name="Delivery user is logged in and navigates to delivery page"/><testcase name="Delivery user is logged in and is on delivery page. There should be 2 deliveries (rows) in the table"/><testcase name="Delivery user is logged in. For each delivery, there should be displayed"/><testcase name="When a delivery user is logged in and views the list of deliveries and clicks on Delivered for Customer2 address,"/><testcase name="Delivery user is logged in and is on the delivery page after clicking delivery"/></testsuite>