<?xml version="1.0" encoding="UTF-8"?>
<testsuite xmlns:xsi="http://www.w3.org/2001/XMLSchema-instance" xsi:noNamespaceSchemaLocation="https://maven.apache.org/surefire/maven-failsafe-plugin/xsd/failsafe-test-report-3.0.xsd" version="3.0" name="starter.CucumberTestSuite" time="539.814" tests="137" errors="0" skipped="0" failures="0">
  <properties>
[...]
</properties>
  <testcase name="Delivery user is logged in and navigates to delivery page" classname="User with role delivery should view delivery items that are to be delivered," time="5.729">
    <system-out><![CDATA[
Scenario: Delivery user is logged in and navigates to delivery page &amp#27;[90m# src/test/resources/features/delivery/001deliveries.feature:4&amp#27;[0m
  &amp#27;[32mGiven &amp#27;[0m&amp#27;[32m&amp#27;[0m&amp#27;[32m&amp#27;[1mDelivery&amp#27;[0m&amp#27;[32m user tries to log in&amp#27;[0m                               &amp#27;[90m# starter.stepdefinitions.delivery.DeliveriesStepDefinition.checkIfLoggedIn(net.serenitybdd.screenplay.Actor)&amp#27;[0m
  &amp#27;[32mWhen &amp#27;[0m&amp#27;[32m&amp#27;[0m&amp#27;[32m&amp#27;[1mDelivery&amp#27;[0m&amp#27;[32m clicks on Deliveries button&amp#27;[0m                         &amp#27;[90m# starter.stepdefinitions.delivery.DeliveriesStepDefinition.deliveryClicksOnDeliveryButton(net.serenitybdd.screenplay.Actor)&amp#27;[0m
  &amp#27;[32mThen &amp#27;[0m&amp#27;[32mDeliveries page should be displayed&amp#27;[0m                          &amp#27;[90m# starter.stepdefinitions.delivery.DeliveriesStepDefinition.deliveriesPageIsDisplayed()&amp#27;[0m
]]></system-out>
    <system-err><![CDATA[SLF4J: Failed to load class "org.slf4j.impl.StaticLoggerBinder".
SLF4J: Defaulting to no-operation (NOP) logger implementation
SLF4J: See http://www.slf4j.org/codes.html#StaticLoggerBinder for further details.
Starting ChromeDriver 93.0.4577.63 (ff5c0da2ec0adeaed5550e6c7e98417dac77d98a-refs/branch-heads/4577@{#1135}) on port 43514
Only local connections are allowed.
Please see https://chromedriver.chromium.org/security-considerations for suggestions on keeping ChromeDriver safe.
ChromeDriver was started successfully.
Sep 15, 2021 8:41:51 PM org.openqa.selenium.remote.ProtocolHandshake createSession
INFO: Detected dialect: W3C
]]></system-err>
  </testcase>
  <testcase name="Delivery user is logged in and is on delivery page. There should be 2 deliveries (rows) in the table" classname="User with role delivery should view delivery items that are to be delivered," time="3.599">
    <system-out><![CDATA[
Scenario: Delivery user is logged in and is on delivery page. There should be 2 deliveries (rows) in the table &amp#27;[90m# src/test/resources/features/delivery/001deliveries.feature:9&amp#27;[0m
  &amp#27;[32mGiven &amp#27;[0m&amp#27;[32m&amp#27;[0m&amp#27;[32m&amp#27;[1mDelivery&amp#27;[0m&amp#27;[32m user tries to log in&amp#27;[0m                                                                          &amp#27;[90m# starter.stepdefinitions.delivery.DeliveriesStepDefinition.checkIfLoggedIn(net.serenitybdd.screenplay.Actor)&amp#27;[0m
  &amp#27;[32mWhen &amp#27;[0m&amp#27;[32m&amp#27;[0m&amp#27;[32m&amp#27;[1mDelivery&amp#27;[0m&amp#27;[32m user is on deliveries page&amp#27;[0m                                                                     &amp#27;[90m# starter.stepdefinitions.delivery.DeliveriesStepDefinition.deliveryUserOnDeliveryPage(net.serenitybdd.screenplay.Actor)&amp#27;[0m
  &amp#27;[32mThen &amp#27;[0m&amp#27;[32m&amp#27;[0m&amp#27;[32m&amp#27;[1mDelivery&amp#27;[0m&amp#27;[32m sees &amp#27;[0m&amp#27;[32m&amp#27;[1m2&amp#27;[0m&amp#27;[32m deliveries in the table&amp#27;[0m                                                                 &amp#27;[90m# starter.stepdefinitions.delivery.DeliveriesStepDefinition.countDeliveryRowsInTable(net.serenitybdd.screenplay.Actor,int)&amp#27;[0m
]]></system-out>
    <system-err><![CDATA[Starting ChromeDriver 93.0.4577.63 (ff5c0da2ec0adeaed5550e6c7e98417dac77d98a-refs/branch-heads/4577@{#1135}) on port 15480
Only local connections are allowed.
Please see https://chromedriver.chromium.org/security-considerations for suggestions on keeping ChromeDriver safe.
ChromeDriver was started successfully.
Sep 15, 2021 8:41:55 PM org.openqa.selenium.remote.ProtocolHandshake createSession
INFO: Detected dialect: W3C
]]></system-err>
  </testcase>
  <testcase name="Delivery user is logged in. For each delivery, there should be displayed" classname="User with role delivery should view delivery items that are to be delivered," time="3.633">
    <system-out><![CDATA[
Scenario: Delivery user is logged in. For each delivery, there should be displayed &amp#27;[90m# src/test/resources/features/delivery/001deliveries.feature:14&amp#27;[0m
  &amp#27;[32mGiven &amp#27;[0m&amp#27;[32m&amp#27;[0m&amp#27;[32m&amp#27;[1mDelivery&amp#27;[0m&amp#27;[32m user tries to log in&amp#27;[0m                                              &amp#27;[90m# starter.stepdefinitions.delivery.DeliveriesStepDefinition.checkIfLoggedIn(net.serenitybdd.screenplay.Actor)&amp#27;[0m
  &amp#27;[32mWhen &amp#27;[0m&amp#27;[32m&amp#27;[0m&amp#27;[32m&amp#27;[1mDelivery&amp#27;[0m&amp#27;[32m user is on deliveries page&amp#27;[0m                                         &amp#27;[90m# starter.stepdefinitions.delivery.DeliveriesStepDefinition.deliveryUserOnDeliveryPage(net.serenitybdd.screenplay.Actor)&amp#27;[0m
  &amp#27;[32mThen &amp#27;[0m&amp#27;[32m&amp#27;[0m&amp#27;[32m&amp#27;[1mDelivery&amp#27;[0m&amp#27;[32m user should see above data&amp#27;[0m                                         &amp#27;[90m# starter.stepdefinitions.delivery.DeliveriesStepDefinition.checkIfDataIsDisplayed(net.serenitybdd.screenplay.Actor)&amp#27;[0m
]]></system-out>
    <system-err><![CDATA[Starting ChromeDriver 93.0.4577.63 (ff5c0da2ec0adeaed5550e6c7e98417dac77d98a-refs/branch-heads/4577@{#1135}) on port 26164
Only local connections are allowed.
Please see https://chromedriver.chromium.org/security-considerations for suggestions on keeping ChromeDriver safe.
ChromeDriver was started successfully.
Sep 15, 2021 8:41:59 PM org.openqa.selenium.remote.ProtocolHandshake createSession
INFO: Detected dialect: W3C
]]></system-err>
  </testcase>
  <testcase name="When a delivery user is logged in and views the list of deliveries and clicks on Delivered for Customer2 address," classname="User with role delivery should view delivery items that are to be delivered," time="3.978">
    <system-out><![CDATA[
Scenario: When a delivery user is logged in and views the list of deliveries and clicks on Delivered for Customer2 address, &amp#27;[90m# src/test/resources/features/delivery/001deliveries.feature:22&amp#27;[0m
  &amp#27;[32mGiven &amp#27;[0m&amp#27;[32m&amp#27;[0m&amp#27;[32m&amp#27;[1mDelivery&amp#27;[0m&amp#27;[32m user tries to log in&amp#27;[0m                                                                                       &amp#27;[90m# starter.stepdefinitions.delivery.DeliveriesStepDefinition.checkIfLoggedIn(net.serenitybdd.screenplay.Actor)&amp#27;[0m
  &amp#27;[32mAnd &amp#27;[0m&amp#27;[32m&amp#27;[0m&amp#27;[32m&amp#27;[1mDelivery&amp#27;[0m&amp#27;[32m user is on deliveries page&amp#27;[0m                                                                                   &amp#27;[90m# starter.stepdefinitions.delivery.DeliveriesStepDefinition.deliveryUserOnDeliveryPage(net.serenitybdd.screenplay.Actor)&amp#27;[0m
  &amp#27;[32mWhen &amp#27;[0m&amp#27;[32m&amp#27;[0m&amp#27;[32m&amp#27;[1mDelivery&amp#27;[0m&amp#27;[32m user clicks on Delivered button for delivery with id 2&amp#27;[0m                                                      &amp#27;[90m# starter.stepdefinitions.delivery.DeliveriesStepDefinition.clickOnDeliveryButton(net.serenitybdd.screenplay.Actor)&amp#27;[0m
  &amp#27;[32mThen &amp#27;[0m&amp#27;[32m&amp#27;[0m&amp#27;[32m&amp#27;[1mDelivery&amp#27;[0m&amp#27;[32m should see that delivery with id 2 should be removed from the table&amp#27;[0m                                         &amp#27;[90m# starter.stepdefinitions.delivery.DeliveriesStepDefinition.removeDelivery(net.serenitybdd.screenplay.Actor)&amp#27;[0m
]]></system-out>
    <system-err><![CDATA[Starting ChromeDriver 93.0.4577.63 (ff5c0da2ec0adeaed5550e6c7e98417dac77d98a-refs/branch-heads/4577@{#1135}) on port 23144
Only local connections are allowed.
Please see https://chromedriver.chromium.org/security-considerations for suggestions on keeping ChromeDriver safe.
ChromeDriver was started successfully.
Sep 15, 2021 8:42:03 PM org.openqa.selenium.remote.ProtocolHandshake createSession
INFO: Detected dialect: W3C
]]></system-err>
  </testcase>
  <testcase name="Delivery user is logged in and is on the delivery page after clicking delivery" classname="User with role delivery should view delivery items that are to be delivered," time="3.454">
    <system-out><![CDATA[
Scenario: Delivery user is logged in and is on the delivery page after clicking delivery &amp#27;[90m# src/test/resources/features/delivery/001deliveries.feature:29&amp#27;[0m
  &amp#27;[32mGiven &amp#27;[0m&amp#27;[32m&amp#27;[0m&amp#27;[32m&amp#27;[1mDelivery&amp#27;[0m&amp#27;[32m user tries to log in&amp#27;[0m                                                    &amp#27;[90m# starter.stepdefinitions.delivery.DeliveriesStepDefinition.checkIfLoggedIn(net.serenitybdd.screenplay.Actor)&amp#27;[0m
  &amp#27;[32mWhen &amp#27;[0m&amp#27;[32m&amp#27;[0m&amp#27;[32m&amp#27;[1mDelivery&amp#27;[0m&amp#27;[32m user is on deliveries page&amp#27;[0m                                               &amp#27;[90m# starter.stepdefinitions.delivery.DeliveriesStepDefinition.deliveryUserOnDeliveryPage(net.serenitybdd.screenplay.Actor)&amp#27;[0m
  &amp#27;[32mThen &amp#27;[0m&amp#27;[32m&amp#27;[0m&amp#27;[32m&amp#27;[1mDelivery&amp#27;[0m&amp#27;[32m sees &amp#27;[0m&amp#27;[32m&amp#27;[1m1&amp#27;[0m&amp#27;[32m deliveries in the table&amp#27;[0m                                           &amp#27;[90m# starter.stepdefinitions.delivery.DeliveriesStepDefinition.countDeliveryRowsInTable(net.serenitybdd.screenplay.Actor,int)&amp#27;[0m
]]></system-out>
    <system-err><![CDATA[Starting ChromeDriver 93.0.4577.63 (ff5c0da2ec0adeaed5550e6c7e98417dac77d98a-refs/branch-heads/4577@{#1135}) on port 44177
Only local connections are allowed.
Please see https://chromedriver.chromium.org/security-considerations for suggestions on keeping ChromeDriver safe.
ChromeDriver was started successfully.
Sep 15, 2021 8:42:07 PM org.openqa.selenium.remote.ProtocolHandshake createSession
INFO: Detected dialect: W3C
]]></system-err>
  </testcase>
  <testcase name="Admin user is logged in and navigates to ingredients page" classname="User with role admin is logged in and manipulates with ingredients" time="3.673">
    <system-out><![CDATA[
Scenario: Admin user is logged in and navigates to ingredients page &amp#27;[90m# src/test/resources/features/ingredients/002ingredients.feature:3&amp#27;[0m
  &amp#27;[32mGiven &amp#27;[0m&amp#27;[32m&amp#27;[0m&amp#27;[32m&amp#27;[1mAdmin&amp#27;[0m&amp#27;[32m user, ROLE_ADMIN, tries to login&amp#27;[0m                      &amp#27;[90m# starter.stepdefinitions.ingredients.IngredientsStepDefinition.loginAdminUser(net.serenitybdd.screenplay.Actor)&amp#27;[0m
  &amp#27;[32mWhen &amp#27;[0m&amp#27;[32m&amp#27;[0m&amp#27;[32m&amp#27;[1mAdmin&amp#27;[0m&amp#27;[32m user opens profile page&amp#27;[0m                                &amp#27;[90m# starter.stepdefinitions.ingredients.IngredientsStepDefinition.openProfilePage(net.serenitybdd.screenplay.Actor)&amp#27;[0m
  &amp#27;[32mAnd &amp#27;[0m&amp#27;[32m&amp#27;[0m&amp#27;[32m&amp#27;[1mAdmin&amp#27;[0m&amp#27;[32m user clicks on ingredients button&amp#27;[0m                       &amp#27;[90m# starter.stepdefinitions.ingredients.IngredientsStepDefinition.adminClicksOnIngredientButton(net.serenitybdd.screenplay.Actor)&amp#27;[0m
  &amp#27;[32mThen &amp#27;[0m&amp#27;[32m&amp#27;[0m&amp#27;[32m&amp#27;[1mAdmin&amp#27;[0m&amp#27;[32m should be redirected to ingredients page&amp#27;[0m               &amp#27;[90m# starter.stepdefinitions.ingredients.IngredientsStepDefinition.actorIsRedirectedToIngredientsPage(net.serenitybdd.screenplay.Actor)&amp#27;[0m
]]></system-out>
    <system-err><![CDATA[Starting ChromeDriver 93.0.4577.63 (ff5c0da2ec0adeaed5550e6c7e98417dac77d98a-refs/branch-heads/4577@{#1135}) on port 25489
Only local connections are allowed.
Please see https://chromedriver.chromium.org/security-considerations for suggestions on keeping ChromeDriver safe.
ChromeDriver was started successfully.
Sep 15, 2021 8:42:10 PM org.openqa.selenium.remote.ProtocolHandshake createSession
INFO: Detected dialect: W3C
]]></system-err>
  </testcase>
  <testcase name="Admin user is logged in and views the list of ingredients, there should be 33 rows" classname="User with role admin is logged in and manipulates with ingredients" time="5.644">
    <system-out><![CDATA[
Scenario: Admin user is logged in and views the list of ingredients, there should be 33 rows &amp#27;[90m# src/test/resources/features/ingredients/002ingredients.feature:9&amp#27;[0m
  &amp#27;[32mGiven &amp#27;[0m&amp#27;[32m&amp#27;[0m&amp#27;[32m&amp#27;[1mAdmin&amp#27;[0m&amp#27;[32m user, ROLE_ADMIN, tries to login&amp#27;[0m                                               &amp#27;[90m# starter.stepdefinitions.ingredients.IngredientsStepDefinition.loginAdminUser(net.serenitybdd.screenplay.Actor)&amp#27;[0m
  &amp#27;[32mWhen &amp#27;[0m&amp#27;[32m&amp#27;[0m&amp#27;[32m&amp#27;[1mAdmin&amp#27;[0m&amp#27;[32m user is on ingredients page&amp#27;[0m                                                     &amp#27;[90m# starter.stepdefinitions.ingredients.IngredientsStepDefinition.adminInOnIngredientsPage(net.serenitybdd.screenplay.Actor)&amp#27;[0m
  &amp#27;[32mThen &amp#27;[0m&amp#27;[32m&amp#27;[0m&amp#27;[32m&amp#27;[1mAdmin&amp#27;[0m&amp#27;[32m user should see table with ingredients with &amp#27;[0m&amp#27;[32m&amp#27;[1m33&amp#27;[0m&amp#27;[32m rows&amp#27;[0m                             &amp#27;[90m# starter.stepdefinitions.ingredients.IngredientsStepDefinition.checkNumberOfRowsInTable(net.serenitybdd.screenplay.Actor,int)&amp#27;[0m
]]></system-out>
    <system-err><![CDATA[Starting ChromeDriver 93.0.4577.63 (ff5c0da2ec0adeaed5550e6c7e98417dac77d98a-refs/branch-heads/4577@{#1135}) on port 40312
Only local connections are allowed.
Please see https://chromedriver.chromium.org/security-considerations for suggestions on keeping ChromeDriver safe.
ChromeDriver was started successfully.
Sep 15, 2021 8:42:14 PM org.openqa.selenium.remote.ProtocolHandshake createSession
INFO: Detected dialect: W3C
]]></system-err>
  </testcase>
  <testcase name="Admin user is logged in and opens the form for adding new ingredient" classname="User with role admin is logged in and manipulates with ingredients" time="3.712">
    <system-out><![CDATA[
Scenario: Admin user is logged in and opens the form for adding new ingredient &amp#27;[90m# src/test/resources/features/ingredients/002ingredients.feature:14&amp#27;[0m
  &amp#27;[32mGiven &amp#27;[0m&amp#27;[32m&amp#27;[0m&amp#27;[32m&amp#27;[1mAdmin&amp#27;[0m&amp#27;[32m user, ROLE_ADMIN, tries to login&amp#27;[0m                                 &amp#27;[90m# starter.stepdefinitions.ingredients.IngredientsStepDefinition.loginAdminUser(net.serenitybdd.screenplay.Actor)&amp#27;[0m
  &amp#27;[32mAnd &amp#27;[0m&amp#27;[32m&amp#27;[0m&amp#27;[32m&amp#27;[1mAdmin&amp#27;[0m&amp#27;[32m user is on ingredients page&amp#27;[0m                                        &amp#27;[90m# starter.stepdefinitions.ingredients.IngredientsStepDefinition.adminInOnIngredientsPage(net.serenitybdd.screenplay.Actor)&amp#27;[0m
  &amp#27;[32mWhen &amp#27;[0m&amp#27;[32m&amp#27;[0m&amp#27;[32m&amp#27;[1mAdmin&amp#27;[0m&amp#27;[32m user clicks on add new ingredient button&amp#27;[0m                          &amp#27;[90m# starter.stepdefinitions.ingredients.IngredientsStepDefinition.adminClicksOnAddNewIngredient(net.serenitybdd.screenplay.Actor)&amp#27;[0m
  &amp#27;[32mThen &amp#27;[0m&amp#27;[32m&amp#27;[0m&amp#27;[32m&amp#27;[1mAdmin&amp#27;[0m&amp#27;[32m user should be redirected to add new ingredient page&amp#27;[0m              &amp#27;[90m# starter.stepdefinitions.ingredients.IngredientsStepDefinition.adminIsRedirectedToAddNewIngredient(net.serenitybdd.screenplay.Actor)&amp#27;[0m
]]></system-out>
    <system-err><![CDATA[Starting ChromeDriver 93.0.4577.63 (ff5c0da2ec0adeaed5550e6c7e98417dac77d98a-refs/branch-heads/4577@{#1135}) on port 43717
Only local connections are allowed.
Please see https://chromedriver.chromium.org/security-considerations for suggestions on keeping ChromeDriver safe.
ChromeDriver was started successfully.
Sep 15, 2021 8:42:19 PM org.openqa.selenium.remote.ProtocolHandshake createSession
INFO: Detected dialect: W3C
]]></system-err>
  </testcase>
  <testcase name="Admin user is logged in and adds new ingredient with name Ice cream and quantity 52, 34 rows" classname="User with role admin is logged in and manipulates with ingredients" time="5.78">
    <system-out><![CDATA[
Scenario: Admin user is logged in and adds new ingredient with name Ice cream and quantity 52, 34 rows &amp#27;[90m# src/test/resources/features/ingredients/002ingredients.feature:20&amp#27;[0m
  &amp#27;[32mGiven &amp#27;[0m&amp#27;[32m&amp#27;[0m&amp#27;[32m&amp#27;[1mAdmin&amp#27;[0m&amp#27;[32m user, ROLE_ADMIN, tries to login&amp#27;[0m                                                         &amp#27;[90m# starter.stepdefinitions.ingredients.IngredientsStepDefinition.loginAdminUser(net.serenitybdd.screenplay.Actor)&amp#27;[0m
  &amp#27;[32mAnd &amp#27;[0m&amp#27;[32m&amp#27;[0m&amp#27;[32m&amp#27;[1mAdmin&amp#27;[0m&amp#27;[32m user is on add ingredient page&amp#27;[0m                                                             &amp#27;[90m# starter.stepdefinitions.ingredients.IngredientsStepDefinition.adminIsOnAddPage(net.serenitybdd.screenplay.Actor)&amp#27;[0m
  &amp#27;[32mWhen &amp#27;[0m&amp#27;[32m&amp#27;[0m&amp#27;[32m&amp#27;[1mAdmin&amp#27;[0m&amp#27;[32m user enters &amp#27;[0m&amp#27;[32m&amp#27;[1m"Ice cream"&amp#27;[0m&amp#27;[32m and &amp#27;[0m&amp#27;[32m&amp#27;[1m"52"&amp#27;[0m&amp#27;[32m for ingredient and clicks submit&amp#27;[0m                         &amp#27;[90m# starter.stepdefinitions.ingredients.IngredientsStepDefinition.enterNameAndQuantity(net.serenitybdd.screenplay.Actor,java.lang.String,java.lang.String)&amp#27;[0m
  &amp#27;[32mThen &amp#27;[0m&amp#27;[32m&amp#27;[0m&amp#27;[32m&amp#27;[1mAdmin&amp#27;[0m&amp#27;[32m user should see table with ingredients with &amp#27;[0m&amp#27;[32m&amp#27;[1m34&amp#27;[0m&amp#27;[32m rows&amp#27;[0m                                       &amp#27;[90m# starter.stepdefinitions.ingredients.IngredientsStepDefinition.checkNumberOfRowsInTable(net.serenitybdd.screenplay.Actor,int)&amp#27;[0m
]]></system-out>
    <system-err><![CDATA[Starting ChromeDriver 93.0.4577.63 (ff5c0da2ec0adeaed5550e6c7e98417dac77d98a-refs/branch-heads/4577@{#1135}) on port 11879
Only local connections are allowed.
Please see https://chromedriver.chromium.org/security-considerations for suggestions on keeping ChromeDriver safe.
ChromeDriver was started successfully.
Sep 15, 2021 8:42:23 PM org.openqa.selenium.remote.ProtocolHandshake createSession
INFO: Detected dialect: W3C
]]></system-err>
  </testcase>
  <testcase name="Admin user is logged in and opens the form for editing Fish ingredient, so name field should" classname="User with role admin is logged in and manipulates with ingredients" time="3.711">
    <system-out><![CDATA[
Scenario: Admin user is logged in and opens the form for editing Fish ingredient, so name field should &amp#27;[90m# src/test/resources/features/ingredients/002ingredients.feature:26&amp#27;[0m
  &amp#27;[32mGiven &amp#27;[0m&amp#27;[32m&amp#27;[0m&amp#27;[32m&amp#27;[1mAdmin&amp#27;[0m&amp#27;[32m user, ROLE_ADMIN, tries to login&amp#27;[0m                                                         &amp#27;[90m# starter.stepdefinitions.ingredients.IngredientsStepDefinition.loginAdminUser(net.serenitybdd.screenplay.Actor)&amp#27;[0m
  &amp#27;[32mAnd &amp#27;[0m&amp#27;[32m&amp#27;[0m&amp#27;[32m&amp#27;[1mAdmin&amp#27;[0m&amp#27;[32m user is on ingredients page&amp#27;[0m                                                                &amp#27;[90m# starter.stepdefinitions.ingredients.IngredientsStepDefinition.adminInOnIngredientsPage(net.serenitybdd.screenplay.Actor)&amp#27;[0m
  &amp#27;[32mWhen &amp#27;[0m&amp#27;[32m&amp#27;[0m&amp#27;[32m&amp#27;[1mAdmin&amp#27;[0m&amp#27;[32m clicks on Edit button for Fish with id 30&amp#27;[0m                                                 &amp#27;[90m# starter.stepdefinitions.ingredients.IngredientsStepDefinition.adminClicksEditButton(net.serenitybdd.screenplay.Actor)&amp#27;[0m
  &amp#27;[32mThen &amp#27;[0m&amp#27;[32m&amp#27;[0m&amp#27;[32m&amp#27;[1mAdmin&amp#27;[0m&amp#27;[32m should be redirected to Edit page for ingredient&amp#27;[0m                                          &amp#27;[90m# starter.stepdefinitions.ingredients.IngredientsStepDefinition.adminIsRedirectedToEditPage(net.serenitybdd.screenplay.Actor)&amp#27;[0m
  &amp#27;[32mAnd &amp#27;[0m&amp#27;[32m&amp#27;[0m&amp#27;[32m&amp#27;[1mAdmin&amp#27;[0m&amp#27;[32m should see that name field has value &amp#27;[0m&amp#27;[32m&amp#27;[1m"Fish"&amp#27;[0m&amp#27;[32m and quantity field has value &amp#27;[0m&amp#27;[32m&amp#27;[1m"23"&amp#27;[0m              &amp#27;[90m# starter.stepdefinitions.ingredients.IngredientsStepDefinition.adminShouldSeeValuesBeforeEdit(net.serenitybdd.screenplay.Actor,java.lang.String,java.lang.String)&amp#27;[0m
]]></system-out>
    <system-err><![CDATA[Starting ChromeDriver 93.0.4577.63 (ff5c0da2ec0adeaed5550e6c7e98417dac77d98a-refs/branch-heads/4577@{#1135}) on port 24638
Only local connections are allowed.
Please see https://chromedriver.chromium.org/security-considerations for suggestions on keeping ChromeDriver safe.
ChromeDriver was started successfully.
Sep 15, 2021 8:42:29 PM org.openqa.selenium.remote.ProtocolHandshake createSession
INFO: Detected dialect: W3C
]]></system-err>
  </testcase>
  <testcase name="Admin user is logged in and edits Fish ingredient with name EditedFish" classname="User with role admin is logged in and manipulates with ingredients" time="3.842">
    <system-out><![CDATA[
Scenario: Admin user is logged in and edits Fish ingredient with name EditedFish     &amp#27;[90m# src/test/resources/features/ingredients/002ingredients.feature:34&amp#27;[0m
  &amp#27;[32mGiven &amp#27;[0m&amp#27;[32m&amp#27;[0m&amp#27;[32m&amp#27;[1mAdmin&amp#27;[0m&amp#27;[32m user, ROLE_ADMIN, tries to login&amp#27;[0m                                       &amp#27;[90m# starter.stepdefinitions.ingredients.IngredientsStepDefinition.loginAdminUser(net.serenitybdd.screenplay.Actor)&amp#27;[0m
  &amp#27;[32mAnd &amp#27;[0m&amp#27;[32m&amp#27;[0m&amp#27;[32m&amp#27;[1mAdmin&amp#27;[0m&amp#27;[32m user is on ingredients page&amp#27;[0m                                              &amp#27;[90m# starter.stepdefinitions.ingredients.IngredientsStepDefinition.adminInOnIngredientsPage(net.serenitybdd.screenplay.Actor)&amp#27;[0m
  &amp#27;[32mAnd &amp#27;[0m&amp#27;[32m&amp#27;[0m&amp#27;[32m&amp#27;[1mAdmin&amp#27;[0m&amp#27;[32m clicks on Edit button for Fish with id 30&amp#27;[0m                                &amp#27;[90m# starter.stepdefinitions.ingredients.IngredientsStepDefinition.adminClicksEditButton(net.serenitybdd.screenplay.Actor)&amp#27;[0m
  &amp#27;[32mWhen &amp#27;[0m&amp#27;[32m&amp#27;[0m&amp#27;[32m&amp#27;[1mAdmin&amp#27;[0m&amp#27;[32m enters &amp#27;[0m&amp#27;[32m&amp#27;[1m"EditedFish"&amp#27;[0m&amp#27;[32m in name field for edit ingredient and clicks submit&amp#27;[0m &amp#27;[90m# starter.stepdefinitions.ingredients.IngredientsStepDefinition.adminEntersEditedName(net.serenitybdd.screenplay.Actor,java.lang.String)&amp#27;[0m
  &amp#27;[32mThen &amp#27;[0m&amp#27;[32m&amp#27;[0m&amp#27;[32m&amp#27;[1mAdmin&amp#27;[0m&amp#27;[32m should be redirected to ingredients page&amp#27;[0m                                &amp#27;[90m# starter.stepdefinitions.ingredients.IngredientsStepDefinition.actorIsRedirectedToIngredientsPage(net.serenitybdd.screenplay.Actor)&amp#27;[0m
  &amp#27;[32mAnd &amp#27;[0m&amp#27;[32m&amp#27;[0m&amp#27;[32m&amp#27;[1mAdmin&amp#27;[0m&amp#27;[32m should see row with name column &amp#27;[0m&amp#27;[32m&amp#27;[1m"EditedFish"&amp#27;[0m&amp#27;[32m and quantity &amp#27;[0m&amp#27;[32m&amp#27;[1m"23"&amp#27;[0m           &amp#27;[90m# starter.stepdefinitions.ingredients.IngredientsStepDefinition.adminSeesQuantityFieldForFish(net.serenitybdd.screenplay.Actor,java.lang.String,java.lang.String)&amp#27;[0m
]]></system-out>
    <system-err><![CDATA[Starting ChromeDriver 93.0.4577.63 (ff5c0da2ec0adeaed5550e6c7e98417dac77d98a-refs/branch-heads/4577@{#1135}) on port 27850
Only local connections are allowed.
Please see https://chromedriver.chromium.org/security-considerations for suggestions on keeping ChromeDriver safe.
ChromeDriver was started successfully.
Sep 15, 2021 8:42:33 PM org.openqa.selenium.remote.ProtocolHandshake createSession
INFO: Detected dialect: W3C
]]></system-err>
  </testcase>
  <testcase name="Admin user is logged in and edits Fish ingredient with quantity 55" classname="User with role admin is logged in and manipulates with ingredients" time="3.87">
    <system-out><![CDATA[
Scenario: Admin user is logged in and edits Fish ingredient with quantity 55     &amp#27;[90m# src/test/resources/features/ingredients/002ingredients.feature:42&amp#27;[0m
  &amp#27;[32mGiven &amp#27;[0m&amp#27;[32m&amp#27;[0m&amp#27;[32m&amp#27;[1mAdmin&amp#27;[0m&amp#27;[32m user, ROLE_ADMIN, tries to login&amp#27;[0m                                   &amp#27;[90m# starter.stepdefinitions.ingredients.IngredientsStepDefinition.loginAdminUser(net.serenitybdd.screenplay.Actor)&amp#27;[0m
  &amp#27;[32mAnd &amp#27;[0m&amp#27;[32m&amp#27;[0m&amp#27;[32m&amp#27;[1mAdmin&amp#27;[0m&amp#27;[32m user is on ingredients page&amp#27;[0m                                          &amp#27;[90m# starter.stepdefinitions.ingredients.IngredientsStepDefinition.adminInOnIngredientsPage(net.serenitybdd.screenplay.Actor)&amp#27;[0m
  &amp#27;[32mAnd &amp#27;[0m&amp#27;[32m&amp#27;[0m&amp#27;[32m&amp#27;[1mAdmin&amp#27;[0m&amp#27;[32m clicks on Edit button for Fish with id 30&amp#27;[0m                            &amp#27;[90m# starter.stepdefinitions.ingredients.IngredientsStepDefinition.adminClicksEditButton(net.serenitybdd.screenplay.Actor)&amp#27;[0m
  &amp#27;[32mWhen &amp#27;[0m&amp#27;[32m&amp#27;[0m&amp#27;[32m&amp#27;[1mAdmin&amp#27;[0m&amp#27;[32m enters &amp#27;[0m&amp#27;[32m&amp#27;[1m"55"&amp#27;[0m&amp#27;[32m in quantity field for edit ingredient and clicks submit&amp#27;[0m &amp#27;[90m# starter.stepdefinitions.ingredients.IngredientsStepDefinition.adminEnterEditedQuantity(net.serenitybdd.screenplay.Actor,java.lang.String)&amp#27;[0m
  &amp#27;[32mThen &amp#27;[0m&amp#27;[32m&amp#27;[0m&amp#27;[32m&amp#27;[1mAdmin&amp#27;[0m&amp#27;[32m should be redirected to ingredients page&amp#27;[0m                            &amp#27;[90m# starter.stepdefinitions.ingredients.IngredientsStepDefinition.actorIsRedirectedToIngredientsPage(net.serenitybdd.screenplay.Actor)&amp#27;[0m
  &amp#27;[32mAnd &amp#27;[0m&amp#27;[32m&amp#27;[0m&amp#27;[32m&amp#27;[1mAdmin&amp#27;[0m&amp#27;[32m should see row with name column &amp#27;[0m&amp#27;[32m&amp#27;[1m"EditedFish"&amp#27;[0m&amp#27;[32m and quantity &amp#27;[0m&amp#27;[32m&amp#27;[1m"55"&amp#27;[0m       &amp#27;[90m# starter.stepdefinitions.ingredients.IngredientsStepDefinition.adminSeesQuantityFieldForFish(net.serenitybdd.screenplay.Actor,java.lang.String,java.lang.String)&amp#27;[0m
]]></system-out>
    <system-err><![CDATA[Starting ChromeDriver 93.0.4577.63 (ff5c0da2ec0adeaed5550e6c7e98417dac77d98a-refs/branch-heads/4577@{#1135}) on port 2212
Only local connections are allowed.
Please see https://chromedriver.chromium.org/security-considerations for suggestions on keeping ChromeDriver safe.
ChromeDriver was started successfully.
Sep 15, 2021 8:42:36 PM org.openqa.selenium.remote.ProtocolHandshake createSession
INFO: Detected dialect: W3C
]]></system-err>
  </testcase>
  <testcase name="Admin user is logged in deletes Carrot ingredient with id 11, 33 rows" classname="User with role admin is logged in and manipulates with ingredients" time="7.607">
    <system-out><![CDATA[
Scenario: Admin user is logged in deletes Carrot ingredient with id 11, 33 rows &amp#27;[90m# src/test/resources/features/ingredients/002ingredients.feature:50&amp#27;[0m
  &amp#27;[32mGiven &amp#27;[0m&amp#27;[32m&amp#27;[0m&amp#27;[32m&amp#27;[1mAdmin&amp#27;[0m&amp#27;[32m user, ROLE_ADMIN, tries to login&amp#27;[0m                                  &amp#27;[90m# starter.stepdefinitions.ingredients.IngredientsStepDefinition.loginAdminUser(net.serenitybdd.screenplay.Actor)&amp#27;[0m
  &amp#27;[32mAnd &amp#27;[0m&amp#27;[32m&amp#27;[0m&amp#27;[32m&amp#27;[1mAdmin&amp#27;[0m&amp#27;[32m user is on ingredients page&amp#27;[0m                                         &amp#27;[90m# starter.stepdefinitions.ingredients.IngredientsStepDefinition.adminInOnIngredientsPage(net.serenitybdd.screenplay.Actor)&amp#27;[0m
  &amp#27;[32mWhen &amp#27;[0m&amp#27;[32m&amp#27;[0m&amp#27;[32m&amp#27;[1mAdmin&amp#27;[0m&amp#27;[32m clicks on Delete button for Carrot ingredient with id 11&amp#27;[0m           &amp#27;[90m# starter.stepdefinitions.ingredients.IngredientsStepDefinition.actorDeletesCarrotIngredient(net.serenitybdd.screenplay.Actor)&amp#27;[0m
  &amp#27;[32mThen &amp#27;[0m&amp#27;[32m&amp#27;[0m&amp#27;[32m&amp#27;[1mAdmin&amp#27;[0m&amp#27;[32m user should see table with ingredients with &amp#27;[0m&amp#27;[32m&amp#27;[1m33&amp#27;[0m&amp#27;[32m rows&amp#27;[0m                &amp#27;[90m# starter.stepdefinitions.ingredients.IngredientsStepDefinition.checkNumberOfRowsInTable(net.serenitybdd.screenplay.Actor,int)&amp#27;[0m
]]></system-out>
    <system-err><![CDATA[Starting ChromeDriver 93.0.4577.63 (ff5c0da2ec0adeaed5550e6c7e98417dac77d98a-refs/branch-heads/4577@{#1135}) on port 35640
Only local connections are allowed.
Please see https://chromedriver.chromium.org/security-considerations for suggestions on keeping ChromeDriver safe.
ChromeDriver was started successfully.
Sep 15, 2021 8:42:40 PM org.openqa.selenium.remote.ProtocolHandshake createSession
INFO: Detected dialect: W3C
]]></system-err>
  </testcase>
  <testcase name="Admin user is logged in and navigates to meal categories page" classname="User with role admin is logged in and manipulates with meal categories" time="3.611">
    <system-out><![CDATA[
Scenario: Admin user is logged in and navigates to meal categories page &amp#27;[90m# src/test/resources/features/mealCategories/003mealCategories.feature:3&amp#27;[0m
  &amp#27;[32mGiven &amp#27;[0m&amp#27;[32m&amp#27;[0m&amp#27;[32m&amp#27;[1mAdmin&amp#27;[0m&amp#27;[32m user, ROLE_ADMIN, tries to login&amp#27;[0m                          &amp#27;[90m# starter.stepdefinitions.ingredients.IngredientsStepDefinition.loginAdminUser(net.serenitybdd.screenplay.Actor)&amp#27;[0m
  &amp#27;[32mWhen &amp#27;[0m&amp#27;[32m&amp#27;[0m&amp#27;[32m&amp#27;[1mAdmin&amp#27;[0m&amp#27;[32m user opens profile page&amp#27;[0m                                    &amp#27;[90m# starter.stepdefinitions.ingredients.IngredientsStepDefinition.openProfilePage(net.serenitybdd.screenplay.Actor)&amp#27;[0m
  &amp#27;[32mAnd &amp#27;[0m&amp#27;[32m&amp#27;[0m&amp#27;[32m&amp#27;[1mAdmin&amp#27;[0m&amp#27;[32m user clicks on meal categories button&amp#27;[0m                       &amp#27;[90m# starter.stepdefinitions.mealCategories.MealCategoriesStepDefinition.adminClicksOnMealCategoriesButton(net.serenitybdd.screenplay.Actor)&amp#27;[0m
  &amp#27;[32mThen &amp#27;[0m&amp#27;[32m&amp#27;[0m&amp#27;[32m&amp#27;[1mAdmin&amp#27;[0m&amp#27;[32m should be redirected to meal categories page&amp#27;[0m               &amp#27;[90m# starter.stepdefinitions.mealCategories.MealCategoriesStepDefinition.adminIsRedirectedToMealCategoriesPage(net.serenitybdd.screenplay.Actor)&amp#27;[0m
]]></system-out>
    <system-err><![CDATA[Starting ChromeDriver 93.0.4577.63 (ff5c0da2ec0adeaed5550e6c7e98417dac77d98a-refs/branch-heads/4577@{#1135}) on port 32643
Only local connections are allowed.
Please see https://chromedriver.chromium.org/security-considerations for suggestions on keeping ChromeDriver safe.
ChromeDriver was started successfully.
Sep 15, 2021 8:42:48 PM org.openqa.selenium.remote.ProtocolHandshake createSession
INFO: Detected dialect: W3C
]]></system-err>
  </testcase>
  <testcase name="Admin user is logged in and views the list of meal categories, there should be 11 rows" classname="User with role admin is logged in and manipulates with meal categories" time="4.732">
    <system-out><![CDATA[
Scenario: Admin user is logged in and views the list of meal categories, there should be 11 rows &amp#27;[90m# src/test/resources/features/mealCategories/003mealCategories.feature:9&amp#27;[0m
  &amp#27;[32mGiven &amp#27;[0m&amp#27;[32m&amp#27;[0m&amp#27;[32m&amp#27;[1mAdmin&amp#27;[0m&amp#27;[32m user, ROLE_ADMIN, tries to login&amp#27;[0m                                                   &amp#27;[90m# starter.stepdefinitions.ingredients.IngredientsStepDefinition.loginAdminUser(net.serenitybdd.screenplay.Actor)&amp#27;[0m
  &amp#27;[32mWhen &amp#27;[0m&amp#27;[32m&amp#27;[0m&amp#27;[32m&amp#27;[1mAdmin&amp#27;[0m&amp#27;[32m user is on meal categories page&amp#27;[0m                                                     &amp#27;[90m# starter.stepdefinitions.mealCategories.MealCategoriesStepDefinition.adminIsOnMealCategoriesPage(net.serenitybdd.screenplay.Actor)&amp#27;[0m
  &amp#27;[32mThen &amp#27;[0m&amp#27;[32m&amp#27;[0m&amp#27;[32m&amp#27;[1mAdmin&amp#27;[0m&amp#27;[32m user should see table with meal categories with &amp#27;[0m&amp#27;[32m&amp#27;[1m11&amp#27;[0m&amp#27;[32m rows&amp#27;[0m                             &amp#27;[90m# starter.stepdefinitions.mealCategories.MealCategoriesStepDefinition.checkNumberOfRows(net.serenitybdd.screenplay.Actor,int)&amp#27;[0m
]]></system-out>
    <system-err><![CDATA[Starting ChromeDriver 93.0.4577.63 (ff5c0da2ec0adeaed5550e6c7e98417dac77d98a-refs/branch-heads/4577@{#1135}) on port 19680
Only local connections are allowed.
Please see https://chromedriver.chromium.org/security-considerations for suggestions on keeping ChromeDriver safe.
ChromeDriver was started successfully.
Sep 15, 2021 8:42:51 PM org.openqa.selenium.remote.ProtocolHandshake createSession
INFO: Detected dialect: W3C
]]></system-err>
  </testcase>
  <testcase name="Admin user is logged in and open the form for adding new meal category" classname="User with role admin is logged in and manipulates with meal categories" time="5.914">
    <system-out><![CDATA[
Scenario: Admin user is logged in and open the form for adding new meal category &amp#27;[90m# src/test/resources/features/mealCategories/003mealCategories.feature:14&amp#27;[0m
  &amp#27;[32mGiven &amp#27;[0m&amp#27;[32m&amp#27;[0m&amp#27;[32m&amp#27;[1mAdmin&amp#27;[0m&amp#27;[32m user, ROLE_ADMIN, tries to login&amp#27;[0m                                   &amp#27;[90m# starter.stepdefinitions.ingredients.IngredientsStepDefinition.loginAdminUser(net.serenitybdd.screenplay.Actor)&amp#27;[0m
  &amp#27;[32mAnd &amp#27;[0m&amp#27;[32m&amp#27;[0m&amp#27;[32m&amp#27;[1mAdmin&amp#27;[0m&amp#27;[32m user is on meal categories page&amp#27;[0m                                      &amp#27;[90m# starter.stepdefinitions.mealCategories.MealCategoriesStepDefinition.adminIsOnMealCategoriesPage(net.serenitybdd.screenplay.Actor)&amp#27;[0m
  &amp#27;[32mWhen &amp#27;[0m&amp#27;[32m&amp#27;[0m&amp#27;[32m&amp#27;[1mAdmin&amp#27;[0m&amp#27;[32m user clicks on add new meal category button&amp#27;[0m                         &amp#27;[90m# starter.stepdefinitions.mealCategories.MealCategoriesStepDefinition.adminClicksOnAddNewMealCategories(net.serenitybdd.screenplay.Actor)&amp#27;[0m
  &amp#27;[32mThen &amp#27;[0m&amp#27;[32m&amp#27;[0m&amp#27;[32m&amp#27;[1mAdmin&amp#27;[0m&amp#27;[32m user should be redirected to add new meal category page&amp#27;[0m             &amp#27;[90m# starter.stepdefinitions.mealCategories.MealCategoriesStepDefinition.adminIsRedirectedToAddNewMealCategory(net.serenitybdd.screenplay.Actor)&amp#27;[0m
]]></system-out>
    <system-err><![CDATA[Starting ChromeDriver 93.0.4577.63 (ff5c0da2ec0adeaed5550e6c7e98417dac77d98a-refs/branch-heads/4577@{#1135}) on port 40081
Only local connections are allowed.
Please see https://chromedriver.chromium.org/security-considerations for suggestions on keeping ChromeDriver safe.
ChromeDriver was started successfully.
Sep 15, 2021 8:42:56 PM org.openqa.selenium.remote.ProtocolHandshake createSession
INFO: Detected dialect: W3C
]]></system-err>
  </testcase>
  <testcase name="Admin user is logged in and adds new meal category with Name testCategory" classname="User with role admin is logged in and manipulates with meal categories" time="5.781">
    <system-out><![CDATA[
Scenario: Admin user is logged in and adds new meal category with Name testCategory                                                           &amp#27;[90m# src/test/resources/features/mealCategories/003mealCategories.feature:20&amp#27;[0m
  &amp#27;[32mGiven &amp#27;[0m&amp#27;[32m&amp#27;[0m&amp#27;[32m&amp#27;[1mAdmin&amp#27;[0m&amp#27;[32m user, ROLE_ADMIN, tries to login&amp#27;[0m                                                                                                &amp#27;[90m# starter.stepdefinitions.ingredients.IngredientsStepDefinition.loginAdminUser(net.serenitybdd.screenplay.Actor)&amp#27;[0m
  &amp#27;[32mAnd &amp#27;[0m&amp#27;[32m&amp#27;[0m&amp#27;[32m&amp#27;[1mAdmin&amp#27;[0m&amp#27;[32m user is on add new meal category page&amp#27;[0m                                                                                             &amp#27;[90m# starter.stepdefinitions.mealCategories.MealCategoriesStepDefinition.adminIsOnAddNewMealCategoryPage(net.serenitybdd.screenplay.Actor)&amp#27;[0m
  &amp#27;[32mWhen &amp#27;[0m&amp#27;[32m&amp#27;[0m&amp#27;[32m&amp#27;[1mAdmin&amp#27;[0m&amp#27;[32m user enters &amp#27;[0m&amp#27;[32m&amp#27;[1m"testCategory"&amp#27;[0m&amp#27;[32m and &amp#27;[0m&amp#27;[32m&amp#27;[1m"https://www.fitfatherproject.com/wp-content/uploads/2017/09/meal-prep-400.jpg"&amp#27;[0m&amp#27;[32m for meal category&amp#27;[0m &amp#27;[90m# starter.stepdefinitions.mealCategories.MealCategoriesStepDefinition.adminEntersValuesForMealCategory(net.serenitybdd.screenplay.Actor,java.lang.String,java.lang.String)&amp#27;[0m
  &amp#27;[32mThen &amp#27;[0m&amp#27;[32m&amp#27;[0m&amp#27;[32m&amp#27;[1mAdmin&amp#27;[0m&amp#27;[32m user should see table with meal categories with &amp#27;[0m&amp#27;[32m&amp#27;[1m12&amp#27;[0m&amp#27;[32m rows&amp#27;[0m                                                                          &amp#27;[90m# starter.stepdefinitions.mealCategories.MealCategoriesStepDefinition.checkNumberOfRows(net.serenitybdd.screenplay.Actor,int)&amp#27;[0m
]]></system-out>
    <system-err><![CDATA[Starting ChromeDriver 93.0.4577.63 (ff5c0da2ec0adeaed5550e6c7e98417dac77d98a-refs/branch-heads/4577@{#1135}) on port 38473
Only local connections are allowed.
Please see https://chromedriver.chromium.org/security-considerations for suggestions on keeping ChromeDriver safe.
ChromeDriver was started successfully.
Sep 15, 2021 8:43:02 PM org.openqa.selenium.remote.ProtocolHandshake createSession
INFO: Detected dialect: W3C
]]></system-err>
  </testcase>
  <testcase name="Admin user is logged in and opens the form for editing meal category &quot;Meal category for edit&quot;" classname="User with role admin is logged in and manipulates with meal categories" time="4.98">
    <system-out><![CDATA[
Scenario: Admin user is logged in and opens the form for editing meal category "Meal category for edit"                                                                         &amp#27;[90m# src/test/resources/features/mealCategories/003mealCategories.feature:27&amp#27;[0m
  &amp#27;[32mGiven &amp#27;[0m&amp#27;[32m&amp#27;[0m&amp#27;[32m&amp#27;[1mAdmin&amp#27;[0m&amp#27;[32m user, ROLE_ADMIN, tries to login&amp#27;[0m                                                                                                                                  &amp#27;[90m# starter.stepdefinitions.ingredients.IngredientsStepDefinition.loginAdminUser(net.serenitybdd.screenplay.Actor)&amp#27;[0m
  &amp#27;[32mAnd &amp#27;[0m&amp#27;[32m&amp#27;[0m&amp#27;[32m&amp#27;[1mAdmin&amp#27;[0m&amp#27;[32m user is on meal categories page&amp#27;[0m                                                                                                                                     &amp#27;[90m# starter.stepdefinitions.mealCategories.MealCategoriesStepDefinition.adminIsOnMealCategoriesPage(net.serenitybdd.screenplay.Actor)&amp#27;[0m
  &amp#27;[32mWhen &amp#27;[0m&amp#27;[32m&amp#27;[0m&amp#27;[32m&amp#27;[1mAdmin&amp#27;[0m&amp#27;[32m clicks on Edit button for Meal category for edit with id 10&amp#27;[0m                                                                                                        &amp#27;[90m# starter.stepdefinitions.mealCategories.MealCategoriesStepDefinition.adminClicksOnEditButton(net.serenitybdd.screenplay.Actor)&amp#27;[0m
  &amp#27;[32mThen &amp#27;[0m&amp#27;[32m&amp#27;[0m&amp#27;[32m&amp#27;[1mAdmin&amp#27;[0m&amp#27;[32m should be redirected to Edit page for meal category&amp#27;[0m                                                                                                                &amp#27;[90m# starter.stepdefinitions.mealCategories.MealCategoriesStepDefinition.adminIsRedirectedToEditPage(net.serenitybdd.screenplay.Actor)&amp#27;[0m
  &amp#27;[32mAnd &amp#27;[0m&amp#27;[32m&amp#27;[0m&amp#27;[32m&amp#27;[1mAdmin&amp#27;[0m&amp#27;[32m should see that name field has value &amp#27;[0m&amp#27;[32m&amp#27;[1m"Meal category for edit"&amp#27;[0m&amp#27;[32m and imageUrl has value &amp#27;[0m&amp#27;[32m&amp#27;[1m"https://i.pinimg.com/originals/c9/c2/b1/c9c2b12a2b325f0080a1f328a0963341.jpg"&amp#27;[0m &amp#27;[90m# starter.stepdefinitions.mealCategories.MealCategoriesStepDefinition.adminShouldSeeExistingValues(net.serenitybdd.screenplay.Actor,java.lang.String,java.lang.String)&amp#27;[0m
]]></system-out>
    <system-err><![CDATA[Starting ChromeDriver 93.0.4577.63 (ff5c0da2ec0adeaed5550e6c7e98417dac77d98a-refs/branch-heads/4577@{#1135}) on port 30485
Only local connections are allowed.
Please see https://chromedriver.chromium.org/security-considerations for suggestions on keeping ChromeDriver safe.
ChromeDriver was started successfully.
Sep 15, 2021 8:43:08 PM org.openqa.selenium.remote.ProtocolHandshake createSession
INFO: Detected dialect: W3C
]]></system-err>
  </testcase>
  <testcase name="Admin user is logged in and edits Meal category for edit meal category with name EditedMealCategory" classname="User with role admin is logged in and manipulates with meal categories" time="5.925">
    <system-out><![CDATA[
Scenario: Admin user is logged in and edits Meal category for edit meal category with name EditedMealCategory &amp#27;[90m# src/test/resources/features/mealCategories/003mealCategories.feature:36&amp#27;[0m
  &amp#27;[32mGiven &amp#27;[0m&amp#27;[32m&amp#27;[0m&amp#27;[32m&amp#27;[1mAdmin&amp#27;[0m&amp#27;[32m user, ROLE_ADMIN, tries to login&amp#27;[0m                                                                &amp#27;[90m# starter.stepdefinitions.ingredients.IngredientsStepDefinition.loginAdminUser(net.serenitybdd.screenplay.Actor)&amp#27;[0m
  &amp#27;[32mAnd &amp#27;[0m&amp#27;[32m&amp#27;[0m&amp#27;[32m&amp#27;[1mAdmin&amp#27;[0m&amp#27;[32m user is on meal categories page&amp#27;[0m                                                                   &amp#27;[90m# starter.stepdefinitions.mealCategories.MealCategoriesStepDefinition.adminIsOnMealCategoriesPage(net.serenitybdd.screenplay.Actor)&amp#27;[0m
  &amp#27;[32mAnd &amp#27;[0m&amp#27;[32m&amp#27;[0m&amp#27;[32m&amp#27;[1mAdmin&amp#27;[0m&amp#27;[32m clicks on Edit button for Meal category for edit with id 10&amp#27;[0m                                       &amp#27;[90m# starter.stepdefinitions.mealCategories.MealCategoriesStepDefinition.adminClicksOnEditButton(net.serenitybdd.screenplay.Actor)&amp#27;[0m
  &amp#27;[32mWhen &amp#27;[0m&amp#27;[32m&amp#27;[0m&amp#27;[32m&amp#27;[1mAdmin&amp#27;[0m&amp#27;[32m enters &amp#27;[0m&amp#27;[32m&amp#27;[1m"EditedMealCategory"&amp#27;[0m&amp#27;[32m in name field for edit meal category&amp#27;[0m                                 &amp#27;[90m# starter.stepdefinitions.mealCategories.MealCategoriesStepDefinition.adminEntersEditedName(net.serenitybdd.screenplay.Actor,java.lang.String)&amp#27;[0m
  &amp#27;[32mThen &amp#27;[0m&amp#27;[32m&amp#27;[0m&amp#27;[32m&amp#27;[1mAdmin&amp#27;[0m&amp#27;[32m should be redirected to meal categories page&amp#27;[0m                                                     &amp#27;[90m# starter.stepdefinitions.mealCategories.MealCategoriesStepDefinition.adminIsRedirectedToMealCategoriesPage(net.serenitybdd.screenplay.Actor)&amp#27;[0m
]]></system-out>
    <system-err><![CDATA[Starting ChromeDriver 93.0.4577.63 (ff5c0da2ec0adeaed5550e6c7e98417dac77d98a-refs/branch-heads/4577@{#1135}) on port 41898
Only local connections are allowed.
Please see https://chromedriver.chromium.org/security-considerations for suggestions on keeping ChromeDriver safe.
ChromeDriver was started successfully.
Sep 15, 2021 8:43:13 PM org.openqa.selenium.remote.ProtocolHandshake createSession
INFO: Detected dialect: W3C
]]></system-err>
  </testcase>
  <testcase name="Admin user is logged in and edits Meal category for edit meal category with imageUrl https://www.fitfatherproject.com/wp-content/uploads/2017/09/meal-prep-400.jpg" classname="User with role admin is logged in and manipulates with meal categories" time="5.542">
    <system-out><![CDATA[
Scenario: Admin user is logged in and edits Meal category for edit meal category with imageUrl https://www.fitfatherproject.com/wp-content/uploads/2017/09/meal-prep-400.jpg &amp#27;[90m# src/test/resources/features/mealCategories/003mealCategories.feature:43&amp#27;[0m
  &amp#27;[32mGiven &amp#27;[0m&amp#27;[32m&amp#27;[0m&amp#27;[32m&amp#27;[1mAdmin&amp#27;[0m&amp#27;[32m user, ROLE_ADMIN, tries to login&amp#27;[0m                                                                                                                               &amp#27;[90m# starter.stepdefinitions.ingredients.IngredientsStepDefinition.loginAdminUser(net.serenitybdd.screenplay.Actor)&amp#27;[0m
  &amp#27;[32mAnd &amp#27;[0m&amp#27;[32m&amp#27;[0m&amp#27;[32m&amp#27;[1mAdmin&amp#27;[0m&amp#27;[32m user is on meal categories page&amp#27;[0m                                                                                                                                  &amp#27;[90m# starter.stepdefinitions.mealCategories.MealCategoriesStepDefinition.adminIsOnMealCategoriesPage(net.serenitybdd.screenplay.Actor)&amp#27;[0m
  &amp#27;[32mAnd &amp#27;[0m&amp#27;[32m&amp#27;[0m&amp#27;[32m&amp#27;[1mAdmin&amp#27;[0m&amp#27;[32m clicks on Edit button for Meal category for edit with id 10&amp#27;[0m                                                                                                      &amp#27;[90m# starter.stepdefinitions.mealCategories.MealCategoriesStepDefinition.adminClicksOnEditButton(net.serenitybdd.screenplay.Actor)&amp#27;[0m
  &amp#27;[32mWhen &amp#27;[0m&amp#27;[32m&amp#27;[0m&amp#27;[32m&amp#27;[1mAdmin&amp#27;[0m&amp#27;[32m enters &amp#27;[0m&amp#27;[32m&amp#27;[1m"https://www.fitfatherproject.com/wp-content/uploads/2017/09/meal-prep-400.jpg"&amp#27;[0m&amp#27;[32m in imageUrl field for edit meal category&amp#27;[0m                                 &amp#27;[90m# starter.stepdefinitions.mealCategories.MealCategoriesStepDefinition.adminEditsImageUrl(net.serenitybdd.screenplay.Actor,java.lang.String)&amp#27;[0m
  &amp#27;[32mThen &amp#27;[0m&amp#27;[32m&amp#27;[0m&amp#27;[32m&amp#27;[1mAdmin&amp#27;[0m&amp#27;[32m should be redirected to meal categories page&amp#27;[0m                                                                                                                    &amp#27;[90m# starter.stepdefinitions.mealCategories.MealCategoriesStepDefinition.adminIsRedirectedToMealCategoriesPage(net.serenitybdd.screenplay.Actor)&amp#27;[0m
]]></system-out>
    <system-err><![CDATA[Starting ChromeDriver 93.0.4577.63 (ff5c0da2ec0adeaed5550e6c7e98417dac77d98a-refs/branch-heads/4577@{#1135}) on port 44394
Only local connections are allowed.
Please see https://chromedriver.chromium.org/security-considerations for suggestions on keeping ChromeDriver safe.
ChromeDriver was started successfully.
Sep 15, 2021 8:43:19 PM org.openqa.selenium.remote.ProtocolHandshake createSession
INFO: Detected dialect: W3C
]]></system-err>
  </testcase>
  <testcase name="Admin user is logged in deletes &quot;Meal category for delete&quot; meal category" classname="User with role admin is logged in and manipulates with meal categories" time="9.855">
    <system-out><![CDATA[
Scenario: Admin user is logged in deletes "Meal category for delete" meal category &amp#27;[90m# src/test/resources/features/mealCategories/003mealCategories.feature:50&amp#27;[0m
  &amp#27;[32mGiven &amp#27;[0m&amp#27;[32m&amp#27;[0m&amp#27;[32m&amp#27;[1mAdmin&amp#27;[0m&amp#27;[32m user, ROLE_ADMIN, tries to login&amp#27;[0m                                     &amp#27;[90m# starter.stepdefinitions.ingredients.IngredientsStepDefinition.loginAdminUser(net.serenitybdd.screenplay.Actor)&amp#27;[0m
  &amp#27;[32mAnd &amp#27;[0m&amp#27;[32m&amp#27;[0m&amp#27;[32m&amp#27;[1mAdmin&amp#27;[0m&amp#27;[32m user is on meal categories page&amp#27;[0m                                        &amp#27;[90m# starter.stepdefinitions.mealCategories.MealCategoriesStepDefinition.adminIsOnMealCategoriesPage(net.serenitybdd.screenplay.Actor)&amp#27;[0m
  &amp#27;[32mWhen &amp#27;[0m&amp#27;[32m&amp#27;[0m&amp#27;[32m&amp#27;[1mAdmin&amp#27;[0m&amp#27;[32m clicks on Delete button for Meal category for delete with id 11&amp#27;[0m       &amp#27;[90m# starter.stepdefinitions.mealCategories.MealCategoriesStepDefinition.adminDeletesMealCategory(net.serenitybdd.screenplay.Actor)&amp#27;[0m
  &amp#27;[32mThen &amp#27;[0m&amp#27;[32m&amp#27;[0m&amp#27;[32m&amp#27;[1mAdmin&amp#27;[0m&amp#27;[32m user should see table with meal categories with &amp#27;[0m&amp#27;[32m&amp#27;[1m11&amp#27;[0m&amp#27;[32m rows&amp#27;[0m               &amp#27;[90m# starter.stepdefinitions.mealCategories.MealCategoriesStepDefinition.checkNumberOfRows(net.serenitybdd.screenplay.Actor,int)&amp#27;[0m
]]></system-out>
    <system-err><![CDATA[Starting ChromeDriver 93.0.4577.63 (ff5c0da2ec0adeaed5550e6c7e98417dac77d98a-refs/branch-heads/4577@{#1135}) on port 35003
Only local connections are allowed.
Please see https://chromedriver.chromium.org/security-considerations for suggestions on keeping ChromeDriver safe.
ChromeDriver was started successfully.
Sep 15, 2021 8:43:24 PM org.openqa.selenium.remote.ProtocolHandshake createSession
INFO: Detected dialect: W3C
]]></system-err>
  </testcase>
  <testcase name="Customer is on Meal2 details page" classname="Customer can view details about selected meal" time="3.631">
    <system-out><![CDATA[
Scenario: Customer is on Meal2 details page                      &amp#27;[90m# src/test/resources/features/menu/004meal.feature:3&amp#27;[0m
  &amp#27;[32mGiven &amp#27;[0m&amp#27;[32m&amp#27;[0m&amp#27;[32m&amp#27;[1mCustomer2&amp#27;[0m&amp#27;[32m user, ROLE_CUSTOMER, tries to login&amp#27;[0m            &amp#27;[90m# starter.stepdefinitions.menu.MealStepDefinitions.customer2UserTriesToLogin(net.serenitybdd.screenplay.Actor)&amp#27;[0m
  &amp#27;[32mAnd &amp#27;[0m&amp#27;[32m&amp#27;[0m&amp#27;[32m&amp#27;[1mCustomer2&amp#27;[0m&amp#27;[32m user is on menu page&amp#27;[0m                             &amp#27;[90m# starter.stepdefinitions.menu.MealStepDefinitions.customerIsOnMenuPage(net.serenitybdd.screenplay.Actor)&amp#27;[0m
  &amp#27;[32mWhen &amp#27;[0m&amp#27;[32m&amp#27;[0m&amp#27;[32m&amp#27;[1mCustomer2&amp#27;[0m&amp#27;[32m user clicks on meal with name Meal2&amp#27;[0m             &amp#27;[90m# starter.stepdefinitions.menu.MealStepDefinitions.customerClicksOnMeal2(net.serenitybdd.screenplay.Actor)&amp#27;[0m
  &amp#27;[32mThen &amp#27;[0m&amp#27;[32m&amp#27;[0m&amp#27;[32m&amp#27;[1mCustomer2&amp#27;[0m&amp#27;[32m user should be redirected to Meal2 details page&amp#27;[0m &amp#27;[90m# starter.stepdefinitions.menu.MealStepDefinitions.customerIsOnMeal2DetailsPage(net.serenitybdd.screenplay.Actor)&amp#27;[0m
]]></system-out>
    <system-err><![CDATA[Starting ChromeDriver 93.0.4577.63 (ff5c0da2ec0adeaed5550e6c7e98417dac77d98a-refs/branch-heads/4577@{#1135}) on port 38218
Only local connections are allowed.
Please see https://chromedriver.chromium.org/security-considerations for suggestions on keeping ChromeDriver safe.
ChromeDriver was started successfully.
Sep 15, 2021 8:43:34 PM org.openqa.selenium.remote.ProtocolHandshake createSession
INFO: Detected dialect: W3C
]]></system-err>
  </testcase>
  <testcase name="Customer is on Meal2 details page, so there should be Meal2 as meal name, Meal2 description as meal description" classname="Customer can view details about selected meal" time="3.786">
    <system-out><![CDATA[
Scenario: Customer is on Meal2 details page, so there should be Meal2 as meal name, Meal2 description as meal description  &amp#27;[90m# src/test/resources/features/menu/004meal.feature:10&amp#27;[0m
  &amp#27;[32mGiven &amp#27;[0m&amp#27;[32m&amp#27;[0m&amp#27;[32m&amp#27;[1mCustomer2&amp#27;[0m&amp#27;[32m user, ROLE_CUSTOMER, tries to login&amp#27;[0m                                                                      &amp#27;[90m# starter.stepdefinitions.menu.MealStepDefinitions.customer2UserTriesToLogin(net.serenitybdd.screenplay.Actor)&amp#27;[0m
  &amp#27;[32mAnd &amp#27;[0m&amp#27;[32m&amp#27;[0m&amp#27;[32m&amp#27;[1mCustomer2&amp#27;[0m&amp#27;[32m user is on menu page&amp#27;[0m                                                                                       &amp#27;[90m# starter.stepdefinitions.menu.MealStepDefinitions.customerIsOnMenuPage(net.serenitybdd.screenplay.Actor)&amp#27;[0m
  &amp#27;[32mWhen &amp#27;[0m&amp#27;[32m&amp#27;[0m&amp#27;[32m&amp#27;[1mCustomer2&amp#27;[0m&amp#27;[32m user clicks on meal with name Meal2&amp#27;[0m                                                                       &amp#27;[90m# starter.stepdefinitions.menu.MealStepDefinitions.customerClicksOnMeal2(net.serenitybdd.screenplay.Actor)&amp#27;[0m
  &amp#27;[32mThen &amp#27;[0m&amp#27;[32m&amp#27;[0m&amp#27;[32m&amp#27;[1mCustomer2&amp#27;[0m&amp#27;[32m user should be redirected to Meal2 details page&amp#27;[0m                                                           &amp#27;[90m# starter.stepdefinitions.menu.MealStepDefinitions.customerIsOnMeal2DetailsPage(net.serenitybdd.screenplay.Actor)&amp#27;[0m
  &amp#27;[32mAnd &amp#27;[0m&amp#27;[32m&amp#27;[0m&amp#27;[32m&amp#27;[1mCustomer2&amp#27;[0m&amp#27;[32m user should see name &amp#27;[0m&amp#27;[32m&amp#27;[1m"Meal2"&amp#27;[0m&amp#27;[32m description &amp#27;[0m&amp#27;[32m&amp#27;[1m"Meal2 description"&amp#27;[0m&amp#27;[32m price &amp#27;[0m&amp#27;[32m&amp#27;[1m"10 $"&amp#27;[0m&amp#27;[32m ingredients &amp#27;[0m&amp#27;[32m&amp#27;[1m"Waffle,Apple,Honey"&amp#27;[0m &amp#27;[90m# starter.stepdefinitions.menu.MealStepDefinitions.customerChecksMealData(net.serenitybdd.screenplay.Actor,java.lang.String,java.lang.String,java.lang.String,java.lang.String)&amp#27;[0m
]]></system-out>
    <system-err><![CDATA[Starting ChromeDriver 93.0.4577.63 (ff5c0da2ec0adeaed5550e6c7e98417dac77d98a-refs/branch-heads/4577@{#1135}) on port 2375
Only local connections are allowed.
Please see https://chromedriver.chromium.org/security-considerations for suggestions on keeping ChromeDriver safe.
ChromeDriver was started successfully.
Sep 15, 2021 8:43:38 PM org.openqa.selenium.remote.ProtocolHandshake createSession
INFO: Detected dialect: W3C
]]></system-err>
  </testcase>
  <testcase name="Customer is on Meal2 details page and he click 1 times on plus button, value of input should be 2" classname="Customer can view details about selected meal" time="3.774">
    <system-out><![CDATA[
Scenario: Customer is on Meal2 details page and he click 1 times on plus button, value of input should be 2 &amp#27;[90m# src/test/resources/features/menu/004meal.feature:18&amp#27;[0m
  &amp#27;[32mGiven &amp#27;[0m&amp#27;[32m&amp#27;[0m&amp#27;[32m&amp#27;[1mCustomer2&amp#27;[0m&amp#27;[32m user, ROLE_CUSTOMER, tries to login&amp#27;[0m                                                       &amp#27;[90m# starter.stepdefinitions.menu.MealStepDefinitions.customer2UserTriesToLogin(net.serenitybdd.screenplay.Actor)&amp#27;[0m
  &amp#27;[32mAnd &amp#27;[0m&amp#27;[32m&amp#27;[0m&amp#27;[32m&amp#27;[1mCustomer2&amp#27;[0m&amp#27;[32m user is on menu page&amp#27;[0m                                                                        &amp#27;[90m# starter.stepdefinitions.menu.MealStepDefinitions.customerIsOnMenuPage(net.serenitybdd.screenplay.Actor)&amp#27;[0m
  &amp#27;[32mAnd &amp#27;[0m&amp#27;[32m&amp#27;[0m&amp#27;[32m&amp#27;[1mCustomer2&amp#27;[0m&amp#27;[32m user clicks on meal with name Meal2&amp#27;[0m                                                         &amp#27;[90m# starter.stepdefinitions.menu.MealStepDefinitions.customerClicksOnMeal2(net.serenitybdd.screenplay.Actor)&amp#27;[0m
  &amp#27;[32mWhen &amp#27;[0m&amp#27;[32m&amp#27;[0m&amp#27;[32m&amp#27;[1mCustomer2&amp#27;[0m&amp#27;[32m user clicks &amp#27;[0m&amp#27;[32m&amp#27;[1m1&amp#27;[0m&amp#27;[32m times on plus button for Meal2&amp#27;[0m                                               &amp#27;[90m# starter.stepdefinitions.menu.MealStepDefinitions.customerClicksOnPlusButton(net.serenitybdd.screenplay.Actor,int)&amp#27;[0m
  &amp#27;[32mThen &amp#27;[0m&amp#27;[32m&amp#27;[0m&amp#27;[32m&amp#27;[1mCustomer2&amp#27;[0m&amp#27;[32m user should see that the value of input for Meal2 is &amp#27;[0m&amp#27;[32m&amp#27;[1m"2"&amp#27;[0m                                   &amp#27;[90m# starter.stepdefinitions.menu.MealStepDefinitions.customerChecksValue(net.serenitybdd.screenplay.Actor,java.lang.String)&amp#27;[0m
]]></system-out>
    <system-err><![CDATA[Starting ChromeDriver 93.0.4577.63 (ff5c0da2ec0adeaed5550e6c7e98417dac77d98a-refs/branch-heads/4577@{#1135}) on port 42909
Only local connections are allowed.
Please see https://chromedriver.chromium.org/security-considerations for suggestions on keeping ChromeDriver safe.
ChromeDriver was started successfully.
Sep 15, 2021 8:43:42 PM org.openqa.selenium.remote.ProtocolHandshake createSession
INFO: Detected dialect: W3C
]]></system-err>
  </testcase>
  <testcase name="Customer is on Meal2 details page and he clicks 10 times on plus button, but value of input should stay 7" classname="Customer can view details about selected meal" time="4.05">
    <system-out><![CDATA[
Scenario: Customer is on Meal2 details page and he clicks 10 times on plus button, but value of input should stay 7 &amp#27;[90m# src/test/resources/features/menu/004meal.feature:25&amp#27;[0m
  &amp#27;[32mGiven &amp#27;[0m&amp#27;[32m&amp#27;[0m&amp#27;[32m&amp#27;[1mCustomer2&amp#27;[0m&amp#27;[32m user, ROLE_CUSTOMER, tries to login&amp#27;[0m                                                               &amp#27;[90m# starter.stepdefinitions.menu.MealStepDefinitions.customer2UserTriesToLogin(net.serenitybdd.screenplay.Actor)&amp#27;[0m
  &amp#27;[32mAnd &amp#27;[0m&amp#27;[32m&amp#27;[0m&amp#27;[32m&amp#27;[1mCustomer2&amp#27;[0m&amp#27;[32m user is on menu page&amp#27;[0m                                                                                &amp#27;[90m# starter.stepdefinitions.menu.MealStepDefinitions.customerIsOnMenuPage(net.serenitybdd.screenplay.Actor)&amp#27;[0m
  &amp#27;[32mAnd &amp#27;[0m&amp#27;[32m&amp#27;[0m&amp#27;[32m&amp#27;[1mCustomer2&amp#27;[0m&amp#27;[32m user clicks on meal with name Meal2&amp#27;[0m                                                                 &amp#27;[90m# starter.stepdefinitions.menu.MealStepDefinitions.customerClicksOnMeal2(net.serenitybdd.screenplay.Actor)&amp#27;[0m
  &amp#27;[32mWhen &amp#27;[0m&amp#27;[32m&amp#27;[0m&amp#27;[32m&amp#27;[1mCustomer2&amp#27;[0m&amp#27;[32m user clicks &amp#27;[0m&amp#27;[32m&amp#27;[1m10&amp#27;[0m&amp#27;[32m times on plus button for Meal2&amp#27;[0m                                                      &amp#27;[90m# starter.stepdefinitions.menu.MealStepDefinitions.customerClicksOnPlusButton(net.serenitybdd.screenplay.Actor,int)&amp#27;[0m
  &amp#27;[32mThen &amp#27;[0m&amp#27;[32m&amp#27;[0m&amp#27;[32m&amp#27;[1mCustomer2&amp#27;[0m&amp#27;[32m user should see that the value of input for Meal2 is &amp#27;[0m&amp#27;[32m&amp#27;[1m"7"&amp#27;[0m                                           &amp#27;[90m# starter.stepdefinitions.menu.MealStepDefinitions.customerChecksValue(net.serenitybdd.screenplay.Actor,java.lang.String)&amp#27;[0m
]]></system-out>
    <system-err><![CDATA[Starting ChromeDriver 93.0.4577.63 (ff5c0da2ec0adeaed5550e6c7e98417dac77d98a-refs/branch-heads/4577@{#1135}) on port 37749
Only local connections are allowed.
Please see https://chromedriver.chromium.org/security-considerations for suggestions on keeping ChromeDriver safe.
ChromeDriver was started successfully.
Sep 15, 2021 8:43:45 PM org.openqa.selenium.remote.ProtocolHandshake createSession
INFO: Detected dialect: W3C
]]></system-err>
  </testcase>
  <testcase name="Customer is on Meal2 details page, the quantity is 3 so he clicks once on minus button and quantity should be 2" classname="Customer can view details about selected meal" time="3.87">
    <system-out><![CDATA[
Scenario: Customer is on Meal2 details page, the quantity is 3 so he clicks once on minus button and quantity should be 2 &amp#27;[90m# src/test/resources/features/menu/004meal.feature:32&amp#27;[0m
  &amp#27;[32mGiven &amp#27;[0m&amp#27;[32m&amp#27;[0m&amp#27;[32m&amp#27;[1mCustomer2&amp#27;[0m&amp#27;[32m user, ROLE_CUSTOMER, tries to login&amp#27;[0m                                                                     &amp#27;[90m# starter.stepdefinitions.menu.MealStepDefinitions.customer2UserTriesToLogin(net.serenitybdd.screenplay.Actor)&amp#27;[0m
  &amp#27;[32mAnd &amp#27;[0m&amp#27;[32m&amp#27;[0m&amp#27;[32m&amp#27;[1mCustomer2&amp#27;[0m&amp#27;[32m user is on menu page&amp#27;[0m                                                                                      &amp#27;[90m# starter.stepdefinitions.menu.MealStepDefinitions.customerIsOnMenuPage(net.serenitybdd.screenplay.Actor)&amp#27;[0m
  &amp#27;[32mAnd &amp#27;[0m&amp#27;[32m&amp#27;[0m&amp#27;[32m&amp#27;[1mCustomer2&amp#27;[0m&amp#27;[32m user clicks on meal with name Meal2&amp#27;[0m                                                                       &amp#27;[90m# starter.stepdefinitions.menu.MealStepDefinitions.customerClicksOnMeal2(net.serenitybdd.screenplay.Actor)&amp#27;[0m
  &amp#27;[32mAnd &amp#27;[0m&amp#27;[32m&amp#27;[0m&amp#27;[32m&amp#27;[1mCustomer2&amp#27;[0m&amp#27;[32m should see that the value of quantity field for Meal2 is set to &amp#27;[0m&amp#27;[32m&amp#27;[1m"3"&amp#27;[0m                                       &amp#27;[90m# starter.stepdefinitions.menu.MealStepDefinitions.setValueOfQuantity(net.serenitybdd.screenplay.Actor,java.lang.String)&amp#27;[0m
  &amp#27;[32mWhen &amp#27;[0m&amp#27;[32m&amp#27;[0m&amp#27;[32m&amp#27;[1mCustomer2&amp#27;[0m&amp#27;[32m user clicks &amp#27;[0m&amp#27;[32m&amp#27;[1m1&amp#27;[0m&amp#27;[32m times on minus button for Meal2&amp#27;[0m                                                            &amp#27;[90m# starter.stepdefinitions.menu.MealStepDefinitions.customerClicksOnMinusButton(net.serenitybdd.screenplay.Actor,int)&amp#27;[0m
  &amp#27;[32mThen &amp#27;[0m&amp#27;[32m&amp#27;[0m&amp#27;[32m&amp#27;[1mCustomer2&amp#27;[0m&amp#27;[32m user should see that the value of input for Meal2 is &amp#27;[0m&amp#27;[32m&amp#27;[1m"2"&amp#27;[0m                                                 &amp#27;[90m# starter.stepdefinitions.menu.MealStepDefinitions.customerChecksValue(net.serenitybdd.screenplay.Actor,java.lang.String)&amp#27;[0m
]]></system-out>
    <system-err><![CDATA[Starting ChromeDriver 93.0.4577.63 (ff5c0da2ec0adeaed5550e6c7e98417dac77d98a-refs/branch-heads/4577@{#1135}) on port 13850
Only local connections are allowed.
Please see https://chromedriver.chromium.org/security-considerations for suggestions on keeping ChromeDriver safe.
ChromeDriver was started successfully.
Sep 15, 2021 8:43:49 PM org.openqa.selenium.remote.ProtocolHandshake createSession
INFO: Detected dialect: W3C
]]></system-err>
  </testcase>
  <testcase name="Customer is on Meal2 details page, the quantity is 5 so he clicks 7 times on minus button but quantity should be 1" classname="Customer can view details about selected meal" time="4.238">
    <system-out><![CDATA[
Scenario: Customer is on Meal2 details page, the quantity is 5 so he clicks 7 times on minus button but quantity should be 1 &amp#27;[90m# src/test/resources/features/menu/004meal.feature:40&amp#27;[0m
  &amp#27;[32mGiven &amp#27;[0m&amp#27;[32m&amp#27;[0m&amp#27;[32m&amp#27;[1mCustomer2&amp#27;[0m&amp#27;[32m user, ROLE_CUSTOMER, tries to login&amp#27;[0m                                                                        &amp#27;[90m# starter.stepdefinitions.menu.MealStepDefinitions.customer2UserTriesToLogin(net.serenitybdd.screenplay.Actor)&amp#27;[0m
  &amp#27;[32mAnd &amp#27;[0m&amp#27;[32m&amp#27;[0m&amp#27;[32m&amp#27;[1mCustomer2&amp#27;[0m&amp#27;[32m user is on menu page&amp#27;[0m                                                                                         &amp#27;[90m# starter.stepdefinitions.menu.MealStepDefinitions.customerIsOnMenuPage(net.serenitybdd.screenplay.Actor)&amp#27;[0m
  &amp#27;[32mAnd &amp#27;[0m&amp#27;[32m&amp#27;[0m&amp#27;[32m&amp#27;[1mCustomer2&amp#27;[0m&amp#27;[32m user clicks on meal with name Meal2&amp#27;[0m                                                                          &amp#27;[90m# starter.stepdefinitions.menu.MealStepDefinitions.customerClicksOnMeal2(net.serenitybdd.screenplay.Actor)&amp#27;[0m
  &amp#27;[32mAnd &amp#27;[0m&amp#27;[32m&amp#27;[0m&amp#27;[32m&amp#27;[1mCustomer2&amp#27;[0m&amp#27;[32m should see that the value of quantity field for Meal2 is set to &amp#27;[0m&amp#27;[32m&amp#27;[1m"5"&amp#27;[0m                                          &amp#27;[90m# starter.stepdefinitions.menu.MealStepDefinitions.setValueOfQuantity(net.serenitybdd.screenplay.Actor,java.lang.String)&amp#27;[0m
  &amp#27;[32mWhen &amp#27;[0m&amp#27;[32m&amp#27;[0m&amp#27;[32m&amp#27;[1mCustomer2&amp#27;[0m&amp#27;[32m user clicks &amp#27;[0m&amp#27;[32m&amp#27;[1m7&amp#27;[0m&amp#27;[32m times on minus button for Meal2&amp#27;[0m                                                               &amp#27;[90m# starter.stepdefinitions.menu.MealStepDefinitions.customerClicksOnMinusButton(net.serenitybdd.screenplay.Actor,int)&amp#27;[0m
  &amp#27;[32mThen &amp#27;[0m&amp#27;[32m&amp#27;[0m&amp#27;[32m&amp#27;[1mCustomer2&amp#27;[0m&amp#27;[32m user should see that the value of input for Meal2 is &amp#27;[0m&amp#27;[32m&amp#27;[1m"1"&amp#27;[0m                                                    &amp#27;[90m# starter.stepdefinitions.menu.MealStepDefinitions.customerChecksValue(net.serenitybdd.screenplay.Actor,java.lang.String)&amp#27;[0m
]]></system-out>
    <system-err><![CDATA[Starting ChromeDriver 93.0.4577.63 (ff5c0da2ec0adeaed5550e6c7e98417dac77d98a-refs/branch-heads/4577@{#1135}) on port 32848
Only local connections are allowed.
Please see https://chromedriver.chromium.org/security-considerations for suggestions on keeping ChromeDriver safe.
ChromeDriver was started successfully.
Sep 15, 2021 8:43:53 PM org.openqa.selenium.remote.ProtocolHandshake createSession
INFO: Detected dialect: W3C
]]></system-err>
  </testcase>
  <testcase name="Customer is on Meal2 details page, after the details for meal there should be list of 4 most ordered meals" classname="Customer can view details about selected meal" time="3.648">
    <system-out><![CDATA[
Scenario: Customer is on Meal2 details page, after the details for meal there should be list of 4 most ordered meals &amp#27;[90m# src/test/resources/features/menu/004meal.feature:48&amp#27;[0m
  &amp#27;[32mGiven &amp#27;[0m&amp#27;[32m&amp#27;[0m&amp#27;[32m&amp#27;[1mCustomer2&amp#27;[0m&amp#27;[32m user, ROLE_CUSTOMER, tries to login&amp#27;[0m                                                                &amp#27;[90m# starter.stepdefinitions.menu.MealStepDefinitions.customer2UserTriesToLogin(net.serenitybdd.screenplay.Actor)&amp#27;[0m
  &amp#27;[32mAnd &amp#27;[0m&amp#27;[32m&amp#27;[0m&amp#27;[32m&amp#27;[1mCustomer2&amp#27;[0m&amp#27;[32m user is on menu page&amp#27;[0m                                                                                 &amp#27;[90m# starter.stepdefinitions.menu.MealStepDefinitions.customerIsOnMenuPage(net.serenitybdd.screenplay.Actor)&amp#27;[0m
  &amp#27;[32mWhen &amp#27;[0m&amp#27;[32m&amp#27;[0m&amp#27;[32m&amp#27;[1mCustomer2&amp#27;[0m&amp#27;[32m user clicks on meal with name Meal2&amp#27;[0m                                                                 &amp#27;[90m# starter.stepdefinitions.menu.MealStepDefinitions.customerClicksOnMeal2(net.serenitybdd.screenplay.Actor)&amp#27;[0m
  &amp#27;[32mThen &amp#27;[0m&amp#27;[32m&amp#27;[0m&amp#27;[32m&amp#27;[1mCustomer2&amp#27;[0m&amp#27;[32m should see table with &amp#27;[0m&amp#27;[32m&amp#27;[1m4&amp#27;[0m&amp#27;[32m meals on bottom of page&amp#27;[0m                                                     &amp#27;[90m# starter.stepdefinitions.menu.MealStepDefinitions.customerShouldSeeMostOrderedMeals(net.serenitybdd.screenplay.Actor,int)&amp#27;[0m
]]></system-out>
    <system-err><![CDATA[Starting ChromeDriver 93.0.4577.63 (ff5c0da2ec0adeaed5550e6c7e98417dac77d98a-refs/branch-heads/4577@{#1135}) on port 9360
Only local connections are allowed.
Please see https://chromedriver.chromium.org/security-considerations for suggestions on keeping ChromeDriver safe.
ChromeDriver was started successfully.
Sep 15, 2021 8:43:58 PM org.openqa.selenium.remote.ProtocolHandshake createSession
INFO: Detected dialect: W3C
]]></system-err>
  </testcase>
  <testcase name="Customer is on Meal2 details page, the list of 4 most ordered meals is &quot;Meal2, Meal7, Meal8, Meal9&quot;" classname="Customer can view details about selected meal" time="4.783">
    <system-out><![CDATA[
Scenario: Customer is on Meal2 details page, the list of 4 most ordered meals is "Meal2, Meal7, Meal8, Meal9" &amp#27;[90m# src/test/resources/features/menu/004meal.feature:54&amp#27;[0m
  &amp#27;[32mGiven &amp#27;[0m&amp#27;[32m&amp#27;[0m&amp#27;[32m&amp#27;[1mCustomer2&amp#27;[0m&amp#27;[32m user, ROLE_CUSTOMER, tries to login&amp#27;[0m                                                         &amp#27;[90m# starter.stepdefinitions.menu.MealStepDefinitions.customer2UserTriesToLogin(net.serenitybdd.screenplay.Actor)&amp#27;[0m
  &amp#27;[32mAnd &amp#27;[0m&amp#27;[32m&amp#27;[0m&amp#27;[32m&amp#27;[1mCustomer2&amp#27;[0m&amp#27;[32m user is on menu page&amp#27;[0m                                                                          &amp#27;[90m# starter.stepdefinitions.menu.MealStepDefinitions.customerIsOnMenuPage(net.serenitybdd.screenplay.Actor)&amp#27;[0m
  &amp#27;[32mWhen &amp#27;[0m&amp#27;[32m&amp#27;[0m&amp#27;[32m&amp#27;[1mCustomer2&amp#27;[0m&amp#27;[32m user clicks on meal with name Meal2&amp#27;[0m                                                          &amp#27;[90m# starter.stepdefinitions.menu.MealStepDefinitions.customerClicksOnMeal2(net.serenitybdd.screenplay.Actor)&amp#27;[0m
  &amp#27;[32mThen &amp#27;[0m&amp#27;[32m&amp#27;[0m&amp#27;[32m&amp#27;[1mCustomer2&amp#27;[0m&amp#27;[32m should see table with &amp#27;[0m&amp#27;[32m&amp#27;[1m4&amp#27;[0m&amp#27;[32m meals on bottom of page&amp#27;[0m                                              &amp#27;[90m# starter.stepdefinitions.menu.MealStepDefinitions.customerShouldSeeMostOrderedMeals(net.serenitybdd.screenplay.Actor,int)&amp#27;[0m
  &amp#27;[32mAnd &amp#27;[0m&amp#27;[32m&amp#27;[0m&amp#27;[32m&amp#27;[1mCustomer2&amp#27;[0m&amp#27;[32m should see meals names &amp#27;[0m&amp#27;[32m&amp#27;[1m"Meal2,Meal7,Meal8,Meal9"&amp#27;[0m                                              &amp#27;[90m# starter.stepdefinitions.menu.MealStepDefinitions.customerSeesNamesOfMostOrderedMeals(net.serenitybdd.screenplay.Actor,java.lang.String)&amp#27;[0m
]]></system-out>
    <system-err><![CDATA[Starting ChromeDriver 93.0.4577.63 (ff5c0da2ec0adeaed5550e6c7e98417dac77d98a-refs/branch-heads/4577@{#1135}) on port 49004
Only local connections are allowed.
Please see https://chromedriver.chromium.org/security-considerations for suggestions on keeping ChromeDriver safe.
ChromeDriver was started successfully.
Sep 15, 2021 8:44:01 PM org.openqa.selenium.remote.ProtocolHandshake createSession
INFO: Detected dialect: W3C
]]></system-err>
  </testcase>
  <testcase name="Customer is on Meal2 details page, he clicks 4 times on plus button for Meal2 and then Add, meal should be in" classname="Customer can view details about selected meal" time="6.119">
    <system-out><![CDATA[
Scenario: Customer is on Meal2 details page, he clicks 4 times on plus button for Meal2 and then Add, meal should be in &amp#27;[90m# src/test/resources/features/menu/004meal.feature:61&amp#27;[0m
  &amp#27;[32mGiven &amp#27;[0m&amp#27;[32m&amp#27;[0m&amp#27;[32m&amp#27;[1mCustomer2&amp#27;[0m&amp#27;[32m user, ROLE_CUSTOMER, tries to login&amp#27;[0m                                                                   &amp#27;[90m# starter.stepdefinitions.menu.MealStepDefinitions.customer2UserTriesToLogin(net.serenitybdd.screenplay.Actor)&amp#27;[0m
  &amp#27;[32mAnd &amp#27;[0m&amp#27;[32m&amp#27;[0m&amp#27;[32m&amp#27;[1mCustomer2&amp#27;[0m&amp#27;[32m user is on menu page&amp#27;[0m                                                                                    &amp#27;[90m# starter.stepdefinitions.menu.MealStepDefinitions.customerIsOnMenuPage(net.serenitybdd.screenplay.Actor)&amp#27;[0m
  &amp#27;[32mAnd &amp#27;[0m&amp#27;[32m&amp#27;[0m&amp#27;[32m&amp#27;[1mCustomer2&amp#27;[0m&amp#27;[32m user clicks on meal with name Meal2&amp#27;[0m                                                                     &amp#27;[90m# starter.stepdefinitions.menu.MealStepDefinitions.customerClicksOnMeal2(net.serenitybdd.screenplay.Actor)&amp#27;[0m
  &amp#27;[32mAnd &amp#27;[0m&amp#27;[32m&amp#27;[0m&amp#27;[32m&amp#27;[1mCustomer2&amp#27;[0m&amp#27;[32m user clicks &amp#27;[0m&amp#27;[32m&amp#27;[1m4&amp#27;[0m&amp#27;[32m times on plus button for Meal2&amp#27;[0m                                                            &amp#27;[90m# starter.stepdefinitions.menu.MealStepDefinitions.customerClicksOnPlusButton(net.serenitybdd.screenplay.Actor,int)&amp#27;[0m
  &amp#27;[32mWhen &amp#27;[0m&amp#27;[32m&amp#27;[0m&amp#27;[32m&amp#27;[1mCustomer2&amp#27;[0m&amp#27;[32m clicks on Add button from details page for Meal2&amp#27;[0m                                                       &amp#27;[90m# starter.stepdefinitions.menu.MealStepDefinitions.customerClicksOnAddButtonForMeal2(net.serenitybdd.screenplay.Actor)&amp#27;[0m
  &amp#27;[32mThen &amp#27;[0m&amp#27;[32m&amp#27;[0m&amp#27;[32m&amp#27;[1mCustomer2&amp#27;[0m&amp#27;[32m should have &amp#27;[0m&amp#27;[32m&amp#27;[1m"Meal2"&amp#27;[0m&amp#27;[32m in shopping cart with quantity &amp#27;[0m&amp#27;[32m&amp#27;[1m"5"&amp#27;[0m                                                 &amp#27;[90m# starter.stepdefinitions.menu.MealStepDefinitions.customerHasItemsInShoppingCart(net.serenitybdd.screenplay.Actor,java.lang.String,java.lang.String)&amp#27;[0m
]]></system-out>
    <system-err><![CDATA[Starting ChromeDriver 93.0.4577.63 (ff5c0da2ec0adeaed5550e6c7e98417dac77d98a-refs/branch-heads/4577@{#1135}) on port 45907
Only local connections are allowed.
Please see https://chromedriver.chromium.org/security-considerations for suggestions on keeping ChromeDriver safe.
ChromeDriver was started successfully.
Sep 15, 2021 8:44:06 PM org.openqa.selenium.remote.ProtocolHandshake createSession
INFO: Detected dialect: W3C
]]></system-err>
  </testcase>
  <testcase name="Customer is on Meal2 details page, clicks 2 times on plus button for Meal as most ordered product and then on Add." classname="Customer can view details about selected meal" time="6.062">
    <system-out><![CDATA[
Scenario: Customer is on Meal2 details page, clicks 2 times on plus button for Meal as most ordered product and then on Add. &amp#27;[90m# src/test/resources/features/menu/004meal.feature:70&amp#27;[0m
  &amp#27;[32mGiven &amp#27;[0m&amp#27;[32m&amp#27;[0m&amp#27;[32m&amp#27;[1mCustomer2&amp#27;[0m&amp#27;[32m user, ROLE_CUSTOMER, tries to login&amp#27;[0m                                                                        &amp#27;[90m# starter.stepdefinitions.menu.MealStepDefinitions.customer2UserTriesToLogin(net.serenitybdd.screenplay.Actor)&amp#27;[0m
  &amp#27;[32mAnd &amp#27;[0m&amp#27;[32m&amp#27;[0m&amp#27;[32m&amp#27;[1mCustomer2&amp#27;[0m&amp#27;[32m user is on menu page&amp#27;[0m                                                                                         &amp#27;[90m# starter.stepdefinitions.menu.MealStepDefinitions.customerIsOnMenuPage(net.serenitybdd.screenplay.Actor)&amp#27;[0m
  &amp#27;[32mAnd &amp#27;[0m&amp#27;[32m&amp#27;[0m&amp#27;[32m&amp#27;[1mCustomer2&amp#27;[0m&amp#27;[32m user clicks on meal with name Meal2&amp#27;[0m                                                                          &amp#27;[90m# starter.stepdefinitions.menu.MealStepDefinitions.customerClicksOnMeal2(net.serenitybdd.screenplay.Actor)&amp#27;[0m
  &amp#27;[32mAnd &amp#27;[0m&amp#27;[32m&amp#27;[0m&amp#27;[32m&amp#27;[1mCustomer2&amp#27;[0m&amp#27;[32m user clicks &amp#27;[0m&amp#27;[32m&amp#27;[1m2&amp#27;[0m&amp#27;[32m times on plus button for Meal7&amp#27;[0m                                                                 &amp#27;[90m# starter.stepdefinitions.menu.MealStepDefinitions.customerClicksOnPlusButtonForMeal7(net.serenitybdd.screenplay.Actor,int)&amp#27;[0m
  &amp#27;[32mWhen &amp#27;[0m&amp#27;[32m&amp#27;[0m&amp#27;[32m&amp#27;[1mCustomer2&amp#27;[0m&amp#27;[32m clicks on Add button from details page for Meal7&amp#27;[0m                                                            &amp#27;[90m# starter.stepdefinitions.menu.MealStepDefinitions.customerClicksOnAddButtonForMeal1(net.serenitybdd.screenplay.Actor)&amp#27;[0m
  &amp#27;[32mThen &amp#27;[0m&amp#27;[32m&amp#27;[0m&amp#27;[32m&amp#27;[1mCustomer2&amp#27;[0m&amp#27;[32m should have &amp#27;[0m&amp#27;[32m&amp#27;[1m"Meal7"&amp#27;[0m&amp#27;[32m in shopping cart with quantity &amp#27;[0m&amp#27;[32m&amp#27;[1m"3"&amp#27;[0m                                                      &amp#27;[90m# starter.stepdefinitions.menu.MealStepDefinitions.customerHasItemsInShoppingCart(net.serenitybdd.screenplay.Actor,java.lang.String,java.lang.String)&amp#27;[0m
]]></system-out>
    <system-err><![CDATA[Starting ChromeDriver 93.0.4577.63 (ff5c0da2ec0adeaed5550e6c7e98417dac77d98a-refs/branch-heads/4577@{#1135}) on port 20460
Only local connections are allowed.
Please see https://chromedriver.chromium.org/security-considerations for suggestions on keeping ChromeDriver safe.
ChromeDriver was started successfully.
[...]
  &amp#27;[32mThen &amp#27;[0m&amp#27;[32m&amp#27;[0m&amp#27;[32m&amp#27;[1mUser&amp#27;[0m&amp#27;[32m should see message that passwords do not match&amp#27;[0m                                                      &amp#27;[90m# starter.stepdefinitions.userManagement.RegisterStepsDefinition.displayPasswordsDoNotMatch(net.serenitybdd.screenplay.Actor)&amp#27;[0m
]]></system-out>
    <system-err><![CDATA[Starting ChromeDriver 93.0.4577.63 (ff5c0da2ec0adeaed5550e6c7e98417dac77d98a-refs/branch-heads/4577@{#1135}) on port 33344
Only local connections are allowed.
Please see https://chromedriver.chromium.org/security-considerations for suggestions on keeping ChromeDriver safe.
ChromeDriver was started successfully.
Sep 15, 2021 8:50:14 PM org.openqa.selenium.remote.ProtocolHandshake createSession
INFO: Detected dialect: W3C
]]></system-err>
  </testcase>
  <testcase name="User registers where email address already exists" classname="Register user" time="3.739">
    <system-out><![CDATA[
Scenario: User registers where email address already exists                                                        &amp#27;[90m# src/test/resources/features/userManagement/013register.feature:13&amp#27;[0m
  &amp#27;[32mGiven &amp#27;[0m&amp#27;[32m&amp#27;[0m&amp#27;[32m&amp#27;[1mUser&amp#27;[0m&amp#27;[32m wants to register to web app&amp#27;[0m                                                                          &amp#27;[90m# starter.stepdefinitions.userManagement.RegisterStepsDefinition.userWantsToRegister(net.serenitybdd.screenplay.Actor)&amp#27;[0m
  &amp#27;[32mWhen &amp#27;[0m&amp#27;[32m&amp#27;[0m&amp#27;[32m&amp#27;[1mUser&amp#27;[0m&amp#27;[32m enters &amp#27;[0m&amp#27;[32m&amp#27;[1m"admin@admin.com"&amp#27;[0m&amp#27;[32m &amp#27;[0m&amp#27;[32m&amp#27;[1m"P@assword"&amp#27;[0m&amp#27;[32m &amp#27;[0m&amp#27;[32m&amp#27;[1m"P@assword"&amp#27;[0m&amp#27;[32m &amp#27;[0m&amp#27;[32m&amp#27;[1m"User name"&amp#27;[0m&amp#27;[32m &amp#27;[0m&amp#27;[32m&amp#27;[1m"User surname"&amp#27;[0m&amp#27;[32m &amp#27;[0m&amp#27;[32m&amp#27;[1m"070123456"&amp#27;[0m&amp#27;[32m &amp#27;[0m&amp#27;[32m&amp#27;[1m"User address"&amp#27;[0m &amp#27;[90m# starter.stepdefinitions.userManagement.RegisterStepsDefinition.userEntersData(net.serenitybdd.screenplay.Actor,java.lang.String,java.lang.String,java.lang.String,java.lang.String,java.lang.String,java.lang.String,java.lang.String)&amp#27;[0m
  &amp#27;[32mThen &amp#27;[0m&amp#27;[32m&amp#27;[0m&amp#27;[32m&amp#27;[1mUser&amp#27;[0m&amp#27;[32m should see message that username already exists&amp#27;[0m                                                        &amp#27;[90m# starter.stepdefinitions.userManagement.RegisterStepsDefinition.displayUsernameAlreadyExists(net.serenitybdd.screenplay.Actor)&amp#27;[0m
]]></system-out>
    <system-err><![CDATA[Starting ChromeDriver 93.0.4577.63 (ff5c0da2ec0adeaed5550e6c7e98417dac77d98a-refs/branch-heads/4577@{#1135}) on port 43836
Only local connections are allowed.
Please see https://chromedriver.chromium.org/security-considerations for suggestions on keeping ChromeDriver safe.
ChromeDriver was started successfully.
Sep 15, 2021 8:50:18 PM org.openqa.selenium.remote.ProtocolHandshake createSession
INFO: Detected dialect: W3C
]]></system-err>
  </testcase>
  <testcase name="User registers with empty username" classname="Register user" time="3.42">
    <system-out><![CDATA[
Scenario: User registers with empty username                                                        &amp#27;[90m# src/test/resources/features/userManagement/013register.feature:18&amp#27;[0m
  &amp#27;[32mGiven &amp#27;[0m&amp#27;[32m&amp#27;[0m&amp#27;[32m&amp#27;[1mUser&amp#27;[0m&amp#27;[32m wants to register to web app&amp#27;[0m                                                           &amp#27;[90m# starter.stepdefinitions.userManagement.RegisterStepsDefinition.userWantsToRegister(net.serenitybdd.screenplay.Actor)&amp#27;[0m
  &amp#27;[32mWhen &amp#27;[0m&amp#27;[32m&amp#27;[0m&amp#27;[32m&amp#27;[1mUser&amp#27;[0m&amp#27;[32m enters &amp#27;[0m&amp#27;[32m&amp#27;[1m""&amp#27;[0m&amp#27;[32m &amp#27;[0m&amp#27;[32m&amp#27;[1m"P@assword"&amp#27;[0m&amp#27;[32m &amp#27;[0m&amp#27;[32m&amp#27;[1m"P@assword"&amp#27;[0m&amp#27;[32m &amp#27;[0m&amp#27;[32m&amp#27;[1m"User name"&amp#27;[0m&amp#27;[32m &amp#27;[0m&amp#27;[32m&amp#27;[1m"User surname"&amp#27;[0m&amp#27;[32m &amp#27;[0m&amp#27;[32m&amp#27;[1m"070123456"&amp#27;[0m&amp#27;[32m &amp#27;[0m&amp#27;[32m&amp#27;[1m"User address"&amp#27;[0m &amp#27;[90m# starter.stepdefinitions.userManagement.RegisterStepsDefinition.userEntersData(net.serenitybdd.screenplay.Actor,java.lang.String,java.lang.String,java.lang.String,java.lang.String,java.lang.String,java.lang.String,java.lang.String)&amp#27;[0m
  &amp#27;[32mThen &amp#27;[0m&amp#27;[32m&amp#27;[0m&amp#27;[32m&amp#27;[1mUser&amp#27;[0m&amp#27;[32m should see empty email message&amp#27;[0m                                                          &amp#27;[90m# starter.stepdefinitions.userManagement.RegisterStepsDefinition.displayEmptyEmail(net.serenitybdd.screenplay.Actor)&amp#27;[0m
]]></system-out>
    <system-err><![CDATA[Starting ChromeDriver 93.0.4577.63 (ff5c0da2ec0adeaed5550e6c7e98417dac77d98a-refs/branch-heads/4577@{#1135}) on port 1403
Only local connections are allowed.
Please see https://chromedriver.chromium.org/security-considerations for suggestions on keeping ChromeDriver safe.
ChromeDriver was started successfully.
Sep 15, 2021 8:50:21 PM org.openqa.selenium.remote.ProtocolHandshake createSession
INFO: Detected dialect: W3C
]]></system-err>
  </testcase>
  <testcase name="User registers with empty password" classname="Register user" time="3.491">
    <system-out><![CDATA[
Scenario: User registers with empty password                                                            &amp#27;[90m# src/test/resources/features/userManagement/013register.feature:23&amp#27;[0m
  &amp#27;[32mGiven &amp#27;[0m&amp#27;[32m&amp#27;[0m&amp#27;[32m&amp#27;[1mUser&amp#27;[0m&amp#27;[32m wants to register to web app&amp#27;[0m                                                               &amp#27;[90m# starter.stepdefinitions.userManagement.RegisterStepsDefinition.userWantsToRegister(net.serenitybdd.screenplay.Actor)&amp#27;[0m
  &amp#27;[32mWhen &amp#27;[0m&amp#27;[32m&amp#27;[0m&amp#27;[32m&amp#27;[1mUser&amp#27;[0m&amp#27;[32m enters &amp#27;[0m&amp#27;[32m&amp#27;[1m"user@user.com"&amp#27;[0m&amp#27;[32m &amp#27;[0m&amp#27;[32m&amp#27;[1m""&amp#27;[0m&amp#27;[32m &amp#27;[0m&amp#27;[32m&amp#27;[1m"P@assword"&amp#27;[0m&amp#27;[32m &amp#27;[0m&amp#27;[32m&amp#27;[1m"User name"&amp#27;[0m&amp#27;[32m &amp#27;[0m&amp#27;[32m&amp#27;[1m"User surname"&amp#27;[0m&amp#27;[32m &amp#27;[0m&amp#27;[32m&amp#27;[1m"070123456"&amp#27;[0m&amp#27;[32m &amp#27;[0m&amp#27;[32m&amp#27;[1m"User address"&amp#27;[0m &amp#27;[90m# starter.stepdefinitions.userManagement.RegisterStepsDefinition.userEntersData(net.serenitybdd.screenplay.Actor,java.lang.String,java.lang.String,java.lang.String,java.lang.String,java.lang.String,java.lang.String,java.lang.String)&amp#27;[0m
  &amp#27;[32mThen &amp#27;[0m&amp#27;[32m&amp#27;[0m&amp#27;[32m&amp#27;[1mUser&amp#27;[0m&amp#27;[32m should see empty password1 message&amp#27;[0m                                                          &amp#27;[90m# starter.stepdefinitions.userManagement.RegisterStepsDefinition.displayEmptyPassword1(net.serenitybdd.screenplay.Actor)&amp#27;[0m
]]></system-out>
    <system-err><![CDATA[Starting ChromeDriver 93.0.4577.63 (ff5c0da2ec0adeaed5550e6c7e98417dac77d98a-refs/branch-heads/4577@{#1135}) on port 37979
Only local connections are allowed.
Please see https://chromedriver.chromium.org/security-considerations for suggestions on keeping ChromeDriver safe.
ChromeDriver was started successfully.
Sep 15, 2021 8:50:25 PM org.openqa.selenium.remote.ProtocolHandshake createSession
INFO: Detected dialect: W3C
]]></system-err>
  </testcase>
  <testcase name="User registers with empty repeatedPassword" classname="Register user" time="3.519">
    <system-out><![CDATA[
Scenario: User registers with empty repeatedPassword                                                    &amp#27;[90m# src/test/resources/features/userManagement/013register.feature:28&amp#27;[0m
  &amp#27;[32mGiven &amp#27;[0m&amp#27;[32m&amp#27;[0m&amp#27;[32m&amp#27;[1mUser&amp#27;[0m&amp#27;[32m wants to register to web app&amp#27;[0m                                                               &amp#27;[90m# starter.stepdefinitions.userManagement.RegisterStepsDefinition.userWantsToRegister(net.serenitybdd.screenplay.Actor)&amp#27;[0m
  &amp#27;[32mWhen &amp#27;[0m&amp#27;[32m&amp#27;[0m&amp#27;[32m&amp#27;[1mUser&amp#27;[0m&amp#27;[32m enters &amp#27;[0m&amp#27;[32m&amp#27;[1m"user@user.com"&amp#27;[0m&amp#27;[32m &amp#27;[0m&amp#27;[32m&amp#27;[1m"P@assword"&amp#27;[0m&amp#27;[32m &amp#27;[0m&amp#27;[32m&amp#27;[1m""&amp#27;[0m&amp#27;[32m &amp#27;[0m&amp#27;[32m&amp#27;[1m"User name"&amp#27;[0m&amp#27;[32m &amp#27;[0m&amp#27;[32m&amp#27;[1m"User surname"&amp#27;[0m&amp#27;[32m &amp#27;[0m&amp#27;[32m&amp#27;[1m"070123456"&amp#27;[0m&amp#27;[32m &amp#27;[0m&amp#27;[32m&amp#27;[1m"User address"&amp#27;[0m &amp#27;[90m# starter.stepdefinitions.userManagement.RegisterStepsDefinition.userEntersData(net.serenitybdd.screenplay.Actor,java.lang.String,java.lang.String,java.lang.String,java.lang.String,java.lang.String,java.lang.String,java.lang.String)&amp#27;[0m
  &amp#27;[32mThen &amp#27;[0m&amp#27;[32m&amp#27;[0m&amp#27;[32m&amp#27;[1mUser&amp#27;[0m&amp#27;[32m should see empty repeatedPassword message&amp#27;[0m                                                   &amp#27;[90m# starter.stepdefinitions.userManagement.RegisterStepsDefinition.displayEmptyRepeatedPassword(net.serenitybdd.screenplay.Actor)&amp#27;[0m
]]></system-out>
    <system-err><![CDATA[Starting ChromeDriver 93.0.4577.63 (ff5c0da2ec0adeaed5550e6c7e98417dac77d98a-refs/branch-heads/4577@{#1135}) on port 18365
Only local connections are allowed.
Please see https://chromedriver.chromium.org/security-considerations for suggestions on keeping ChromeDriver safe.
ChromeDriver was started successfully.
Sep 15, 2021 8:50:28 PM org.openqa.selenium.remote.ProtocolHandshake createSession
INFO: Detected dialect: W3C
]]></system-err>
  </testcase>
  <testcase name="User registers with empty name" classname="Register user" time="3.482">
    <system-out><![CDATA[
Scenario: User registers with empty name                                                                &amp#27;[90m# src/test/resources/features/userManagement/013register.feature:33&amp#27;[0m
  &amp#27;[32mGiven &amp#27;[0m&amp#27;[32m&amp#27;[0m&amp#27;[32m&amp#27;[1mUser&amp#27;[0m&amp#27;[32m wants to register to web app&amp#27;[0m                                                               &amp#27;[90m# starter.stepdefinitions.userManagement.RegisterStepsDefinition.userWantsToRegister(net.serenitybdd.screenplay.Actor)&amp#27;[0m
  &amp#27;[32mWhen &amp#27;[0m&amp#27;[32m&amp#27;[0m&amp#27;[32m&amp#27;[1mUser&amp#27;[0m&amp#27;[32m enters &amp#27;[0m&amp#27;[32m&amp#27;[1m"user@user.com"&amp#27;[0m&amp#27;[32m &amp#27;[0m&amp#27;[32m&amp#27;[1m"P@assword"&amp#27;[0m&amp#27;[32m &amp#27;[0m&amp#27;[32m&amp#27;[1m"P@assword"&amp#27;[0m&amp#27;[32m &amp#27;[0m&amp#27;[32m&amp#27;[1m""&amp#27;[0m&amp#27;[32m &amp#27;[0m&amp#27;[32m&amp#27;[1m"User surname"&amp#27;[0m&amp#27;[32m &amp#27;[0m&amp#27;[32m&amp#27;[1m"070123456"&amp#27;[0m&amp#27;[32m &amp#27;[0m&amp#27;[32m&amp#27;[1m"User address"&amp#27;[0m &amp#27;[90m# starter.stepdefinitions.userManagement.RegisterStepsDefinition.userEntersData(net.serenitybdd.screenplay.Actor,java.lang.String,java.lang.String,java.lang.String,java.lang.String,java.lang.String,java.lang.String,java.lang.String)&amp#27;[0m
  &amp#27;[32mThen &amp#27;[0m&amp#27;[32m&amp#27;[0m&amp#27;[32m&amp#27;[1mUser&amp#27;[0m&amp#27;[32m should see empty name message&amp#27;[0m                                                               &amp#27;[90m# starter.stepdefinitions.userManagement.RegisterStepsDefinition.displayEmptyName(net.serenitybdd.screenplay.Actor)&amp#27;[0m
]]></system-out>
    <system-err><![CDATA[Starting ChromeDriver 93.0.4577.63 (ff5c0da2ec0adeaed5550e6c7e98417dac77d98a-refs/branch-heads/4577@{#1135}) on port 18028
Only local connections are allowed.
Please see https://chromedriver.chromium.org/security-considerations for suggestions on keeping ChromeDriver safe.
ChromeDriver was started successfully.
Sep 15, 2021 8:50:32 PM org.openqa.selenium.remote.ProtocolHandshake createSession
INFO: Detected dialect: W3C
]]></system-err>
  </testcase>
  <testcase name="User registers with empty surname" classname="Register user" time="3.494">
    <system-out><![CDATA[
Scenario: User registers with empty surname                                                          &amp#27;[90m# src/test/resources/features/userManagement/013register.feature:38&amp#27;[0m
  &amp#27;[32mGiven &amp#27;[0m&amp#27;[32m&amp#27;[0m&amp#27;[32m&amp#27;[1mUser&amp#27;[0m&amp#27;[32m wants to register to web app&amp#27;[0m                                                            &amp#27;[90m# starter.stepdefinitions.userManagement.RegisterStepsDefinition.userWantsToRegister(net.serenitybdd.screenplay.Actor)&amp#27;[0m
  &amp#27;[32mWhen &amp#27;[0m&amp#27;[32m&amp#27;[0m&amp#27;[32m&amp#27;[1mUser&amp#27;[0m&amp#27;[32m enters &amp#27;[0m&amp#27;[32m&amp#27;[1m"user@user.com"&amp#27;[0m&amp#27;[32m &amp#27;[0m&amp#27;[32m&amp#27;[1m"P@assword"&amp#27;[0m&amp#27;[32m &amp#27;[0m&amp#27;[32m&amp#27;[1m"P@assword"&amp#27;[0m&amp#27;[32m &amp#27;[0m&amp#27;[32m&amp#27;[1m"User name"&amp#27;[0m&amp#27;[32m &amp#27;[0m&amp#27;[32m&amp#27;[1m""&amp#27;[0m&amp#27;[32m &amp#27;[0m&amp#27;[32m&amp#27;[1m"070123456"&amp#27;[0m&amp#27;[32m &amp#27;[0m&amp#27;[32m&amp#27;[1m"User address"&amp#27;[0m &amp#27;[90m# starter.stepdefinitions.userManagement.RegisterStepsDefinition.userEntersData(net.serenitybdd.screenplay.Actor,java.lang.String,java.lang.String,java.lang.String,java.lang.String,java.lang.String,java.lang.String,java.lang.String)&amp#27;[0m
  &amp#27;[32mThen &amp#27;[0m&amp#27;[32m&amp#27;[0m&amp#27;[32m&amp#27;[1mUser&amp#27;[0m&amp#27;[32m should see empty surname message&amp#27;[0m                                                         &amp#27;[90m# starter.stepdefinitions.userManagement.RegisterStepsDefinition.displayEmptySurname(net.serenitybdd.screenplay.Actor)&amp#27;[0m
]]></system-out>
    <system-err><![CDATA[Starting ChromeDriver 93.0.4577.63 (ff5c0da2ec0adeaed5550e6c7e98417dac77d98a-refs/branch-heads/4577@{#1135}) on port 31190
Only local connections are allowed.
Please see https://chromedriver.chromium.org/security-considerations for suggestions on keeping ChromeDriver safe.
ChromeDriver was started successfully.
Sep 15, 2021 8:50:35 PM org.openqa.selenium.remote.ProtocolHandshake createSession
INFO: Detected dialect: W3C
]]></system-err>
  </testcase>
  <testcase name="User registers with empty phoneNumber" classname="Register user" time="3.496">
    <system-out><![CDATA[
Scenario: User registers with empty phoneNumber                                                         &amp#27;[90m# src/test/resources/features/userManagement/013register.feature:43&amp#27;[0m
  &amp#27;[32mGiven &amp#27;[0m&amp#27;[32m&amp#27;[0m&amp#27;[32m&amp#27;[1mUser&amp#27;[0m&amp#27;[32m wants to register to web app&amp#27;[0m                                                               &amp#27;[90m# starter.stepdefinitions.userManagement.RegisterStepsDefinition.userWantsToRegister(net.serenitybdd.screenplay.Actor)&amp#27;[0m
  &amp#27;[32mWhen &amp#27;[0m&amp#27;[32m&amp#27;[0m&amp#27;[32m&amp#27;[1mUser&amp#27;[0m&amp#27;[32m enters &amp#27;[0m&amp#27;[32m&amp#27;[1m"user@user.com"&amp#27;[0m&amp#27;[32m &amp#27;[0m&amp#27;[32m&amp#27;[1m"P@assword"&amp#27;[0m&amp#27;[32m &amp#27;[0m&amp#27;[32m&amp#27;[1m"P@assword"&amp#27;[0m&amp#27;[32m &amp#27;[0m&amp#27;[32m&amp#27;[1m"User name"&amp#27;[0m&amp#27;[32m &amp#27;[0m&amp#27;[32m&amp#27;[1m"User surname"&amp#27;[0m&amp#27;[32m &amp#27;[0m&amp#27;[32m&amp#27;[1m""&amp#27;[0m&amp#27;[32m &amp#27;[0m&amp#27;[32m&amp#27;[1m"User address"&amp#27;[0m &amp#27;[90m# starter.stepdefinitions.userManagement.RegisterStepsDefinition.userEntersData(net.serenitybdd.screenplay.Actor,java.lang.String,java.lang.String,java.lang.String,java.lang.String,java.lang.String,java.lang.String,java.lang.String)&amp#27;[0m
  &amp#27;[32mThen &amp#27;[0m&amp#27;[32m&amp#27;[0m&amp#27;[32m&amp#27;[1mUser&amp#27;[0m&amp#27;[32m should see empty phoneNumber message&amp#27;[0m                                                        &amp#27;[90m# starter.stepdefinitions.userManagement.RegisterStepsDefinition.displayEmptyPhoneNumber(net.serenitybdd.screenplay.Actor)&amp#27;[0m
]]></system-out>
    <system-err><![CDATA[Starting ChromeDriver 93.0.4577.63 (ff5c0da2ec0adeaed5550e6c7e98417dac77d98a-refs/branch-heads/4577@{#1135}) on port 21780
Only local connections are allowed.
Please see https://chromedriver.chromium.org/security-considerations for suggestions on keeping ChromeDriver safe.
ChromeDriver was started successfully.
Sep 15, 2021 8:50:39 PM org.openqa.selenium.remote.ProtocolHandshake createSession
INFO: Detected dialect: W3C
]]></system-err>
  </testcase>
  <testcase name="User registers with empty address" classname="Register user" time="3.488">
    <system-out><![CDATA[
Scenario: User registers with empty address                                                          &amp#27;[90m# src/test/resources/features/userManagement/013register.feature:48&amp#27;[0m
  &amp#27;[32mGiven &amp#27;[0m&amp#27;[32m&amp#27;[0m&amp#27;[32m&amp#27;[1mUser&amp#27;[0m&amp#27;[32m wants to register to web app&amp#27;[0m                                                            &amp#27;[90m# starter.stepdefinitions.userManagement.RegisterStepsDefinition.userWantsToRegister(net.serenitybdd.screenplay.Actor)&amp#27;[0m
  &amp#27;[32mWhen &amp#27;[0m&amp#27;[32m&amp#27;[0m&amp#27;[32m&amp#27;[1mUser&amp#27;[0m&amp#27;[32m enters &amp#27;[0m&amp#27;[32m&amp#27;[1m"user@user.com"&amp#27;[0m&amp#27;[32m &amp#27;[0m&amp#27;[32m&amp#27;[1m"P@assword"&amp#27;[0m&amp#27;[32m &amp#27;[0m&amp#27;[32m&amp#27;[1m"P@assword"&amp#27;[0m&amp#27;[32m &amp#27;[0m&amp#27;[32m&amp#27;[1m"User name"&amp#27;[0m&amp#27;[32m &amp#27;[0m&amp#27;[32m&amp#27;[1m"User surname"&amp#27;[0m&amp#27;[32m &amp#27;[0m&amp#27;[32m&amp#27;[1m"070123456"&amp#27;[0m&amp#27;[32m &amp#27;[0m&amp#27;[32m&amp#27;[1m""&amp#27;[0m &amp#27;[90m# starter.stepdefinitions.userManagement.RegisterStepsDefinition.userEntersData(net.serenitybdd.screenplay.Actor,java.lang.String,java.lang.String,java.lang.String,java.lang.String,java.lang.String,java.lang.String,java.lang.String)&amp#27;[0m
  &amp#27;[32mThen &amp#27;[0m&amp#27;[32m&amp#27;[0m&amp#27;[32m&amp#27;[1mUser&amp#27;[0m&amp#27;[32m should see empty address message&amp#27;[0m                                                         &amp#27;[90m# starter.stepdefinitions.userManagement.RegisterStepsDefinition.displayEmptyAddress(net.serenitybdd.screenplay.Actor)&amp#27;[0m
]]></system-out>
    <system-err><![CDATA[Starting ChromeDriver 93.0.4577.63 (ff5c0da2ec0adeaed5550e6c7e98417dac77d98a-refs/branch-heads/4577@{#1135}) on port 45179
Only local connections are allowed.
Please see https://chromedriver.chromium.org/security-considerations for suggestions on keeping ChromeDriver safe.
ChromeDriver was started successfully.
Sep 15, 2021 8:50:42 PM org.openqa.selenium.remote.ProtocolHandshake createSession
INFO: Detected dialect: W3C
]]></system-err>
  </testcase>
</testsuite>